Starting QoRTs v1.1.8 (Compiled Wed Jul 13 13:35:56 EDT 2016)
Starting time: (Fri Jan 27 01:22:08 EST 2017)
INPUT_COMMAND(QC)
  INPUT_ARG(infile)=/mnt/mobydisk/pan/genomics/data/alee/nolan/projects/breast-mets/rna-seq/bone/43P/43P-star-2.4.2a-counts-ensemblv80/43P.star.sorted.bam
  INPUT_ARG(gtffile)=/mnt/mobydisk/pan/genomics/data/alee/nolan/apps/star/reference-files/Homo_sapiens.GRCh38.80.gtf
  INPUT_ARG(outdir)=/mnt/mobydisk/pan/genomics/data/alee/nolan/projects/breast-mets/rna-seq/bone/43P/43P-qorts-v1.1.8
  INPUT_ARG(stranded)=true
Created Log File: /mnt/mobydisk/pan/genomics/data/alee/nolan/projects/breast-mets/rna-seq/bone/43P/43P-qorts-v1.1.8/QC.JL0fTmamsW6Z.log
Starting QC
[Time: 2017-01-27 01:22:08] [Mem usage: [75MB / 2058MB]] [Elapsed Time: 00:00:00.0000]
QoRTs is Running in paired-end mode.
QoRTs is Running in any-sorted mode.
Running functions: NVC, GCDistribution, GeneCalcs, QualityScoreDistribution, 
        writeJunctionSeqCounts, writeKnownSplices, 
        writeNovelSplices, writeClippedNVC, CigarOpDistribution, 
        InsertSize, chromCounts, writeSpliceExon, 
        writeGenewiseGeneBody, JunctionCalcs, writeGeneCounts, 
        writeBiotypeCounts, writeDESeq, writeDEXSeq, writeGeneBody, 
        StrandCheck
Pre-alignment read count unknown (Set --seqReadCt or --rawfastq)
Checking first 10000 reads. Checking SAM file for formatting errors...
   Sorting Note: Reads are not sorted by name (This is OK).
   Sorting Note: Reads are sorted by position (This is OK).
Done checking first 10000 reads. No major problems detected.
SAMRecord Reader Generated. Read length: 75.
[Time: 2017-01-27 01:22:10] [Mem usage: [125MB / 2058MB]] [Elapsed Time: 00:00:01.0880]
Compiling flat feature annotation, internally in memory...
Internal flat feature annotation compiled!
QC Utilities Generated!
[Time: 2017-01-27 01:26:05] [Mem usage: [4541MB / 6GB]] [Elapsed Time: 00:03:57.0249]
.......
NOTE: Unmatched Read Buffer Size > 100000 [Mem usage:[4524MB / 7GB]]
    (This is generally not a problem, but if this increases further then OutOfMemoryExceptions
    may occur.
    If memory errors do occur, either increase memory allocation or sort the bam-file by name
    and rerun with the '--nameSorted' option.
    This might also indicate that your dataset contains an unusually large number of
    chimeric read-pairs. Or it could occur simply due to the presence of genomic
    loci with extremly high coverage. It may also indicate a SAM/BAM file that 
    does not adhere to the standard SAM specification.)
NOTE: Unmatched Read Buffer Size > 200000 [Mem usage:[4759MB / 7GB]]
...[1000000 Read-Pairs processed] [Time: 2017-01-27 01:28:04] 
NOTE: Unmatched Read Buffer Size > 400000 [Mem usage:[4089MB / 7GB]]
..........[2000000 Read-Pairs processed] [Time: 2017-01-27 01:30:14] 
..........[3000000 Read-Pairs processed] [Time: 2017-01-27 01:32:07] 
..........[4000000 Read-Pairs processed] [Time: 2017-01-27 01:33:14] 
..........[5000000 Read-Pairs processed] [Time: 2017-01-27 01:35:07] 
..........[6000000 Read-Pairs processed] [Time: 2017-01-27 01:37:07] 
..........[7000000 Read-Pairs processed] [Time: 2017-01-27 01:39:10] 
..........[8000000 Read-Pairs processed] [Time: 2017-01-27 01:41:05] 
..........[9000000 Read-Pairs processed] [Time: 2017-01-27 01:41:47] 
..........[10000000 Read-Pairs processed] [Time: 2017-01-27 01:43:35] 
..........[11000000 Read-Pairs processed] [Time: 2017-01-27 01:45:45] 
..........[12000000 Read-Pairs processed] [Time: 2017-01-27 01:47:36] 
..........[13000000 Read-Pairs processed] [Time: 2017-01-27 01:49:30] 
..........[14000000 Read-Pairs processed] [Time: 2017-01-27 01:51:26] 
..........[15000000 Read-Pairs processed] [Time: 2017-01-27 01:53:21] 
..........[16000000 Read-Pairs processed] [Time: 2017-01-27 01:55:21] 
..........[17000000 Read-Pairs processed] [Time: 2017-01-27 01:57:18] 
..........[18000000 Read-Pairs processed] [Time: 2017-01-27 01:59:25] 
..........[19000000 Read-Pairs processed] [Time: 2017-01-27 02:01:37] 
..........[20000000 Read-Pairs processed] [Time: 2017-01-27 02:03:36] 
..........[21000000 Read-Pairs processed] [Time: 2017-01-27 02:05:41] 
..........[22000000 Read-Pairs processed] [Time: 2017-01-27 02:07:49] 
..........[23000000 Read-Pairs processed] [Time: 2017-01-27 02:09:27] 
..........[24000000 Read-Pairs processed] [Time: 2017-01-27 02:11:30] 
..........[25000000 Read-Pairs processed] [Time: 2017-01-27 02:13:06] 
..........[26000000 Read-Pairs processed] [Time: 2017-01-27 02:14:26] 
..........[27000000 Read-Pairs processed] [Time: 2017-01-27 02:15:24] 
..........[28000000 Read-Pairs processed] [Time: 2017-01-27 02:17:23] 
..........[29000000 Read-Pairs processed] [Time: 2017-01-27 02:18:29] 
..........[30000000 Read-Pairs processed] [Time: 2017-01-27 02:20:21] 
..........[31000000 Read-Pairs processed] [Time: 2017-01-27 02:22:22] 
..........[32000000 Read-Pairs processed] [Time: 2017-01-27 02:24:30] 
..........[33000000 Read-Pairs processed] [Time: 2017-01-27 02:26:31] 
..........[34000000 Read-Pairs processed] [Time: 2017-01-27 02:28:33] 
..........[35000000 Read-Pairs processed] [Time: 2017-01-27 02:30:41] 
..........[36000000 Read-Pairs processed] [Time: 2017-01-27 02:32:07] 
..........[37000000 Read-Pairs processed] [Time: 2017-01-27 02:34:03] 
..........[38000000 Read-Pairs processed] [Time: 2017-01-27 02:36:10] 
..........[39000000 Read-Pairs processed] [Time: 2017-01-27 02:38:10] 
..........[40000000 Read-Pairs processed] [Time: 2017-01-27 02:39:29] 
..........[41000000 Read-Pairs processed] [Time: 2017-01-27 02:39:49] 
..........[42000000 Read-Pairs processed] [Time: 2017-01-27 02:41:22] 
..........[43000000 Read-Pairs processed] [Time: 2017-01-27 02:43:24] 
..........[44000000 Read-Pairs processed] [Time: 2017-01-27 02:45:28] 
..........[45000000 Read-Pairs processed] [Time: 2017-01-27 02:47:29] 
..........[46000000 Read-Pairs processed] [Time: 2017-01-27 02:49:30] 
..........[47000000 Read-Pairs processed] [Time: 2017-01-27 02:51:22] 
..........[48000000 Read-Pairs processed] [Time: 2017-01-27 02:53:24] 
..........[49000000 Read-Pairs processed] [Time: 2017-01-27 02:55:29] 
..........[50000000 Read-Pairs processed] [Time: 2017-01-27 02:56:23] 
..........[51000000 Read-Pairs processed] [Time: 2017-01-27 02:58:24] 
..........[52000000 Read-Pairs processed] [Time: 2017-01-27 03:00:28] 
..........[53000000 Read-Pairs processed] [Time: 2017-01-27 03:01:57] 
..........[54000000 Read-Pairs processed] [Time: 2017-01-27 03:03:56] 
..........[55000000 Read-Pairs processed] [Time: 2017-01-27 03:05:54] 
..........[56000000 Read-Pairs processed] [Time: 2017-01-27 03:07:56] 
..........[57000000 Read-Pairs processed] [Time: 2017-01-27 03:09:55] 
..........[58000000 Read-Pairs processed] [Time: 2017-01-27 03:11:52] 
..........[59000000 Read-Pairs processed] [Time: 2017-01-27 03:13:53] 
..........[60000000 Read-Pairs processed] [Time: 2017-01-27 03:15:29] 
......
Finished reading SAM. Read: 60649127 reads/read-pairs.
Finished reading SAM. Used: 50491733 reads/read-pairs.
[Time: 2017-01-27 03:16:01] [Mem usage: [7GB / 15GB]] [Elapsed Time: 01:53:53.0040]
> Read Stats:
>   READ_PAIR_OK                   50491733
>   TOTAL_READ_PAIRS               60649127
>   DROPPED_NOT_PROPER_PAIR        0
>   DROPPED_READ_FAILS_VENDOR_QC   0
>   DROPPED_MARKED_NOT_VALID       0
>   DROPPED_CHROMS_MISMATCH        0
>   DROPPED_PAIR_STRANDS_MISMATCH  0
>   DROPPED_IGNORED_CHROMOSOME     0
>   DROPPED_NOT_UNIQUE_ALIGNMENT   10157394
Writing Output...
QoRTs QC complete with no problems.
Done.
Time spent on setup:           00:03:57.0249
Time spent on SAM iteration:   01:49:55.0791
                               (1.8123371613686488 minutes per million read-pairs)
                               (2.176924025694794 minutes per million read-pairs used)
Time spent on file output:     00:02:50.0285
Total runtime:                 01:56:43.0325
Done. (Fri Jan 27 03:18:51 EST 2017)
