Starting QoRTs v1.1.8 (Compiled Wed Jul 13 13:35:56 EDT 2016)
Starting time: (Wed Oct 12 11:19:45 EDT 2016)
INPUT_COMMAND(QC)
  INPUT_ARG(infile)=/mnt/mobydisk/pan/genomics/data/alee/nolan/projects/breast-mets/rna-seq/brain/orphan/BPF72/BPF72-star-2.4.2a-counts-ensemblv80/BPF72.star.sorted.bam
  INPUT_ARG(gtffile)=/mnt/mobydisk/pan/genomics/data/alee/nolan/apps/star/reference-files/Homo_sapiens.GRCh38.80.gtf
  INPUT_ARG(outdir)=/mnt/mobydisk/pan/genomics/data/alee/nolan/projects/breast-mets/rna-seq/brain/orphan/BPF72/BPF72-qorts-v1.1.8
  INPUT_ARG(stranded)=true
Created Log File: /mnt/mobydisk/pan/genomics/data/alee/nolan/projects/breast-mets/rna-seq/brain/orphan/BPF72/BPF72-qorts-v1.1.8/QC.IZtjoLhiAj3w.log
Starting QC
[Time: 2016-10-12 11:19:45] [Mem usage: [75MB / 2058MB]] [Elapsed Time: 00:00:00.0000]
QoRTs is Running in paired-end mode.
QoRTs is Running in any-sorted mode.
Running functions: NVC, GCDistribution, GeneCalcs, QualityScoreDistribution, 
        writeJunctionSeqCounts, writeKnownSplices, 
        writeNovelSplices, writeClippedNVC, CigarOpDistribution, 
        InsertSize, chromCounts, writeSpliceExon, 
        writeGenewiseGeneBody, JunctionCalcs, writeGeneCounts, 
        writeBiotypeCounts, writeDESeq, writeDEXSeq, writeGeneBody, 
        StrandCheck
Pre-alignment read count unknown (Set --seqReadCt or --rawfastq)
Checking first 10000 reads. Checking SAM file for formatting errors...
   Stats on the first 10000 reads:
        Num Reads Primary Map:    2671
        Num Reads Paired-ended:   10000
        Num Reads mapped pair:    2671
        Num Pair names found:     1433
        Num Pairs matched:        1238
        Read Seq length:          75 to 75
        Unclipped Read length:    75 to 75
        Final maxReadLength:      75
        maxPhredScore:            36
        minPhredScore:            2
   Note: Data appears to be paired-ended.
   Sorting Note: Reads are not sorted by name (This is OK).
   Sorting Note: Reads are sorted by position (This is OK).
Done checking first 10000 reads. No major problems detected.
SAMRecord Reader Generated. Read length: 75.
[Time: 2016-10-12 11:19:47] [Mem usage: [125MB / 2058MB]] [Elapsed Time: 00:00:01.0687]
> Init GeneCalcs Utility
helper_calculateGeneAssignmentMap_strict. Found: 65217 genes in the supplied annotation.
helper_calculateGeneAssignmentMap_strict. Found: 7018 genes with ambiguous segments.
helper_calculateGeneAssignmentMap_strict. Found: 58199 genes after first-pass filtering
making makeGeneIntervalMap for geneBody calculations. Found: 58199 acceptable genes for gene-body analysis.
Compiling flat feature annotation, internally in memory...
FlatteningGtf: starting...(2016-10-12 11:21:50)
    FlatteningGtf: gtf file read complete.(2016-10-12 11:23:30)
    FlatteningGtf: Splice Junction Map read.(2016-10-12 11:23:33)
    FlatteningGtf: gene Sets generated.(2016-10-12 11:23:35)
    FlatteningGtf: Aggregate Sets built.
    FlatteningGtf: Compiling Aggregate Info . . . (2016-10-12 11:23:35)
    FlatteningGtf: Finished Compiling Aggregate Info. (2016-10-12 11:23:35)
    FlatteningGtf: Iterating through the step-vector...(2016-10-12 11:23:35)
    FlatteningGtf: Adding the aggregate genes themselves...(2016-10-12 11:23:37)
    FlatteningGtf: Iterating through the splice junctions...(2016-10-12 11:23:38)
    FlatteningGtf: Sorting the aggregate genes...(2016-10-12 11:23:39)
    FlatteningGtf: Folding the FlatGtfLine iterator...(2016-10-12 11:23:39)
    FlatteningGtf: Features Built.(2016-10-12 11:23:39)
Internal flat feature annotation compiled!
> Init InsertSize Utility
> Init NVC utility
> Init CigarOpDistribution Utility
> Init QualityScoreDistribution Utility
> Init GC counts Utility
> Init JunctionCalcs utility
length of knownSpliceMap after instantiation: 374703
length of knownCountMap after instantiation: 374703
> Init StrandCheck Utility
> Init chromCount Utility
QC Utilities Generated!
[Time: 2016-10-12 11:23:47] [Mem usage: [2539MB / 8GB]] [Elapsed Time: 00:04:01.0624]
.....
NOTE: Unmatched Read Buffer Size > 100000 [Mem usage:[6GB / 10GB]]
    (This is generally not a problem, but if this increases further then OutOfMemoryExceptions
    may occur.
    If memory errors do occur, either increase memory allocation or sort the bam-file by name
    and rerun with the '--nameSorted' option.
    This might also indicate that your dataset contains an unusually large number of
    chimeric read-pairs. Or it could occur simply due to the presence of genomic
    loci with extremly high coverage. It may also indicate a SAM/BAM file that 
    does not adhere to the standard SAM specification.)
.....[1000000 Read-Pairs processed] [Time: 2016-10-12 11:25:56] 
..........[2000000 Read-Pairs processed] [Time: 2016-10-12 11:27:26] 
..........[3000000 Read-Pairs processed] [Time: 2016-10-12 11:29:22] 
..........[4000000 Read-Pairs processed] [Time: 2016-10-12 11:31:22] 
..........[5000000 Read-Pairs processed] [Time: 2016-10-12 11:32:57] 
..........[6000000 Read-Pairs processed] [Time: 2016-10-12 11:34:51] 
..........[7000000 Read-Pairs processed] [Time: 2016-10-12 11:36:36] 
..........[8000000 Read-Pairs processed] [Time: 2016-10-12 11:38:19] 
.
NOTE: Unmatched Read Buffer Size > 200000 [Mem usage:[3848MB / 12GB]]
.
NOTE: Unmatched Read Buffer Size > 400000 [Mem usage:[6GB / 12GB]]
........[9000000 Read-Pairs processed] [Time: 2016-10-12 13:24:27] 
..........[10000000 Read-Pairs processed] [Time: 2016-10-12 13:25:42] 
..........[11000000 Read-Pairs processed] [Time: 2016-10-12 13:27:22] 
..........[12000000 Read-Pairs processed] [Time: 2016-10-12 13:33:29] 
..........[13000000 Read-Pairs processed] [Time: 2016-10-12 13:34:32] 
..........[14000000 Read-Pairs processed] [Time: 2016-10-12 13:36:39] 
..........[15000000 Read-Pairs processed] [Time: 2016-10-12 13:38:45] 
..........[16000000 Read-Pairs processed] [Time: 2016-10-12 13:41:18] 
..........[17000000 Read-Pairs processed] [Time: 2016-10-12 13:43:18] 
..........[18000000 Read-Pairs processed] [Time: 2016-10-12 13:47:59] 
..........[19000000 Read-Pairs processed] [Time: 2016-10-12 13:49:46] 
..........[20000000 Read-Pairs processed] [Time: 2016-10-12 13:51:57] 
..........[21000000 Read-Pairs processed] [Time: 2016-10-12 13:52:30] 
..........[22000000 Read-Pairs processed] [Time: 2016-10-12 13:53:23] 
..........[23000000 Read-Pairs processed] [Time: 2016-10-12 13:59:06] 
..........[24000000 Read-Pairs processed] [Time: 2016-10-12 14:01:31] 
..........[25000000 Read-Pairs processed] [Time: 2016-10-12 14:03:41] 
..........[26000000 Read-Pairs processed] [Time: 2016-10-12 14:05:45] 
..........[27000000 Read-Pairs processed] [Time: 2016-10-12 14:06:49] 
..........[28000000 Read-Pairs processed] [Time: 2016-10-12 14:07:12] 
..........[29000000 Read-Pairs processed] [Time: 2016-10-12 14:08:27] 
..........[30000000 Read-Pairs processed] [Time: 2016-10-12 14:11:53] 
..........[31000000 Read-Pairs processed] [Time: 2016-10-12 14:15:13] 
..........[32000000 Read-Pairs processed] [Time: 2016-10-12 14:17:38] 
..........[33000000 Read-Pairs processed] [Time: 2016-10-12 14:22:17] 
..........[34000000 Read-Pairs processed] [Time: 2016-10-12 14:31:14] 
..........[35000000 Read-Pairs processed] [Time: 2016-10-12 14:32:11] 
.......
Finished reading SAM. Read: 35799763 reads/read-pairs.
Finished reading SAM. Used: 25825328 reads/read-pairs.
[Time: 2016-10-12 14:32:47] [Mem usage: [12GB / 15GB]] [Elapsed Time: 03:13:02.0384]
> Read Stats:
>   READ_PAIR_OK                   25825328
>   TOTAL_READ_PAIRS               35799763
>   DROPPED_NOT_PROPER_PAIR        0
>   DROPPED_READ_FAILS_VENDOR_QC   0
>   DROPPED_MARKED_NOT_VALID       0
>   DROPPED_CHROMS_MISMATCH        0
>   DROPPED_PAIR_STRANDS_MISMATCH  0
>   DROPPED_IGNORED_CHROMOSOME     0
>   DROPPED_NOT_UNIQUE_ALIGNMENT   9974435
Writing Output...
DEBUG NOTE: IncludeGenesSet.size: 58199
DEBUG NOTE: sortedReadCountSeq.size: 19002
DEBUG NOTE: coverageThresholds: 9501;14251;17101;19002
DEBUG NOTE: coverageSpans: [(0,9501);(9501,14251);(14251,17101);(17101,19002)]
DEBUG NOTE:	[1.bottomHalf][0.5] = [0,9501]
DEBUG NOTE:	[2.upperMidQuartile][0.75] = [9501,14251]
DEBUG NOTE:	[3.75to90][0.9] = [14251,17101]
DEBUG NOTE:	[4.high][1.0] = [17101,19002]
      (DEBUG) Generating Biotype Map [2016-10-12 14:32:57]
      (DEBUG) Extracted gene BioType using key "gene_biotype".
              Found 44 types: [TR_V_gene,unprocessed_pseudogene,protein_coding,IG_V_gene,TR_J_gene,Mt_tRNA,rRNA,TR_C_gene,TEC,vaultRNA,translated_processed_pseudogene,miRNA,scaRNA,TR_D_gene,snRNA,TR_V_pseudogene,snoRNA,transcribed_processed_pseudogene,IG_J_pseudogene,processed_transcript,TR_J_pseudogene,IG_V_pseudogene,3prime_overlapping_ncrna,IG_J_gene,processed_pseudogene,transcribed_unitary_pseudogene,IG_C_pseudogene,sense_overlapping,transcribed_unprocessed_pseudogene,lincRNA,translated_unprocessed_pseudogene,IG_C_gene,misc_RNA,ribozyme,IG_D_gene,polymorphic_pseudogene,antisense,Mt_rRNA,unitary_pseudogene,pseudogene,sRNA,non_coding,macro_lncRNA,sense_intronic]
      (DEBUG) Finished Biotype Map [2016-10-12 14:35:24]
length of knownCountMap after run: 374703
QoRTs QC complete with no problems.
Done.
Time spent on setup:           00:04:01.0625
Time spent on SAM iteration:   03:09:00.0759
                               (5.279364558921801 minutes per million read-pairs)
                               (7.318396885414195 minutes per million read-pairs used)
Time spent on file output:     00:02:46.0086
Total runtime:                 03:15:48.0470
Done. (Wed Oct 12 14:35:33 EDT 2016)
