Starting QoRTs v1.1.8 (Compiled Wed Jul 13 13:35:56 EDT 2016)
Starting time: (Fri Jan 27 00:54:47 EST 2017)
INPUT_COMMAND(QC)
  INPUT_ARG(infile)=/mnt/mobydisk/pan/genomics/data/alee/nolan/projects/breast-mets/rna-seq/bone/19P/19P-star-2.4.2a-counts-ensemblv80/19P.star.sorted.bam
  INPUT_ARG(gtffile)=/mnt/mobydisk/pan/genomics/data/alee/nolan/apps/star/reference-files/Homo_sapiens.GRCh38.80.gtf
  INPUT_ARG(outdir)=/mnt/mobydisk/pan/genomics/data/alee/nolan/projects/breast-mets/rna-seq/bone/19P/19P-qorts-v1.1.8
  INPUT_ARG(stranded)=true
Created Log File: /mnt/mobydisk/pan/genomics/data/alee/nolan/projects/breast-mets/rna-seq/bone/19P/19P-qorts-v1.1.8/QC.FivMQr9k0Xsn.log
Starting QC
[Time: 2017-01-27 00:54:47] [Mem usage: [75MB / 2058MB]] [Elapsed Time: 00:00:00.0000]
QoRTs is Running in paired-end mode.
QoRTs is Running in any-sorted mode.
Running functions: NVC, GCDistribution, GeneCalcs, QualityScoreDistribution, 
        writeJunctionSeqCounts, writeKnownSplices, 
        writeNovelSplices, writeClippedNVC, CigarOpDistribution, 
        InsertSize, chromCounts, writeSpliceExon, 
        writeGenewiseGeneBody, JunctionCalcs, writeGeneCounts, 
        writeBiotypeCounts, writeDESeq, writeDEXSeq, writeGeneBody, 
        StrandCheck
Pre-alignment read count unknown (Set --seqReadCt or --rawfastq)
Checking first 10000 reads. Checking SAM file for formatting errors...
   Sorting Note: Reads are not sorted by name (This is OK).
   Sorting Note: Reads are sorted by position (This is OK).
Done checking first 10000 reads. No major problems detected.
SAMRecord Reader Generated. Read length: 75.
[Time: 2017-01-27 00:54:49] [Mem usage: [131MB / 2058MB]] [Elapsed Time: 00:00:01.0776]
Compiling flat feature annotation, internally in memory...
Internal flat feature annotation compiled!
QC Utilities Generated!
[Time: 2017-01-27 00:58:46] [Mem usage: [4179MB / 6GB]] [Elapsed Time: 00:03:58.0421]
..........[1000000 Read-Pairs processed] [Time: 2017-01-27 01:00:41] 
..........[2000000 Read-Pairs processed] [Time: 2017-01-27 01:02:39] 
..........[3000000 Read-Pairs processed] [Time: 2017-01-27 01:04:15] 
..........[4000000 Read-Pairs processed] [Time: 2017-01-27 01:06:13] 
..........[5000000 Read-Pairs processed] [Time: 2017-01-27 01:08:05] 
..........[6000000 Read-Pairs processed] [Time: 2017-01-27 01:10:03] 
..........[7000000 Read-Pairs processed] [Time: 2017-01-27 01:11:41] 
..........[8000000 Read-Pairs processed] [Time: 2017-01-27 01:13:31] 
..........[9000000 Read-Pairs processed] [Time: 2017-01-27 01:15:28] 
..........[10000000 Read-Pairs processed] [Time: 2017-01-27 01:17:24] 
..........[11000000 Read-Pairs processed] [Time: 2017-01-27 01:19:09] 
..........[12000000 Read-Pairs processed] [Time: 2017-01-27 01:21:08] 
..........[13000000 Read-Pairs processed] [Time: 2017-01-27 01:22:48] 
..........[14000000 Read-Pairs processed] [Time: 2017-01-27 01:24:44] 
..........[15000000 Read-Pairs processed] [Time: 2017-01-27 01:25:53] 
..........[16000000 Read-Pairs processed] [Time: 2017-01-27 01:27:30] 
......
NOTE: Unmatched Read Buffer Size > 100000 [Mem usage:[3737MB / 11GB]]
    (This is generally not a problem, but if this increases further then OutOfMemoryExceptions
    may occur.
    If memory errors do occur, either increase memory allocation or sort the bam-file by name
    and rerun with the '--nameSorted' option.
    This might also indicate that your dataset contains an unusually large number of
    chimeric read-pairs. Or it could occur simply due to the presence of genomic
    loci with extremly high coverage. It may also indicate a SAM/BAM file that 
    does not adhere to the standard SAM specification.)
....[17000000 Read-Pairs processed] [Time: 2017-01-27 01:28:47] 
..........[18000000 Read-Pairs processed] [Time: 2017-01-27 01:30:35] 
..........[19000000 Read-Pairs processed] [Time: 2017-01-27 01:32:40] 
..........[20000000 Read-Pairs processed] [Time: 2017-01-27 01:34:34] 
..........[21000000 Read-Pairs processed] [Time: 2017-01-27 01:36:31] 
..........[22000000 Read-Pairs processed] [Time: 2017-01-27 01:38:26] 
..........[23000000 Read-Pairs processed] [Time: 2017-01-27 01:40:20] 
..........[24000000 Read-Pairs processed] [Time: 2017-01-27 01:42:03] 
..........[25000000 Read-Pairs processed] [Time: 2017-01-27 01:44:05] 
..........[26000000 Read-Pairs processed] [Time: 2017-01-27 01:46:08] 
..........[27000000 Read-Pairs processed] [Time: 2017-01-27 01:48:10] 
..........[28000000 Read-Pairs processed] [Time: 2017-01-27 01:49:38] 
..........[29000000 Read-Pairs processed] [Time: 2017-01-27 01:51:10] 
..........[30000000 Read-Pairs processed] [Time: 2017-01-27 01:53:06] 
..........[31000000 Read-Pairs processed] [Time: 2017-01-27 01:55:04] 
..........[32000000 Read-Pairs processed] [Time: 2017-01-27 01:57:01] 
..........[33000000 Read-Pairs processed] [Time: 2017-01-27 01:58:58] 
..........[34000000 Read-Pairs processed] [Time: 2017-01-27 02:00:40] 
..........[35000000 Read-Pairs processed] [Time: 2017-01-27 02:02:30] 
..........[36000000 Read-Pairs processed] [Time: 2017-01-27 02:04:09] 
..........[37000000 Read-Pairs processed] [Time: 2017-01-27 02:06:03] 
..........[38000000 Read-Pairs processed] [Time: 2017-01-27 02:07:47] 
..........[39000000 Read-Pairs processed] [Time: 2017-01-27 02:09:57] 
..........[40000000 Read-Pairs processed] [Time: 2017-01-27 02:11:46] 
..........[41000000 Read-Pairs processed] [Time: 2017-01-27 02:13:43] 
..........[42000000 Read-Pairs processed] [Time: 2017-01-27 02:15:36] 
..........[43000000 Read-Pairs processed] [Time: 2017-01-27 02:17:31] 
..........[44000000 Read-Pairs processed] [Time: 2017-01-27 02:19:09] 
.
Finished reading SAM. Read: 44134929 reads/read-pairs.
Finished reading SAM. Used: 39592410 reads/read-pairs.
[Time: 2017-01-27 02:19:19] [Mem usage: [3535MB / 15GB]] [Elapsed Time: 01:24:31.0462]
> Read Stats:
>   READ_PAIR_OK                   39592410
>   TOTAL_READ_PAIRS               44134929
>   DROPPED_NOT_PROPER_PAIR        0
>   DROPPED_READ_FAILS_VENDOR_QC   0
>   DROPPED_MARKED_NOT_VALID       0
>   DROPPED_CHROMS_MISMATCH        0
>   DROPPED_PAIR_STRANDS_MISMATCH  0
>   DROPPED_IGNORED_CHROMOSOME     0
>   DROPPED_NOT_UNIQUE_ALIGNMENT   4542519
Writing Output...
QoRTs QC complete with no problems.
Done.
Time spent on setup:           00:03:58.0422
Time spent on SAM iteration:   01:20:33.0041
                               (1.825085070375892 minutes per million read-pairs)
                               (2.034480851254066 minutes per million read-pairs used)
Time spent on file output:     00:02:49.0737
Total runtime:                 01:27:21.0200
Done. (Fri Jan 27 02:22:08 EST 2017)
