Starting QoRTs v1.1.8 (Compiled Wed Jul 13 13:35:56 EDT 2016)
Starting time: (Fri Jan 27 00:54:47 EST 2017)
INPUT_COMMAND(QC)
  INPUT_ARG(infile)=/mnt/mobydisk/pan/genomics/data/alee/nolan/projects/breast-mets/rna-seq/bone/19P/19P-star-2.4.2a-counts-ensemblv80/19P.star.sorted.bam
  INPUT_ARG(gtffile)=/mnt/mobydisk/pan/genomics/data/alee/nolan/apps/star/reference-files/Homo_sapiens.GRCh38.80.gtf
  INPUT_ARG(outdir)=/mnt/mobydisk/pan/genomics/data/alee/nolan/projects/breast-mets/rna-seq/bone/19P/19P-qorts-v1.1.8
  INPUT_ARG(stranded)=true
Created Log File: /mnt/mobydisk/pan/genomics/data/alee/nolan/projects/breast-mets/rna-seq/bone/19P/19P-qorts-v1.1.8/QC.FivMQr9k0Xsn.log
Starting QC
[Time: 2017-01-27 00:54:47] [Mem usage: [75MB / 2058MB]] [Elapsed Time: 00:00:00.0000]
QoRTs is Running in paired-end mode.
QoRTs is Running in any-sorted mode.
Running functions: NVC, GCDistribution, GeneCalcs, QualityScoreDistribution, 
        writeJunctionSeqCounts, writeKnownSplices, 
        writeNovelSplices, writeClippedNVC, CigarOpDistribution, 
        InsertSize, chromCounts, writeSpliceExon, 
        writeGenewiseGeneBody, JunctionCalcs, writeGeneCounts, 
        writeBiotypeCounts, writeDESeq, writeDEXSeq, writeGeneBody, 
        StrandCheck
Pre-alignment read count unknown (Set --seqReadCt or --rawfastq)
Checking first 10000 reads. Checking SAM file for formatting errors...
   Stats on the first 10000 reads:
        Num Reads Primary Map:    3133
        Num Reads Paired-ended:   10000
        Num Reads mapped pair:    3133
        Num Pair names found:     1626
        Num Pairs matched:        1507
        Read Seq length:          75 to 75
        Unclipped Read length:    75 to 75
        Final maxReadLength:      75
        maxPhredScore:            36
        minPhredScore:            2
   Note: Data appears to be paired-ended.
   Sorting Note: Reads are not sorted by name (This is OK).
   Sorting Note: Reads are sorted by position (This is OK).
Done checking first 10000 reads. No major problems detected.
SAMRecord Reader Generated. Read length: 75.
[Time: 2017-01-27 00:54:49] [Mem usage: [131MB / 2058MB]] [Elapsed Time: 00:00:01.0776]
> Init GeneCalcs Utility
helper_calculateGeneAssignmentMap_strict. Found: 65217 genes in the supplied annotation.
helper_calculateGeneAssignmentMap_strict. Found: 7018 genes with ambiguous segments.
helper_calculateGeneAssignmentMap_strict. Found: 58199 genes after first-pass filtering
making makeGeneIntervalMap for geneBody calculations. Found: 58199 acceptable genes for gene-body analysis.
Compiling flat feature annotation, internally in memory...
FlatteningGtf: starting...(2017-01-27 00:56:44)
    FlatteningGtf: gtf file read complete.(2017-01-27 00:58:28)
    FlatteningGtf: Splice Junction Map read.(2017-01-27 00:58:30)
    FlatteningGtf: gene Sets generated.(2017-01-27 00:58:32)
    FlatteningGtf: Aggregate Sets built.
    FlatteningGtf: Compiling Aggregate Info . . . (2017-01-27 00:58:32)
    FlatteningGtf: Finished Compiling Aggregate Info. (2017-01-27 00:58:32)
    FlatteningGtf: Iterating through the step-vector...(2017-01-27 00:58:32)
    FlatteningGtf: Adding the aggregate genes themselves...(2017-01-27 00:58:34)
    FlatteningGtf: Iterating through the splice junctions...(2017-01-27 00:58:34)
    FlatteningGtf: Sorting the aggregate genes...(2017-01-27 00:58:39)
    FlatteningGtf: Folding the FlatGtfLine iterator...(2017-01-27 00:58:39)
    FlatteningGtf: Features Built.(2017-01-27 00:58:39)
Internal flat feature annotation compiled!
> Init InsertSize Utility
> Init NVC utility
> Init CigarOpDistribution Utility
> Init QualityScoreDistribution Utility
> Init GC counts Utility
> Init JunctionCalcs utility
length of knownSpliceMap after instantiation: 374703
length of knownCountMap after instantiation: 374703
> Init StrandCheck Utility
> Init chromCount Utility
QC Utilities Generated!
[Time: 2017-01-27 00:58:46] [Mem usage: [4179MB / 6GB]] [Elapsed Time: 00:03:58.0421]
..........[1000000 Read-Pairs processed] [Time: 2017-01-27 01:00:41] 
..........[2000000 Read-Pairs processed] [Time: 2017-01-27 01:02:39] 
..........[3000000 Read-Pairs processed] [Time: 2017-01-27 01:04:15] 
..........[4000000 Read-Pairs processed] [Time: 2017-01-27 01:06:13] 
..........[5000000 Read-Pairs processed] [Time: 2017-01-27 01:08:05] 
..........[6000000 Read-Pairs processed] [Time: 2017-01-27 01:10:03] 
..........[7000000 Read-Pairs processed] [Time: 2017-01-27 01:11:41] 
..........[8000000 Read-Pairs processed] [Time: 2017-01-27 01:13:31] 
..........[9000000 Read-Pairs processed] [Time: 2017-01-27 01:15:28] 
..........[10000000 Read-Pairs processed] [Time: 2017-01-27 01:17:24] 
..........[11000000 Read-Pairs processed] [Time: 2017-01-27 01:19:09] 
..........[12000000 Read-Pairs processed] [Time: 2017-01-27 01:21:08] 
..........[13000000 Read-Pairs processed] [Time: 2017-01-27 01:22:48] 
..........[14000000 Read-Pairs processed] [Time: 2017-01-27 01:24:44] 
..........[15000000 Read-Pairs processed] [Time: 2017-01-27 01:25:53] 
..........[16000000 Read-Pairs processed] [Time: 2017-01-27 01:27:30] 
......
NOTE: Unmatched Read Buffer Size > 100000 [Mem usage:[3737MB / 11GB]]
    (This is generally not a problem, but if this increases further then OutOfMemoryExceptions
    may occur.
    If memory errors do occur, either increase memory allocation or sort the bam-file by name
    and rerun with the '--nameSorted' option.
    This might also indicate that your dataset contains an unusually large number of
    chimeric read-pairs. Or it could occur simply due to the presence of genomic
    loci with extremly high coverage. It may also indicate a SAM/BAM file that 
    does not adhere to the standard SAM specification.)
....[17000000 Read-Pairs processed] [Time: 2017-01-27 01:28:47] 
..........[18000000 Read-Pairs processed] [Time: 2017-01-27 01:30:35] 
..........[19000000 Read-Pairs processed] [Time: 2017-01-27 01:32:40] 
..........[20000000 Read-Pairs processed] [Time: 2017-01-27 01:34:34] 
..........[21000000 Read-Pairs processed] [Time: 2017-01-27 01:36:31] 
..........[22000000 Read-Pairs processed] [Time: 2017-01-27 01:38:26] 
..........[23000000 Read-Pairs processed] [Time: 2017-01-27 01:40:20] 
..........[24000000 Read-Pairs processed] [Time: 2017-01-27 01:42:03] 
..........[25000000 Read-Pairs processed] [Time: 2017-01-27 01:44:05] 
..........[26000000 Read-Pairs processed] [Time: 2017-01-27 01:46:08] 
..........[27000000 Read-Pairs processed] [Time: 2017-01-27 01:48:10] 
..........[28000000 Read-Pairs processed] [Time: 2017-01-27 01:49:38] 
..........[29000000 Read-Pairs processed] [Time: 2017-01-27 01:51:10] 
..........[30000000 Read-Pairs processed] [Time: 2017-01-27 01:53:06] 
..........[31000000 Read-Pairs processed] [Time: 2017-01-27 01:55:04] 
..........[32000000 Read-Pairs processed] [Time: 2017-01-27 01:57:01] 
..........[33000000 Read-Pairs processed] [Time: 2017-01-27 01:58:58] 
..........[34000000 Read-Pairs processed] [Time: 2017-01-27 02:00:40] 
..........[35000000 Read-Pairs processed] [Time: 2017-01-27 02:02:30] 
..........[36000000 Read-Pairs processed] [Time: 2017-01-27 02:04:09] 
..........[37000000 Read-Pairs processed] [Time: 2017-01-27 02:06:03] 
..........[38000000 Read-Pairs processed] [Time: 2017-01-27 02:07:47] 
..........[39000000 Read-Pairs processed] [Time: 2017-01-27 02:09:57] 
..........[40000000 Read-Pairs processed] [Time: 2017-01-27 02:11:46] 
..........[41000000 Read-Pairs processed] [Time: 2017-01-27 02:13:43] 
..........[42000000 Read-Pairs processed] [Time: 2017-01-27 02:15:36] 
..........[43000000 Read-Pairs processed] [Time: 2017-01-27 02:17:31] 
..........[44000000 Read-Pairs processed] [Time: 2017-01-27 02:19:09] 
.
Finished reading SAM. Read: 44134929 reads/read-pairs.
Finished reading SAM. Used: 39592410 reads/read-pairs.
[Time: 2017-01-27 02:19:19] [Mem usage: [3535MB / 15GB]] [Elapsed Time: 01:24:31.0462]
> Read Stats:
>   READ_PAIR_OK                   39592410
>   TOTAL_READ_PAIRS               44134929
>   DROPPED_NOT_PROPER_PAIR        0
>   DROPPED_READ_FAILS_VENDOR_QC   0
>   DROPPED_MARKED_NOT_VALID       0
>   DROPPED_CHROMS_MISMATCH        0
>   DROPPED_PAIR_STRANDS_MISMATCH  0
>   DROPPED_IGNORED_CHROMOSOME     0
>   DROPPED_NOT_UNIQUE_ALIGNMENT   4542519
Writing Output...
DEBUG NOTE: IncludeGenesSet.size: 58199
DEBUG NOTE: sortedReadCountSeq.size: 20292
DEBUG NOTE: coverageThresholds: 10146;15219;18262;20292
DEBUG NOTE: coverageSpans: [(0,10146);(10146,15219);(15219,18262);(18262,20292)]
DEBUG NOTE:	[1.bottomHalf][0.5] = [0,10146]
DEBUG NOTE:	[2.upperMidQuartile][0.75] = [10146,15219]
DEBUG NOTE:	[3.75to90][0.9] = [15219,18262]
DEBUG NOTE:	[4.high][1.0] = [18262,20292]
      (DEBUG) Generating Biotype Map [2017-01-27 02:19:28]
      (DEBUG) Extracted gene BioType using key "gene_biotype".
              Found 44 types: [TR_V_gene,unprocessed_pseudogene,protein_coding,IG_V_gene,TR_J_gene,Mt_tRNA,rRNA,TR_C_gene,TEC,vaultRNA,translated_processed_pseudogene,miRNA,scaRNA,TR_D_gene,snRNA,TR_V_pseudogene,snoRNA,transcribed_processed_pseudogene,IG_J_pseudogene,processed_transcript,TR_J_pseudogene,IG_V_pseudogene,3prime_overlapping_ncrna,IG_J_gene,processed_pseudogene,transcribed_unitary_pseudogene,IG_C_pseudogene,sense_overlapping,transcribed_unprocessed_pseudogene,lincRNA,translated_unprocessed_pseudogene,IG_C_gene,misc_RNA,ribozyme,IG_D_gene,polymorphic_pseudogene,antisense,Mt_rRNA,unitary_pseudogene,pseudogene,sRNA,non_coding,macro_lncRNA,sense_intronic]
      (DEBUG) Finished Biotype Map [2017-01-27 02:22:00]
length of knownCountMap after run: 374703
QoRTs QC complete with no problems.
Done.
Time spent on setup:           00:03:58.0422
Time spent on SAM iteration:   01:20:33.0041
                               (1.825085070375892 minutes per million read-pairs)
                               (2.034480851254066 minutes per million read-pairs used)
Time spent on file output:     00:02:49.0737
Total runtime:                 01:27:21.0200
Done. (Fri Jan 27 02:22:08 EST 2017)
