Starting QoRTs v1.1.8 (Compiled Wed Jul 13 13:35:56 EDT 2016)
Starting time: (Fri Jan 27 00:54:47 EST 2017)
INPUT_COMMAND(QC)
  INPUT_ARG(infile)=/mnt/mobydisk/pan/genomics/data/alee/nolan/projects/breast-mets/rna-seq/bone/34P/34P-star-2.4.2a-counts-ensemblv80/34P.star.sorted.bam
  INPUT_ARG(gtffile)=/mnt/mobydisk/pan/genomics/data/alee/nolan/apps/star/reference-files/Homo_sapiens.GRCh38.80.gtf
  INPUT_ARG(outdir)=/mnt/mobydisk/pan/genomics/data/alee/nolan/projects/breast-mets/rna-seq/bone/34P/34P-qorts-v1.1.8
  INPUT_ARG(stranded)=true
Created Log File: /mnt/mobydisk/pan/genomics/data/alee/nolan/projects/breast-mets/rna-seq/bone/34P/34P-qorts-v1.1.8/QC.aQBJXuIIEudK.log
Starting QC
[Time: 2017-01-27 00:54:48] [Mem usage: [75MB / 2058MB]] [Elapsed Time: 00:00:00.0000]
QoRTs is Running in paired-end mode.
QoRTs is Running in any-sorted mode.
Running functions: NVC, GCDistribution, GeneCalcs, QualityScoreDistribution, 
        writeJunctionSeqCounts, writeKnownSplices, 
        writeNovelSplices, writeClippedNVC, CigarOpDistribution, 
        InsertSize, chromCounts, writeSpliceExon, 
        writeGenewiseGeneBody, JunctionCalcs, writeGeneCounts, 
        writeBiotypeCounts, writeDESeq, writeDEXSeq, writeGeneBody, 
        StrandCheck
Pre-alignment read count unknown (Set --seqReadCt or --rawfastq)
Checking first 10000 reads. Checking SAM file for formatting errors...
   Sorting Note: Reads are not sorted by name (This is OK).
   Sorting Note: Reads are sorted by position (This is OK).
Done checking first 10000 reads. No major problems detected.
SAMRecord Reader Generated. Read length: 75.
[Time: 2017-01-27 00:54:49] [Mem usage: [129MB / 2058MB]] [Elapsed Time: 00:00:01.0750]
Compiling flat feature annotation, internally in memory...
Internal flat feature annotation compiled!
QC Utilities Generated!
[Time: 2017-01-27 00:58:43] [Mem usage: [3026MB / 8GB]] [Elapsed Time: 00:03:55.0091]
.....
NOTE: Unmatched Read Buffer Size > 100000 [Mem usage:[8GB / 10GB]]
    (This is generally not a problem, but if this increases further then OutOfMemoryExceptions
    may occur.
    If memory errors do occur, either increase memory allocation or sort the bam-file by name
    and rerun with the '--nameSorted' option.
    This might also indicate that your dataset contains an unusually large number of
    chimeric read-pairs. Or it could occur simply due to the presence of genomic
    loci with extremly high coverage. It may also indicate a SAM/BAM file that 
    does not adhere to the standard SAM specification.)
.
NOTE: Unmatched Read Buffer Size > 200000 [Mem usage:[3263MB / 10GB]]
NOTE: Unmatched Read Buffer Size > 400000 [Mem usage:[3785MB / 10GB]]
....[1000000 Read-Pairs processed] [Time: 2017-01-27 01:00:43] 
..........[2000000 Read-Pairs processed] [Time: 2017-01-27 01:02:46] 
..........[3000000 Read-Pairs processed] [Time: 2017-01-27 01:03:59] 
..........[4000000 Read-Pairs processed] [Time: 2017-01-27 01:05:42] 
..........[5000000 Read-Pairs processed] [Time: 2017-01-27 01:07:45] 
..........[6000000 Read-Pairs processed] [Time: 2017-01-27 01:09:26] 
..........[7000000 Read-Pairs processed] [Time: 2017-01-27 01:11:20] 
..........[8000000 Read-Pairs processed] [Time: 2017-01-27 01:12:33] 
..........[9000000 Read-Pairs processed] [Time: 2017-01-27 01:14:24] 
..........[10000000 Read-Pairs processed] [Time: 2017-01-27 01:16:18] 
..........[11000000 Read-Pairs processed] [Time: 2017-01-27 01:18:12] 
..........[12000000 Read-Pairs processed] [Time: 2017-01-27 01:20:16] 
..........[13000000 Read-Pairs processed] [Time: 2017-01-27 01:22:19] 
..........[14000000 Read-Pairs processed] [Time: 2017-01-27 01:24:16] 
..........[15000000 Read-Pairs processed] [Time: 2017-01-27 01:26:21] 
..........[16000000 Read-Pairs processed] [Time: 2017-01-27 01:28:16] 
..........[17000000 Read-Pairs processed] [Time: 2017-01-27 01:30:45] 
..........[18000000 Read-Pairs processed] [Time: 2017-01-27 01:31:51] 
..........[19000000 Read-Pairs processed] [Time: 2017-01-27 01:33:35] 
..........[20000000 Read-Pairs processed] [Time: 2017-01-27 01:35:13] 
..........[21000000 Read-Pairs processed] [Time: 2017-01-27 01:48:03] 
..........[22000000 Read-Pairs processed] [Time: 2017-01-27 01:50:05] 
..........[23000000 Read-Pairs processed] [Time: 2017-01-27 01:52:08] 
..........[24000000 Read-Pairs processed] [Time: 2017-01-27 01:55:14] 
..........[25000000 Read-Pairs processed] [Time: 2017-01-27 01:59:44] 
..........[26000000 Read-Pairs processed] [Time: 2017-01-27 02:08:55] 
..........[27000000 Read-Pairs processed] [Time: 2017-01-27 02:11:03] 
..........[28000000 Read-Pairs processed] [Time: 2017-01-27 02:13:18] 
..........[29000000 Read-Pairs processed] [Time: 2017-01-27 02:15:03] 
..........[30000000 Read-Pairs processed] [Time: 2017-01-27 02:17:11] 
..........[31000000 Read-Pairs processed] [Time: 2017-01-27 02:19:27] 
..........[32000000 Read-Pairs processed] [Time: 2017-01-27 02:21:29] 
..........[33000000 Read-Pairs processed] [Time: 2017-01-27 02:26:55] 
..........[34000000 Read-Pairs processed] [Time: 2017-01-27 02:28:57] 
..........[35000000 Read-Pairs processed] [Time: 2017-01-27 02:30:39] 
..........[36000000 Read-Pairs processed] [Time: 2017-01-27 02:31:10] 
..........[37000000 Read-Pairs processed] [Time: 2017-01-27 02:33:12] 
..........[38000000 Read-Pairs processed] [Time: 2017-01-27 02:35:07] 
..........[39000000 Read-Pairs processed] [Time: 2017-01-27 02:37:45] 
..........[40000000 Read-Pairs processed] [Time: 2017-01-27 02:39:42] 
..........[41000000 Read-Pairs processed] [Time: 2017-01-27 02:41:46] 
..........[42000000 Read-Pairs processed] [Time: 2017-01-27 02:43:43] 
..........[43000000 Read-Pairs processed] [Time: 2017-01-27 02:45:49] 
..........[44000000 Read-Pairs processed] [Time: 2017-01-27 02:47:47] 
..........[45000000 Read-Pairs processed] [Time: 2017-01-27 02:49:45] 
.
Finished reading SAM. Read: 45133082 reads/read-pairs.
Finished reading SAM. Used: 39460319 reads/read-pairs.
[Time: 2017-01-27 02:49:51] [Mem usage: [13GB / 15GB]] [Elapsed Time: 01:55:03.0373]
> Read Stats:
>   READ_PAIR_OK                   39460319
>   TOTAL_READ_PAIRS               45133082
>   DROPPED_NOT_PROPER_PAIR        0
>   DROPPED_READ_FAILS_VENDOR_QC   0
>   DROPPED_MARKED_NOT_VALID       0
>   DROPPED_CHROMS_MISMATCH        0
>   DROPPED_PAIR_STRANDS_MISMATCH  0
>   DROPPED_IGNORED_CHROMOSOME     0
>   DROPPED_NOT_UNIQUE_ALIGNMENT   5672763
Writing Output...
QoRTs QC complete with no problems.
Done.
Time spent on setup:           00:03:55.0091
Time spent on SAM iteration:   01:51:08.0282
                               (2.4623475377403508 minutes per million read-pairs)
                               (2.8163313462654305 minutes per million read-pairs used)
Time spent on file output:     00:02:39.0751
Total runtime:                 01:57:43.0124
Done. (Fri Jan 27 02:52:31 EST 2017)
