Starting QoRTs v1.1.8 (Compiled Wed Jul 13 13:35:56 EDT 2016)
Starting time: (Fri Jan 27 01:28:16 EST 2017)
INPUT_COMMAND(QC)
  INPUT_ARG(infile)=/mnt/mobydisk/pan/genomics/data/alee/nolan/projects/breast-mets/rna-seq/bone/44M/44M-star-2.4.2a-counts-ensemblv80/44M.star.sorted.bam
  INPUT_ARG(gtffile)=/mnt/mobydisk/pan/genomics/data/alee/nolan/apps/star/reference-files/Homo_sapiens.GRCh38.80.gtf
  INPUT_ARG(outdir)=/mnt/mobydisk/pan/genomics/data/alee/nolan/projects/breast-mets/rna-seq/bone/44M/44M-qorts-v1.1.8
  INPUT_ARG(stranded)=true
Created Log File: /mnt/mobydisk/pan/genomics/data/alee/nolan/projects/breast-mets/rna-seq/bone/44M/44M-qorts-v1.1.8/QC.h3TVCK32mPyw.log
Starting QC
[Time: 2017-01-27 01:28:16] [Mem usage: [75MB / 2058MB]] [Elapsed Time: 00:00:00.0000]
QoRTs is Running in paired-end mode.
QoRTs is Running in any-sorted mode.
Running functions: NVC, GCDistribution, GeneCalcs, QualityScoreDistribution, 
        writeJunctionSeqCounts, writeKnownSplices, 
        writeNovelSplices, writeClippedNVC, CigarOpDistribution, 
        InsertSize, chromCounts, writeSpliceExon, 
        writeGenewiseGeneBody, JunctionCalcs, writeGeneCounts, 
        writeBiotypeCounts, writeDESeq, writeDEXSeq, writeGeneBody, 
        StrandCheck
Pre-alignment read count unknown (Set --seqReadCt or --rawfastq)
Checking first 10000 reads. Checking SAM file for formatting errors...
   Sorting Note: Reads are not sorted by name (This is OK).
   Sorting Note: Reads are sorted by position (This is OK).
Done checking first 10000 reads. No major problems detected.
SAMRecord Reader Generated. Read length: 75.
[Time: 2017-01-27 01:28:18] [Mem usage: [130MB / 2058MB]] [Elapsed Time: 00:00:01.0819]
Compiling flat feature annotation, internally in memory...
Internal flat feature annotation compiled!
QC Utilities Generated!
[Time: 2017-01-27 01:32:12] [Mem usage: [3690MB / 5GB]] [Elapsed Time: 00:03:55.0537]
..
NOTE: Unmatched Read Buffer Size > 100000 [Mem usage:[4418MB / 6GB]]
    (This is generally not a problem, but if this increases further then OutOfMemoryExceptions
    may occur.
    If memory errors do occur, either increase memory allocation or sort the bam-file by name
    and rerun with the '--nameSorted' option.
    This might also indicate that your dataset contains an unusually large number of
    chimeric read-pairs. Or it could occur simply due to the presence of genomic
    loci with extremly high coverage. It may also indicate a SAM/BAM file that 
    does not adhere to the standard SAM specification.)
........[1000000 Read-Pairs processed] [Time: 2017-01-27 01:34:07] 
..........[2000000 Read-Pairs processed] [Time: 2017-01-27 01:35:54] 
..........[3000000 Read-Pairs processed] [Time: 2017-01-27 01:37:47] 
..........[4000000 Read-Pairs processed] [Time: 2017-01-27 01:39:48] 
..........[5000000 Read-Pairs processed] [Time: 2017-01-27 01:41:41] 
..........[6000000 Read-Pairs processed] [Time: 2017-01-27 01:43:11] 
..........[7000000 Read-Pairs processed] [Time: 2017-01-27 01:44:47] 
..........[8000000 Read-Pairs processed] [Time: 2017-01-27 01:46:56] 
..........[9000000 Read-Pairs processed] [Time: 2017-01-27 01:48:59] 
..........[10000000 Read-Pairs processed] [Time: 2017-01-27 01:50:52] 
..........[11000000 Read-Pairs processed] [Time: 2017-01-27 01:53:00] 
..........[12000000 Read-Pairs processed] [Time: 2017-01-27 01:53:55] 
..........[13000000 Read-Pairs processed] [Time: 2017-01-27 01:55:59] 
..........[14000000 Read-Pairs processed] [Time: 2017-01-27 01:57:59] 
..........[15000000 Read-Pairs processed] [Time: 2017-01-27 01:59:56] 
..........[16000000 Read-Pairs processed] [Time: 2017-01-27 02:02:01] 
..........[17000000 Read-Pairs processed] [Time: 2017-01-27 02:03:54] 
..........[18000000 Read-Pairs processed] [Time: 2017-01-27 02:05:55] 
......
Finished reading SAM. Read: 18664574 reads/read-pairs.
Finished reading SAM. Used: 16023975 reads/read-pairs.
[Time: 2017-01-27 02:06:45] [Mem usage: [9GB / 12GB]] [Elapsed Time: 00:38:28.0359]
> Read Stats:
>   READ_PAIR_OK                   16023975
>   TOTAL_READ_PAIRS               18664574
>   DROPPED_NOT_PROPER_PAIR        0
>   DROPPED_READ_FAILS_VENDOR_QC   0
>   DROPPED_MARKED_NOT_VALID       0
>   DROPPED_CHROMS_MISMATCH        0
>   DROPPED_PAIR_STRANDS_MISMATCH  0
>   DROPPED_IGNORED_CHROMOSOME     0
>   DROPPED_NOT_UNIQUE_ALIGNMENT   2640599
Writing Output...
QoRTs QC complete with no problems.
Done.
Time spent on setup:           00:03:55.0537
Time spent on SAM iteration:   00:34:32.0822
                               (1.8502074214677136 minutes per million read-pairs)
                               (2.155104044616478 minutes per million read-pairs used)
Time spent on file output:     00:02:32.0785
Total runtime:                 00:41:01.0144
Done. (Fri Jan 27 02:09:18 EST 2017)
