Starting QoRTs v1.1.8 (Compiled Wed Jul 13 13:35:56 EDT 2016)
Starting time: (Fri Jan 27 01:28:16 EST 2017)
INPUT_COMMAND(QC)
  INPUT_ARG(infile)=/mnt/mobydisk/pan/genomics/data/alee/nolan/projects/breast-mets/rna-seq/bone/44M/44M-star-2.4.2a-counts-ensemblv80/44M.star.sorted.bam
  INPUT_ARG(gtffile)=/mnt/mobydisk/pan/genomics/data/alee/nolan/apps/star/reference-files/Homo_sapiens.GRCh38.80.gtf
  INPUT_ARG(outdir)=/mnt/mobydisk/pan/genomics/data/alee/nolan/projects/breast-mets/rna-seq/bone/44M/44M-qorts-v1.1.8
  INPUT_ARG(stranded)=true
Created Log File: /mnt/mobydisk/pan/genomics/data/alee/nolan/projects/breast-mets/rna-seq/bone/44M/44M-qorts-v1.1.8/QC.h3TVCK32mPyw.log
Starting QC
[Time: 2017-01-27 01:28:16] [Mem usage: [75MB / 2058MB]] [Elapsed Time: 00:00:00.0000]
QoRTs is Running in paired-end mode.
QoRTs is Running in any-sorted mode.
Running functions: NVC, GCDistribution, GeneCalcs, QualityScoreDistribution, 
        writeJunctionSeqCounts, writeKnownSplices, 
        writeNovelSplices, writeClippedNVC, CigarOpDistribution, 
        InsertSize, chromCounts, writeSpliceExon, 
        writeGenewiseGeneBody, JunctionCalcs, writeGeneCounts, 
        writeBiotypeCounts, writeDESeq, writeDEXSeq, writeGeneBody, 
        StrandCheck
Pre-alignment read count unknown (Set --seqReadCt or --rawfastq)
Checking first 10000 reads. Checking SAM file for formatting errors...
   Stats on the first 10000 reads:
        Num Reads Primary Map:    2803
        Num Reads Paired-ended:   10000
        Num Reads mapped pair:    2803
        Num Pair names found:     1442
        Num Pairs matched:        1361
        Read Seq length:          75 to 75
        Unclipped Read length:    75 to 75
        Final maxReadLength:      75
        maxPhredScore:            36
        minPhredScore:            2
   Note: Data appears to be paired-ended.
   Sorting Note: Reads are not sorted by name (This is OK).
   Sorting Note: Reads are sorted by position (This is OK).
Done checking first 10000 reads. No major problems detected.
SAMRecord Reader Generated. Read length: 75.
[Time: 2017-01-27 01:28:18] [Mem usage: [130MB / 2058MB]] [Elapsed Time: 00:00:01.0819]
> Init GeneCalcs Utility
helper_calculateGeneAssignmentMap_strict. Found: 65217 genes in the supplied annotation.
helper_calculateGeneAssignmentMap_strict. Found: 7018 genes with ambiguous segments.
helper_calculateGeneAssignmentMap_strict. Found: 58199 genes after first-pass filtering
making makeGeneIntervalMap for geneBody calculations. Found: 58199 acceptable genes for gene-body analysis.
Compiling flat feature annotation, internally in memory...
FlatteningGtf: starting...(2017-01-27 01:30:13)
    FlatteningGtf: gtf file read complete.(2017-01-27 01:31:54)
    FlatteningGtf: Splice Junction Map read.(2017-01-27 01:31:56)
    FlatteningGtf: gene Sets generated.(2017-01-27 01:31:58)
    FlatteningGtf: Aggregate Sets built.
    FlatteningGtf: Compiling Aggregate Info . . . (2017-01-27 01:31:58)
    FlatteningGtf: Finished Compiling Aggregate Info. (2017-01-27 01:31:58)
    FlatteningGtf: Iterating through the step-vector...(2017-01-27 01:31:58)
    FlatteningGtf: Adding the aggregate genes themselves...(2017-01-27 01:32:00)
    FlatteningGtf: Iterating through the splice junctions...(2017-01-27 01:32:00)
    FlatteningGtf: Sorting the aggregate genes...(2017-01-27 01:32:05)
    FlatteningGtf: Folding the FlatGtfLine iterator...(2017-01-27 01:32:06)
    FlatteningGtf: Features Built.(2017-01-27 01:32:06)
Internal flat feature annotation compiled!
> Init InsertSize Utility
> Init NVC utility
> Init CigarOpDistribution Utility
> Init QualityScoreDistribution Utility
> Init GC counts Utility
> Init JunctionCalcs utility
length of knownSpliceMap after instantiation: 374703
length of knownCountMap after instantiation: 374703
> Init StrandCheck Utility
> Init chromCount Utility
QC Utilities Generated!
[Time: 2017-01-27 01:32:12] [Mem usage: [3690MB / 5GB]] [Elapsed Time: 00:03:55.0537]
..
NOTE: Unmatched Read Buffer Size > 100000 [Mem usage:[4418MB / 6GB]]
    (This is generally not a problem, but if this increases further then OutOfMemoryExceptions
    may occur.
    If memory errors do occur, either increase memory allocation or sort the bam-file by name
    and rerun with the '--nameSorted' option.
    This might also indicate that your dataset contains an unusually large number of
    chimeric read-pairs. Or it could occur simply due to the presence of genomic
    loci with extremly high coverage. It may also indicate a SAM/BAM file that 
    does not adhere to the standard SAM specification.)
........[1000000 Read-Pairs processed] [Time: 2017-01-27 01:34:07] 
..........[2000000 Read-Pairs processed] [Time: 2017-01-27 01:35:54] 
..........[3000000 Read-Pairs processed] [Time: 2017-01-27 01:37:47] 
..........[4000000 Read-Pairs processed] [Time: 2017-01-27 01:39:48] 
..........[5000000 Read-Pairs processed] [Time: 2017-01-27 01:41:41] 
..........[6000000 Read-Pairs processed] [Time: 2017-01-27 01:43:11] 
..........[7000000 Read-Pairs processed] [Time: 2017-01-27 01:44:47] 
..........[8000000 Read-Pairs processed] [Time: 2017-01-27 01:46:56] 
..........[9000000 Read-Pairs processed] [Time: 2017-01-27 01:48:59] 
..........[10000000 Read-Pairs processed] [Time: 2017-01-27 01:50:52] 
..........[11000000 Read-Pairs processed] [Time: 2017-01-27 01:53:00] 
..........[12000000 Read-Pairs processed] [Time: 2017-01-27 01:53:55] 
..........[13000000 Read-Pairs processed] [Time: 2017-01-27 01:55:59] 
..........[14000000 Read-Pairs processed] [Time: 2017-01-27 01:57:59] 
..........[15000000 Read-Pairs processed] [Time: 2017-01-27 01:59:56] 
..........[16000000 Read-Pairs processed] [Time: 2017-01-27 02:02:01] 
..........[17000000 Read-Pairs processed] [Time: 2017-01-27 02:03:54] 
..........[18000000 Read-Pairs processed] [Time: 2017-01-27 02:05:55] 
......
Finished reading SAM. Read: 18664574 reads/read-pairs.
Finished reading SAM. Used: 16023975 reads/read-pairs.
[Time: 2017-01-27 02:06:45] [Mem usage: [9GB / 12GB]] [Elapsed Time: 00:38:28.0359]
> Read Stats:
>   READ_PAIR_OK                   16023975
>   TOTAL_READ_PAIRS               18664574
>   DROPPED_NOT_PROPER_PAIR        0
>   DROPPED_READ_FAILS_VENDOR_QC   0
>   DROPPED_MARKED_NOT_VALID       0
>   DROPPED_CHROMS_MISMATCH        0
>   DROPPED_PAIR_STRANDS_MISMATCH  0
>   DROPPED_IGNORED_CHROMOSOME     0
>   DROPPED_NOT_UNIQUE_ALIGNMENT   2640599
Writing Output...
DEBUG NOTE: IncludeGenesSet.size: 58199
DEBUG NOTE: sortedReadCountSeq.size: 19162
DEBUG NOTE: coverageThresholds: 9581;14371;17245;19162
DEBUG NOTE: coverageSpans: [(0,9581);(9581,14371);(14371,17245);(17245,19162)]
DEBUG NOTE:	[1.bottomHalf][0.5] = [0,9581]
DEBUG NOTE:	[2.upperMidQuartile][0.75] = [9581,14371]
DEBUG NOTE:	[3.75to90][0.9] = [14371,17245]
DEBUG NOTE:	[4.high][1.0] = [17245,19162]
      (DEBUG) Generating Biotype Map [2017-01-27 02:06:54]
      (DEBUG) Extracted gene BioType using key "gene_biotype".
              Found 44 types: [TR_V_gene,unprocessed_pseudogene,protein_coding,IG_V_gene,TR_J_gene,Mt_tRNA,rRNA,TR_C_gene,TEC,vaultRNA,translated_processed_pseudogene,miRNA,scaRNA,TR_D_gene,snRNA,TR_V_pseudogene,snoRNA,transcribed_processed_pseudogene,IG_J_pseudogene,processed_transcript,TR_J_pseudogene,IG_V_pseudogene,3prime_overlapping_ncrna,IG_J_gene,processed_pseudogene,transcribed_unitary_pseudogene,IG_C_pseudogene,sense_overlapping,transcribed_unprocessed_pseudogene,lincRNA,translated_unprocessed_pseudogene,IG_C_gene,misc_RNA,ribozyme,IG_D_gene,polymorphic_pseudogene,antisense,Mt_rRNA,unitary_pseudogene,pseudogene,sRNA,non_coding,macro_lncRNA,sense_intronic]
      (DEBUG) Finished Biotype Map [2017-01-27 02:09:09]
length of knownCountMap after run: 374703
QoRTs QC complete with no problems.
Done.
Time spent on setup:           00:03:55.0537
Time spent on SAM iteration:   00:34:32.0822
                               (1.8502074214677136 minutes per million read-pairs)
                               (2.155104044616478 minutes per million read-pairs used)
Time spent on file output:     00:02:32.0785
Total runtime:                 00:41:01.0144
Done. (Fri Jan 27 02:09:18 EST 2017)
