Starting QoRTs v1.1.8 (Compiled Wed Jul 13 13:35:56 EDT 2016)
Starting time: (Wed Oct 12 08:39:55 EDT 2016)
INPUT_COMMAND(QC)
  INPUT_ARG(infile)=/mnt/mobydisk/pan/genomics/data/alee/nolan/projects/breast-mets/rna-seq/brain/orphan/BPF29/BPF29-star-2.4.2a-counts-ensemblv80/BPF29.star.sorted.bam
  INPUT_ARG(gtffile)=/mnt/mobydisk/pan/genomics/data/alee/nolan/apps/star/reference-files/Homo_sapiens.GRCh38.80.gtf
  INPUT_ARG(outdir)=/mnt/mobydisk/pan/genomics/data/alee/nolan/projects/breast-mets/rna-seq/brain/orphan/BPF29/BPF29-qorts-v1.1.8
  INPUT_ARG(stranded)=true
Created Log File: /mnt/mobydisk/pan/genomics/data/alee/nolan/projects/breast-mets/rna-seq/brain/orphan/BPF29/BPF29-qorts-v1.1.8/QC.Ud2EpAqNQ5yd.log
Starting QC
[Time: 2016-10-12 08:39:55] [Mem usage: [75MB / 2058MB]] [Elapsed Time: 00:00:00.0000]
QoRTs is Running in paired-end mode.
QoRTs is Running in any-sorted mode.
Running functions: NVC, GCDistribution, GeneCalcs, QualityScoreDistribution, 
        writeJunctionSeqCounts, writeKnownSplices, 
        writeNovelSplices, writeClippedNVC, CigarOpDistribution, 
        InsertSize, chromCounts, writeSpliceExon, 
        writeGenewiseGeneBody, JunctionCalcs, writeGeneCounts, 
        writeBiotypeCounts, writeDESeq, writeDEXSeq, writeGeneBody, 
        StrandCheck
Pre-alignment read count unknown (Set --seqReadCt or --rawfastq)
Checking first 10000 reads. Checking SAM file for formatting errors...
   Sorting Note: Reads are not sorted by name (This is OK).
   Sorting Note: Reads are sorted by position (This is OK).
Done checking first 10000 reads. No major problems detected.
SAMRecord Reader Generated. Read length: 75.
[Time: 2016-10-12 08:39:56] [Mem usage: [129MB / 2058MB]] [Elapsed Time: 00:00:01.0704]
Compiling flat feature annotation, internally in memory...
Internal flat feature annotation compiled!
QC Utilities Generated!
[Time: 2016-10-12 08:43:54] [Mem usage: [2627MB / 8GB]] [Elapsed Time: 00:03:59.0448]
.....
NOTE: Unmatched Read Buffer Size > 100000 [Mem usage:[7GB / 10GB]]
    (This is generally not a problem, but if this increases further then OutOfMemoryExceptions
    may occur.
    If memory errors do occur, either increase memory allocation or sort the bam-file by name
    and rerun with the '--nameSorted' option.
    This might also indicate that your dataset contains an unusually large number of
    chimeric read-pairs. Or it could occur simply due to the presence of genomic
    loci with extremly high coverage. It may also indicate a SAM/BAM file that 
    does not adhere to the standard SAM specification.)
.....[1000000 Read-Pairs processed] [Time: 2016-10-12 08:46:03] 
..........[2000000 Read-Pairs processed] [Time: 2016-10-12 08:47:52] 
..........[3000000 Read-Pairs processed] [Time: 2016-10-12 08:49:33] 
..........[4000000 Read-Pairs processed] [Time: 2016-10-12 08:51:32] 
..........[5000000 Read-Pairs processed] [Time: 2016-10-12 08:53:36] 
..........[6000000 Read-Pairs processed] [Time: 2016-10-12 08:55:35] 
..........[7000000 Read-Pairs processed] [Time: 2016-10-12 08:57:24] 
..........[8000000 Read-Pairs processed] [Time: 2016-10-12 08:58:56] 
..........[9000000 Read-Pairs processed] [Time: 2016-10-12 09:00:49] 
..........[10000000 Read-Pairs processed] [Time: 2016-10-12 09:02:53] 
..........[11000000 Read-Pairs processed] [Time: 2016-10-12 09:04:32] 
..........[12000000 Read-Pairs processed] [Time: 2016-10-12 09:06:44] 
..........[13000000 Read-Pairs processed] [Time: 2016-10-12 09:08:28] 
......
NOTE: Unmatched Read Buffer Size > 200000 [Mem usage:[4560MB / 13GB]]
NOTE: Unmatched Read Buffer Size > 400000 [Mem usage:[6GB / 13GB]]
....[14000000 Read-Pairs processed] [Time: 2016-10-12 09:09:50] 
.......
NOTE: Unmatched Read Buffer Size > 800000 [Mem usage:[6GB / 13GB]]
...[15000000 Read-Pairs processed] [Time: 2016-10-12 09:10:21] 
..........[16000000 Read-Pairs processed] [Time: 2016-10-12 09:10:32] 
..........[17000000 Read-Pairs processed] [Time: 2016-10-12 09:12:14] 
..........[18000000 Read-Pairs processed] [Time: 2016-10-12 09:14:13] 
..........[19000000 Read-Pairs processed] [Time: 2016-10-12 09:16:17] 
..........[20000000 Read-Pairs processed] [Time: 2016-10-12 09:18:22] 
..........[21000000 Read-Pairs processed] [Time: 2016-10-12 09:20:31] 
..........[22000000 Read-Pairs processed] [Time: 2016-10-12 09:22:39] 
..........[23000000 Read-Pairs processed] [Time: 2016-10-12 09:24:26] 
..........[24000000 Read-Pairs processed] [Time: 2016-10-12 09:26:32] 
..........[25000000 Read-Pairs processed] [Time: 2016-10-12 09:27:34] 
..........[26000000 Read-Pairs processed] [Time: 2016-10-12 09:28:39] 
..........[27000000 Read-Pairs processed] [Time: 2016-10-12 09:30:28] 
..........[28000000 Read-Pairs processed] [Time: 2016-10-12 09:32:32] 
..........[29000000 Read-Pairs processed] [Time: 2016-10-12 09:34:40] 
..........[30000000 Read-Pairs processed] [Time: 2016-10-12 09:36:41] 
..........[31000000 Read-Pairs processed] [Time: 2016-10-12 09:38:42] 
..........[32000000 Read-Pairs processed] [Time: 2016-10-12 09:40:13] 
..........[33000000 Read-Pairs processed] [Time: 2016-10-12 09:42:15] 
..........[34000000 Read-Pairs processed] [Time: 2016-10-12 09:44:40] 
..........[35000000 Read-Pairs processed] [Time: 2016-10-12 09:46:35] 
..........[36000000 Read-Pairs processed] [Time: 2016-10-12 09:48:40] 
..........[37000000 Read-Pairs processed] [Time: 2016-10-12 09:53:29] 
..........[38000000 Read-Pairs processed] [Time: 2016-10-12 09:55:40] 
..........[39000000 Read-Pairs processed] [Time: 2016-10-12 09:57:46] 
..........[40000000 Read-Pairs processed] [Time: 2016-10-12 09:58:20] 
Finished reading SAM. Read: 40080102 reads/read-pairs.
Finished reading SAM. Used: 31423344 reads/read-pairs.
[Time: 2016-10-12 09:58:26] [Mem usage: [11GB / 15GB]] [Elapsed Time: 01:18:31.0332]
> Read Stats:
>   READ_PAIR_OK                   31423344
>   TOTAL_READ_PAIRS               40080102
>   DROPPED_NOT_PROPER_PAIR        0
>   DROPPED_READ_FAILS_VENDOR_QC   0
>   DROPPED_MARKED_NOT_VALID       0
>   DROPPED_CHROMS_MISMATCH        0
>   DROPPED_PAIR_STRANDS_MISMATCH  0
>   DROPPED_IGNORED_CHROMOSOME     0
>   DROPPED_NOT_UNIQUE_ALIGNMENT   8656758
Writing Output...
QoRTs QC complete with no problems.
Done.
Time spent on setup:           00:03:59.0448
Time spent on SAM iteration:   01:14:31.0884
                               (1.8591935386458516 minutes per million read-pairs)
                               (2.371379273532017 minutes per million read-pairs used)
Time spent on file output:     00:02:34.0615
Total runtime:                 01:21:05.0947
Done. (Wed Oct 12 10:01:01 EDT 2016)
