Starting QoRTs v1.1.8 (Compiled Wed Jul 13 13:35:56 EDT 2016)
Starting time: (Wed Oct 12 11:02:16 EDT 2016)
INPUT_COMMAND(QC)
  INPUT_ARG(infile)=/mnt/mobydisk/pan/genomics/data/alee/nolan/projects/breast-mets/rna-seq/brain/BP72/BP72-star-2.4.2a-counts-ensemblv80/BP72.star.sorted.bam
  INPUT_ARG(gtffile)=/mnt/mobydisk/pan/genomics/data/alee/nolan/apps/star/reference-files/Homo_sapiens.GRCh38.80.gtf
  INPUT_ARG(outdir)=/mnt/mobydisk/pan/genomics/data/alee/nolan/projects/breast-mets/rna-seq/brain/BP72/BP72-qorts-v1.1.8
  INPUT_ARG(stranded)=true
Created Log File: /mnt/mobydisk/pan/genomics/data/alee/nolan/projects/breast-mets/rna-seq/brain/BP72/BP72-qorts-v1.1.8/QC.BYh0Iy9BPgpp.log
Starting QC
[Time: 2016-10-12 11:02:16] [Mem usage: [75MB / 2058MB]] [Elapsed Time: 00:00:00.0000]
QoRTs is Running in paired-end mode.
QoRTs is Running in any-sorted mode.
Running functions: NVC, GCDistribution, GeneCalcs, QualityScoreDistribution, 
        writeJunctionSeqCounts, writeKnownSplices, 
        writeNovelSplices, writeClippedNVC, CigarOpDistribution, 
        InsertSize, chromCounts, writeSpliceExon, 
        writeGenewiseGeneBody, JunctionCalcs, writeGeneCounts, 
        writeBiotypeCounts, writeDESeq, writeDEXSeq, writeGeneBody, 
        StrandCheck
Pre-alignment read count unknown (Set --seqReadCt or --rawfastq)
Checking first 10000 reads. Checking SAM file for formatting errors...
   Stats on the first 10000 reads:
        Num Reads Primary Map:    2179
        Num Reads Paired-ended:   10000
        Num Reads mapped pair:    2179
        Num Pair names found:     1328
        Num Pairs matched:        851
        Read Seq length:          75 to 75
        Unclipped Read length:    75 to 75
        Final maxReadLength:      75
        maxPhredScore:            36
        minPhredScore:            2
   Note: Data appears to be paired-ended.
   Sorting Note: Reads are not sorted by name (This is OK).
   Sorting Note: Reads are sorted by position (This is OK).
Done checking first 10000 reads. No major problems detected.
SAMRecord Reader Generated. Read length: 75.
[Time: 2016-10-12 11:02:18] [Mem usage: [673MB / 2595MB]] [Elapsed Time: 00:00:01.0698]
> Init GeneCalcs Utility
helper_calculateGeneAssignmentMap_strict. Found: 65217 genes in the supplied annotation.
helper_calculateGeneAssignmentMap_strict. Found: 7018 genes with ambiguous segments.
helper_calculateGeneAssignmentMap_strict. Found: 58199 genes after first-pass filtering
making makeGeneIntervalMap for geneBody calculations. Found: 58199 acceptable genes for gene-body analysis.
Compiling flat feature annotation, internally in memory...
FlatteningGtf: starting...(2016-10-12 11:04:14)
    FlatteningGtf: gtf file read complete.(2016-10-12 11:05:56)
    FlatteningGtf: Splice Junction Map read.(2016-10-12 11:06:00)
    FlatteningGtf: gene Sets generated.(2016-10-12 11:06:01)
    FlatteningGtf: Aggregate Sets built.
    FlatteningGtf: Compiling Aggregate Info . . . (2016-10-12 11:06:01)
    FlatteningGtf: Finished Compiling Aggregate Info. (2016-10-12 11:06:01)
    FlatteningGtf: Iterating through the step-vector...(2016-10-12 11:06:01)
    FlatteningGtf: Adding the aggregate genes themselves...(2016-10-12 11:06:03)
    FlatteningGtf: Iterating through the splice junctions...(2016-10-12 11:06:05)
    FlatteningGtf: Sorting the aggregate genes...(2016-10-12 11:06:06)
    FlatteningGtf: Folding the FlatGtfLine iterator...(2016-10-12 11:06:07)
    FlatteningGtf: Features Built.(2016-10-12 11:06:07)
Internal flat feature annotation compiled!
> Init InsertSize Utility
> Init NVC utility
> Init CigarOpDistribution Utility
> Init QualityScoreDistribution Utility
> Init GC counts Utility
> Init JunctionCalcs utility
length of knownSpliceMap after instantiation: 374703
length of knownCountMap after instantiation: 374703
> Init StrandCheck Utility
> Init chromCount Utility
QC Utilities Generated!
[Time: 2016-10-12 11:06:14] [Mem usage: [8GB / 10GB]] [Elapsed Time: 00:03:57.0991]
..........[1000000 Read-Pairs processed] [Time: 2016-10-12 11:07:59] 
...
NOTE: Unmatched Read Buffer Size > 100000 [Mem usage:[8GB / 13GB]]
    (This is generally not a problem, but if this increases further then OutOfMemoryExceptions
    may occur.
    If memory errors do occur, either increase memory allocation or sort the bam-file by name
    and rerun with the '--nameSorted' option.
    This might also indicate that your dataset contains an unusually large number of
    chimeric read-pairs. Or it could occur simply due to the presence of genomic
    loci with extremly high coverage. It may also indicate a SAM/BAM file that 
    does not adhere to the standard SAM specification.)
...
NOTE: Unmatched Read Buffer Size > 200000 [Mem usage:[6GB / 13GB]]
....[2000000 Read-Pairs processed] [Time: 2016-10-12 11:10:01] 
..........[3000000 Read-Pairs processed] [Time: 2016-10-12 11:12:01] 
..........[4000000 Read-Pairs processed] [Time: 2016-10-12 11:13:50] 
..........[5000000 Read-Pairs processed] [Time: 2016-10-12 11:14:58] 
..........[6000000 Read-Pairs processed] [Time: 2016-10-12 11:15:50] 
..........[7000000 Read-Pairs processed] [Time: 2016-10-12 11:17:40] 
..........[8000000 Read-Pairs processed] [Time: 2016-10-12 11:19:36] 
..........[9000000 Read-Pairs processed] [Time: 2016-10-12 11:21:22] 
..........[10000000 Read-Pairs processed] [Time: 2016-10-12 11:22:40] 
..........[11000000 Read-Pairs processed] [Time: 2016-10-12 11:24:38] 
..........[12000000 Read-Pairs processed] [Time: 2016-10-12 11:26:41] 
..........[13000000 Read-Pairs processed] [Time: 2016-10-12 11:28:47] 
..........[14000000 Read-Pairs processed] [Time: 2016-10-12 11:30:10] 
..........[15000000 Read-Pairs processed] [Time: 2016-10-12 11:32:02] 
..........[16000000 Read-Pairs processed] [Time: 2016-10-12 11:33:52] 
..........[17000000 Read-Pairs processed] [Time: 2016-10-12 11:35:50] 
..........[18000000 Read-Pairs processed] [Time: 2016-10-12 11:37:47] 
..........[19000000 Read-Pairs processed] [Time: 2016-10-12 11:39:35] 
..........[20000000 Read-Pairs processed] [Time: 2016-10-12 11:41:32] 
..........[21000000 Read-Pairs processed] [Time: 2016-10-12 11:43:16] 
..........[22000000 Read-Pairs processed] [Time: 2016-10-12 11:45:08] 
..........[23000000 Read-Pairs processed] [Time: 2016-10-12 11:47:04] 
..........[24000000 Read-Pairs processed] [Time: 2016-10-12 11:48:51] 
..........[25000000 Read-Pairs processed] [Time: 2016-10-12 11:50:03] 
..........[26000000 Read-Pairs processed] [Time: 2016-10-12 11:51:16] 
..........[27000000 Read-Pairs processed] [Time: 2016-10-12 11:52:36] 
..........[28000000 Read-Pairs processed] [Time: 2016-10-12 11:54:37] 
..........[29000000 Read-Pairs processed] [Time: 2016-10-12 11:56:24] 
..........[30000000 Read-Pairs processed] [Time: 2016-10-12 11:58:07] 
..........[31000000 Read-Pairs processed] [Time: 2016-10-12 11:58:56] 
..........[32000000 Read-Pairs processed] [Time: 2016-10-12 11:59:40] 
..........[33000000 Read-Pairs processed] [Time: 2016-10-12 12:01:04] 
..........[34000000 Read-Pairs processed] [Time: 2016-10-12 12:02:55] 
..........[35000000 Read-Pairs processed] [Time: 2016-10-12 12:03:22] 
NOTE: Unmatched Read Buffer Size > 400000 [Mem usage:[5GB / 16GB]]
..........[36000000 Read-Pairs processed] [Time: 2016-10-12 12:04:22] 
..........[37000000 Read-Pairs processed] [Time: 2016-10-12 12:06:05] 
..........[38000000 Read-Pairs processed] [Time: 2016-10-12 12:08:11] 
..........[39000000 Read-Pairs processed] [Time: 2016-10-12 12:10:07] 
..........[40000000 Read-Pairs processed] [Time: 2016-10-12 12:12:00] 
..........[41000000 Read-Pairs processed] [Time: 2016-10-12 12:13:56] 
..........[42000000 Read-Pairs processed] [Time: 2016-10-12 12:15:50] 
..........[43000000 Read-Pairs processed] [Time: 2016-10-12 12:17:40] 
..........[44000000 Read-Pairs processed] [Time: 2016-10-12 12:19:38] 
..........[45000000 Read-Pairs processed] [Time: 2016-10-12 12:21:31] 
..........[46000000 Read-Pairs processed] [Time: 2016-10-12 12:23:33] 
..........[47000000 Read-Pairs processed] [Time: 2016-10-12 12:24:57] 
..........[48000000 Read-Pairs processed] [Time: 2016-10-12 12:26:17] 
..........[49000000 Read-Pairs processed] [Time: 2016-10-12 12:27:18] 
..........[50000000 Read-Pairs processed] [Time: 2016-10-12 12:29:07] 
..........[51000000 Read-Pairs processed] [Time: 2016-10-12 12:31:02] 
..........[52000000 Read-Pairs processed] [Time: 2016-10-12 12:33:02] 
..........[53000000 Read-Pairs processed] [Time: 2016-10-12 12:34:58] 
..........[54000000 Read-Pairs processed] [Time: 2016-10-12 12:35:52] 
..........[55000000 Read-Pairs processed] [Time: 2016-10-12 12:37:03] 
..........[56000000 Read-Pairs processed] [Time: 2016-10-12 12:38:13] 
..........[57000000 Read-Pairs processed] [Time: 2016-10-12 12:39:53] 
..........[58000000 Read-Pairs processed] [Time: 2016-10-12 12:41:46] 
..........[59000000 Read-Pairs processed] [Time: 2016-10-12 12:43:42] 
..........[60000000 Read-Pairs processed] [Time: 2016-10-12 12:45:39] 
..........[61000000 Read-Pairs processed] [Time: 2016-10-12 12:47:34] 
..........[62000000 Read-Pairs processed] [Time: 2016-10-12 12:49:31] 
..........[63000000 Read-Pairs processed] [Time: 2016-10-12 12:51:16] 
..........[64000000 Read-Pairs processed] [Time: 2016-10-12 12:52:25] 
..........[65000000 Read-Pairs processed] [Time: 2016-10-12 12:54:20] 
..........[66000000 Read-Pairs processed] [Time: 2016-10-12 12:56:09] 
..........[67000000 Read-Pairs processed] [Time: 2016-10-12 12:56:52] 
..........[68000000 Read-Pairs processed] [Time: 2016-10-12 12:57:19] 
..........[69000000 Read-Pairs processed] [Time: 2016-10-12 12:57:55] 
..........[70000000 Read-Pairs processed] [Time: 2016-10-12 12:58:37] 
..........[71000000 Read-Pairs processed] [Time: 2016-10-12 13:00:23] 
..........[72000000 Read-Pairs processed] [Time: 2016-10-12 13:02:20] 
..........[73000000 Read-Pairs processed] [Time: 2016-10-12 13:04:02] 
..........[74000000 Read-Pairs processed] [Time: 2016-10-12 13:05:24] 
..........[75000000 Read-Pairs processed] [Time: 2016-10-12 13:07:23] 
..........[76000000 Read-Pairs processed] [Time: 2016-10-12 13:08:49] 
..........[77000000 Read-Pairs processed] [Time: 2016-10-12 13:10:42] 
..........[78000000 Read-Pairs processed] [Time: 2016-10-12 13:12:39] 
..........[79000000 Read-Pairs processed] [Time: 2016-10-12 13:14:33] 
..........[80000000 Read-Pairs processed] [Time: 2016-10-12 13:16:21] 
..........[81000000 Read-Pairs processed] [Time: 2016-10-12 13:17:56] 
..........[82000000 Read-Pairs processed] [Time: 2016-10-12 13:19:51] 
..........[83000000 Read-Pairs processed] [Time: 2016-10-12 13:21:45] 
..........[84000000 Read-Pairs processed] [Time: 2016-10-12 13:23:31] 
..........[85000000 Read-Pairs processed] [Time: 2016-10-12 13:25:20] 
..........[86000000 Read-Pairs processed] [Time: 2016-10-12 13:26:08] 
.....
Finished reading SAM. Read: 86544054 reads/read-pairs.
Finished reading SAM. Used: 66999437 reads/read-pairs.
[Time: 2016-10-12 13:26:34] [Mem usage: [7GB / 16GB]] [Elapsed Time: 02:24:17.0402]
> Read Stats:
>   READ_PAIR_OK                   66999437
>   TOTAL_READ_PAIRS               86544054
>   DROPPED_NOT_PROPER_PAIR        0
>   DROPPED_READ_FAILS_VENDOR_QC   0
>   DROPPED_MARKED_NOT_VALID       0
>   DROPPED_CHROMS_MISMATCH        0
>   DROPPED_PAIR_STRANDS_MISMATCH  0
>   DROPPED_IGNORED_CHROMOSOME     0
>   DROPPED_NOT_UNIQUE_ALIGNMENT   19544617
Writing Output...
DEBUG NOTE: IncludeGenesSet.size: 58199
DEBUG NOTE: sortedReadCountSeq.size: 24593
DEBUG NOTE: coverageThresholds: 12296;18444;22133;24593
DEBUG NOTE: coverageSpans: [(0,12296);(12296,18444);(18444,22133);(22133,24593)]
DEBUG NOTE:	[1.bottomHalf][0.5] = [0,12296]
DEBUG NOTE:	[2.upperMidQuartile][0.75] = [12296,18444]
DEBUG NOTE:	[3.75to90][0.9] = [18444,22133]
DEBUG NOTE:	[4.high][1.0] = [22133,24593]
      (DEBUG) Generating Biotype Map [2016-10-12 13:26:43]
      (DEBUG) Extracted gene BioType using key "gene_biotype".
              Found 44 types: [TR_V_gene,unprocessed_pseudogene,protein_coding,IG_V_gene,TR_J_gene,Mt_tRNA,rRNA,TR_C_gene,TEC,vaultRNA,translated_processed_pseudogene,miRNA,scaRNA,TR_D_gene,snRNA,TR_V_pseudogene,snoRNA,transcribed_processed_pseudogene,IG_J_pseudogene,processed_transcript,TR_J_pseudogene,IG_V_pseudogene,3prime_overlapping_ncrna,IG_J_gene,processed_pseudogene,transcribed_unitary_pseudogene,IG_C_pseudogene,sense_overlapping,transcribed_unprocessed_pseudogene,lincRNA,translated_unprocessed_pseudogene,IG_C_gene,misc_RNA,ribozyme,IG_D_gene,polymorphic_pseudogene,antisense,Mt_rRNA,unitary_pseudogene,pseudogene,sRNA,non_coding,macro_lncRNA,sense_intronic]
      (DEBUG) Finished Biotype Map [2016-10-12 13:29:00]
length of knownCountMap after run: 374703
QoRTs QC complete with no problems.
Done.
Time spent on setup:           00:03:57.0991
Time spent on SAM iteration:   02:20:19.0411
                               (1.6213322600610627 minutes per million read-pairs)
                               (2.094296205304929 minutes per million read-pairs used)
Time spent on file output:     00:02:36.0323
Total runtime:                 02:26:53.0725
Done. (Wed Oct 12 13:29:10 EDT 2016)
