Starting QoRTs v1.1.8 (Compiled Wed Jul 13 13:35:56 EDT 2016)
Starting time: (Fri Jan 27 04:01:52 EST 2017)
INPUT_COMMAND(QC)
  INPUT_ARG(infile)=/mnt/mobydisk/pan/genomics/data/alee/nolan/projects/breast-mets/rna-seq/bone/BM03-FFPE/BM03-FFPE-star-2.4.2a-counts-ensemblv80/BM03-FFPE.star.sorted.bam
  INPUT_ARG(gtffile)=/mnt/mobydisk/pan/genomics/data/alee/nolan/apps/star/reference-files/Homo_sapiens.GRCh38.80.gtf
  INPUT_ARG(outdir)=/mnt/mobydisk/pan/genomics/data/alee/nolan/projects/breast-mets/rna-seq/bone/BM03-FFPE/BM03-FFPE-qorts-v1.1.8
  INPUT_ARG(stranded)=true
Created Log File: /mnt/mobydisk/pan/genomics/data/alee/nolan/projects/breast-mets/rna-seq/bone/BM03-FFPE/BM03-FFPE-qorts-v1.1.8/QC.HXnGRFKwmbwK.log
Starting QC
[Time: 2017-01-27 04:01:53] [Mem usage: [75MB / 2058MB]] [Elapsed Time: 00:00:00.0000]
QoRTs is Running in paired-end mode.
QoRTs is Running in any-sorted mode.
Running functions: NVC, GCDistribution, GeneCalcs, QualityScoreDistribution, 
        writeJunctionSeqCounts, writeKnownSplices, 
        writeNovelSplices, writeClippedNVC, CigarOpDistribution, 
        InsertSize, chromCounts, writeSpliceExon, 
        writeGenewiseGeneBody, JunctionCalcs, writeGeneCounts, 
        writeBiotypeCounts, writeDESeq, writeDEXSeq, writeGeneBody, 
        StrandCheck
Pre-alignment read count unknown (Set --seqReadCt or --rawfastq)
Checking first 10000 reads. Checking SAM file for formatting errors...
   Stats on the first 10000 reads:
        Num Reads Primary Map:    4272
        Num Reads Paired-ended:   10000
        Num Reads mapped pair:    4272
        Num Pair names found:     3454
        Num Pairs matched:        818
        Read Seq length:          75 to 75
        Unclipped Read length:    75 to 75
        Final maxReadLength:      75
        maxPhredScore:            36
        minPhredScore:            2
   Note: Data appears to be paired-ended.
   Sorting Note: Reads are not sorted by name (This is OK).
   Sorting Note: Reads are sorted by position (This is OK).
Done checking first 10000 reads. No major problems detected.
SAMRecord Reader Generated. Read length: 75.
[Time: 2017-01-27 04:01:55] [Mem usage: [123MB / 2058MB]] [Elapsed Time: 00:00:02.0114]
> Init GeneCalcs Utility
helper_calculateGeneAssignmentMap_strict. Found: 65217 genes in the supplied annotation.
helper_calculateGeneAssignmentMap_strict. Found: 7018 genes with ambiguous segments.
helper_calculateGeneAssignmentMap_strict. Found: 58199 genes after first-pass filtering
making makeGeneIntervalMap for geneBody calculations. Found: 58199 acceptable genes for gene-body analysis.
Compiling flat feature annotation, internally in memory...
FlatteningGtf: starting...(2017-01-27 04:03:48)
    FlatteningGtf: gtf file read complete.(2017-01-27 04:05:28)
    FlatteningGtf: Splice Junction Map read.(2017-01-27 04:05:30)
    FlatteningGtf: gene Sets generated.(2017-01-27 04:05:31)
    FlatteningGtf: Aggregate Sets built.
    FlatteningGtf: Compiling Aggregate Info . . . (2017-01-27 04:05:31)
    FlatteningGtf: Finished Compiling Aggregate Info. (2017-01-27 04:05:31)
    FlatteningGtf: Iterating through the step-vector...(2017-01-27 04:05:31)
    FlatteningGtf: Adding the aggregate genes themselves...(2017-01-27 04:05:33)
    FlatteningGtf: Iterating through the splice junctions...(2017-01-27 04:05:34)
    FlatteningGtf: Sorting the aggregate genes...(2017-01-27 04:05:38)
    FlatteningGtf: Folding the FlatGtfLine iterator...(2017-01-27 04:05:38)
    FlatteningGtf: Features Built.(2017-01-27 04:05:38)
Internal flat feature annotation compiled!
> Init InsertSize Utility
> Init NVC utility
> Init CigarOpDistribution Utility
> Init QualityScoreDistribution Utility
> Init GC counts Utility
> Init JunctionCalcs utility
length of knownSpliceMap after instantiation: 374703
length of knownCountMap after instantiation: 374703
> Init StrandCheck Utility
> Init chromCount Utility
QC Utilities Generated!
[Time: 2017-01-27 04:05:45] [Mem usage: [3685MB / 6GB]] [Elapsed Time: 00:03:52.0367]
..........[1000000 Read-Pairs processed] [Time: 2017-01-27 04:07:40] 
NOTE: Unmatched Read Buffer Size > 100000 [Mem usage:[4871MB / 7GB]]
    (This is generally not a problem, but if this increases further then OutOfMemoryExceptions
    may occur.
    If memory errors do occur, either increase memory allocation or sort the bam-file by name
    and rerun with the '--nameSorted' option.
    This might also indicate that your dataset contains an unusually large number of
    chimeric read-pairs. Or it could occur simply due to the presence of genomic
    loci with extremly high coverage. It may also indicate a SAM/BAM file that 
    does not adhere to the standard SAM specification.)
..
NOTE: Unmatched Read Buffer Size > 200000 [Mem usage:[5GB / 7GB]]
........[2000000 Read-Pairs processed] [Time: 2017-01-27 04:09:42] 
..........[3000000 Read-Pairs processed] [Time: 2017-01-27 04:11:41] 
..........[4000000 Read-Pairs processed] [Time: 2017-01-27 04:12:52] 
..........[5000000 Read-Pairs processed] [Time: 2017-01-27 04:14:51] 
..........[6000000 Read-Pairs processed] [Time: 2017-01-27 04:16:54] 
..........[7000000 Read-Pairs processed] [Time: 2017-01-27 04:18:36] 
..........[8000000 Read-Pairs processed] [Time: 2017-01-27 04:20:35] 
..........[9000000 Read-Pairs processed] [Time: 2017-01-27 04:22:28] 
..........[10000000 Read-Pairs processed] [Time: 2017-01-27 04:24:12] 
..........[11000000 Read-Pairs processed] [Time: 2017-01-27 04:26:15] 
..........[12000000 Read-Pairs processed] [Time: 2017-01-27 04:28:17] 
..........[13000000 Read-Pairs processed] [Time: 2017-01-27 04:30:17] 
..........[14000000 Read-Pairs processed] [Time: 2017-01-27 04:32:12] 
..........[15000000 Read-Pairs processed] [Time: 2017-01-27 04:34:16] 
..........[16000000 Read-Pairs processed] [Time: 2017-01-27 04:36:21] 
..........[17000000 Read-Pairs processed] [Time: 2017-01-27 04:38:11] 
..........[18000000 Read-Pairs processed] [Time: 2017-01-27 04:40:12] 
..........[19000000 Read-Pairs processed] [Time: 2017-01-27 04:41:48] 
..........[20000000 Read-Pairs processed] [Time: 2017-01-27 04:42:37] 
..........[21000000 Read-Pairs processed] [Time: 2017-01-27 04:44:28] 
..........[22000000 Read-Pairs processed] [Time: 2017-01-27 04:45:48] 
..........[23000000 Read-Pairs processed] [Time: 2017-01-27 04:47:42] 
..........[24000000 Read-Pairs processed] [Time: 2017-01-27 04:49:45] 
..........[25000000 Read-Pairs processed] [Time: 2017-01-27 04:51:45] 
..........[26000000 Read-Pairs processed] [Time: 2017-01-27 04:53:48] 
..........[27000000 Read-Pairs processed] [Time: 2017-01-27 04:55:49] 
..........[28000000 Read-Pairs processed] [Time: 2017-01-27 04:57:51] 
..........[29000000 Read-Pairs processed] [Time: 2017-01-27 04:59:51] 
..........[30000000 Read-Pairs processed] [Time: 2017-01-27 05:01:31] 
..........[31000000 Read-Pairs processed] [Time: 2017-01-27 05:03:38] 
..........[32000000 Read-Pairs processed] [Time: 2017-01-27 05:05:46] 
..........[33000000 Read-Pairs processed] [Time: 2017-01-27 05:07:50] 
..........[34000000 Read-Pairs processed] [Time: 2017-01-27 05:08:29] 
..........[35000000 Read-Pairs processed] [Time: 2017-01-27 05:10:31] 
..........[36000000 Read-Pairs processed] [Time: 2017-01-27 05:12:34] 
..........[37000000 Read-Pairs processed] [Time: 2017-01-27 05:14:39] 
..........[38000000 Read-Pairs processed] [Time: 2017-01-27 05:16:42] 
..........[39000000 Read-Pairs processed] [Time: 2017-01-27 05:18:47] 
..........[40000000 Read-Pairs processed] [Time: 2017-01-27 05:20:41] 
..........[41000000 Read-Pairs processed] [Time: 2017-01-27 05:22:06] 
..........[42000000 Read-Pairs processed] [Time: 2017-01-27 05:24:10] 
..........[43000000 Read-Pairs processed] [Time: 2017-01-27 05:25:24] 
..........[44000000 Read-Pairs processed] [Time: 2017-01-27 05:27:21] 
..........[45000000 Read-Pairs processed] [Time: 2017-01-27 05:29:26] 
..........[46000000 Read-Pairs processed] [Time: 2017-01-27 05:31:21] 
..........[47000000 Read-Pairs processed] [Time: 2017-01-27 05:33:06] 
..........[48000000 Read-Pairs processed] [Time: 2017-01-27 05:34:52] 
..........[49000000 Read-Pairs processed] [Time: 2017-01-27 05:36:57] 
..........[50000000 Read-Pairs processed] [Time: 2017-01-27 05:38:58] 
..........[51000000 Read-Pairs processed] [Time: 2017-01-27 05:40:53] 
..........[52000000 Read-Pairs processed] [Time: 2017-01-27 05:42:53] 
..........[53000000 Read-Pairs processed] [Time: 2017-01-27 05:44:52] 
..........[54000000 Read-Pairs processed] [Time: 2017-01-27 05:46:45] 
..........[55000000 Read-Pairs processed] [Time: 2017-01-27 05:48:15] 
.
Finished reading SAM. Read: 55132570 reads/read-pairs.
Finished reading SAM. Used: 48178598 reads/read-pairs.
[Time: 2017-01-27 05:48:21] [Mem usage: [6GB / 15GB]] [Elapsed Time: 01:46:28.0984]
> Read Stats:
>   READ_PAIR_OK                   48178598
>   TOTAL_READ_PAIRS               55132570
>   DROPPED_NOT_PROPER_PAIR        0
>   DROPPED_READ_FAILS_VENDOR_QC   0
>   DROPPED_MARKED_NOT_VALID       0
>   DROPPED_CHROMS_MISMATCH        0
>   DROPPED_PAIR_STRANDS_MISMATCH  0
>   DROPPED_IGNORED_CHROMOSOME     0
>   DROPPED_NOT_UNIQUE_ALIGNMENT   6953972
Writing Output...
DEBUG NOTE: IncludeGenesSet.size: 58199
DEBUG NOTE: sortedReadCountSeq.size: 21260
DEBUG NOTE: coverageThresholds: 10630;15945;19134;21260
DEBUG NOTE: coverageSpans: [(0,10630);(10630,15945);(15945,19134);(19134,21260)]
DEBUG NOTE:	[1.bottomHalf][0.5] = [0,10630]
DEBUG NOTE:	[2.upperMidQuartile][0.75] = [10630,15945]
DEBUG NOTE:	[3.75to90][0.9] = [15945,19134]
DEBUG NOTE:	[4.high][1.0] = [19134,21260]
      (DEBUG) Generating Biotype Map [2017-01-27 05:48:31]
      (DEBUG) Extracted gene BioType using key "gene_biotype".
              Found 44 types: [TR_V_gene,unprocessed_pseudogene,protein_coding,IG_V_gene,TR_J_gene,Mt_tRNA,rRNA,TR_C_gene,TEC,vaultRNA,translated_processed_pseudogene,miRNA,scaRNA,TR_D_gene,snRNA,TR_V_pseudogene,snoRNA,transcribed_processed_pseudogene,IG_J_pseudogene,processed_transcript,TR_J_pseudogene,IG_V_pseudogene,3prime_overlapping_ncrna,IG_J_gene,processed_pseudogene,transcribed_unitary_pseudogene,IG_C_pseudogene,sense_overlapping,transcribed_unprocessed_pseudogene,lincRNA,translated_unprocessed_pseudogene,IG_C_gene,misc_RNA,ribozyme,IG_D_gene,polymorphic_pseudogene,antisense,Mt_rRNA,unitary_pseudogene,pseudogene,sRNA,non_coding,macro_lncRNA,sense_intronic]
      (DEBUG) Finished Biotype Map [2017-01-27 05:50:55]
length of knownCountMap after run: 374703
QoRTs QC complete with no problems.
Done.
Time spent on setup:           00:03:52.0367
Time spent on SAM iteration:   01:42:36.0617
                               (1.8609689336085729 minutes per million read-pairs)
                               (2.1295762902855744 minutes per million read-pairs used)
Time spent on file output:     00:02:41.0882
Total runtime:                 01:49:10.0866
Done. (Fri Jan 27 05:51:03 EST 2017)
