Starting QoRTs v1.1.8 (Compiled Wed Jul 13 13:35:56 EDT 2016)
Starting time: (Fri Jan 27 00:54:47 EST 2017)
INPUT_COMMAND(QC)
  INPUT_ARG(infile)=/mnt/mobydisk/pan/genomics/data/alee/nolan/projects/breast-mets/rna-seq/bone/17M/17M-star-2.4.2a-counts-ensemblv80/17M.star.sorted.bam
  INPUT_ARG(gtffile)=/mnt/mobydisk/pan/genomics/data/alee/nolan/apps/star/reference-files/Homo_sapiens.GRCh38.80.gtf
  INPUT_ARG(outdir)=/mnt/mobydisk/pan/genomics/data/alee/nolan/projects/breast-mets/rna-seq/bone/17M/17M-qorts-v1.1.8
  INPUT_ARG(stranded)=true
Created Log File: /mnt/mobydisk/pan/genomics/data/alee/nolan/projects/breast-mets/rna-seq/bone/17M/17M-qorts-v1.1.8/QC.rCPcRX9RFCRE.log
Starting QC
[Time: 2017-01-27 00:54:47] [Mem usage: [75MB / 2058MB]] [Elapsed Time: 00:00:00.0000]
QoRTs is Running in paired-end mode.
QoRTs is Running in any-sorted mode.
Running functions: NVC, GCDistribution, GeneCalcs, QualityScoreDistribution, 
        writeJunctionSeqCounts, writeKnownSplices, 
        writeNovelSplices, writeClippedNVC, CigarOpDistribution, 
        InsertSize, chromCounts, writeSpliceExon, 
        writeGenewiseGeneBody, JunctionCalcs, writeGeneCounts, 
        writeBiotypeCounts, writeDESeq, writeDEXSeq, writeGeneBody, 
        StrandCheck
Pre-alignment read count unknown (Set --seqReadCt or --rawfastq)
Checking first 10000 reads. Checking SAM file for formatting errors...
   Sorting Note: Reads are not sorted by name (This is OK).
   Sorting Note: Reads are sorted by position (This is OK).
Done checking first 10000 reads. No major problems detected.
SAMRecord Reader Generated. Read length: 75.
[Time: 2017-01-27 00:54:49] [Mem usage: [128MB / 2058MB]] [Elapsed Time: 00:00:01.0867]
Compiling flat feature annotation, internally in memory...
Internal flat feature annotation compiled!
QC Utilities Generated!
[Time: 2017-01-27 00:58:46] [Mem usage: [3270MB / 6GB]] [Elapsed Time: 00:03:58.0729]
......
NOTE: Unmatched Read Buffer Size > 100000 [Mem usage:[4101MB / 8GB]]
    (This is generally not a problem, but if this increases further then OutOfMemoryExceptions
    may occur.
    If memory errors do occur, either increase memory allocation or sort the bam-file by name
    and rerun with the '--nameSorted' option.
    This might also indicate that your dataset contains an unusually large number of
    chimeric read-pairs. Or it could occur simply due to the presence of genomic
    loci with extremly high coverage. It may also indicate a SAM/BAM file that 
    does not adhere to the standard SAM specification.)
..
NOTE: Unmatched Read Buffer Size > 200000 [Mem usage:[3352MB / 8GB]]
..[1000000 Read-Pairs processed] [Time: 2017-01-27 01:00:41] 
..........[2000000 Read-Pairs processed] [Time: 2017-01-27 01:02:41] 
..........[3000000 Read-Pairs processed] [Time: 2017-01-27 01:04:05] 
..........[4000000 Read-Pairs processed] [Time: 2017-01-27 01:06:03] 
..........[5000000 Read-Pairs processed] [Time: 2017-01-27 01:07:57] 
..........[6000000 Read-Pairs processed] [Time: 2017-01-27 01:09:58] 
..........[7000000 Read-Pairs processed] [Time: 2017-01-27 01:11:48] 
..........[8000000 Read-Pairs processed] [Time: 2017-01-27 01:13:29] 
..........[9000000 Read-Pairs processed] [Time: 2017-01-27 01:15:19] 
..........[10000000 Read-Pairs processed] [Time: 2017-01-27 01:17:19] 
..........[11000000 Read-Pairs processed] [Time: 2017-01-27 01:19:14] 
..........[12000000 Read-Pairs processed] [Time: 2017-01-27 01:21:14] 
..........[13000000 Read-Pairs processed] [Time: 2017-01-27 01:23:07] 
..........[14000000 Read-Pairs processed] [Time: 2017-01-27 01:25:08] 
..........[15000000 Read-Pairs processed] [Time: 2017-01-27 01:27:01] 
..........[16000000 Read-Pairs processed] [Time: 2017-01-27 01:29:03] 
..........[17000000 Read-Pairs processed] [Time: 2017-01-27 01:30:35] 
..........[18000000 Read-Pairs processed] [Time: 2017-01-27 01:31:27] 
..........[19000000 Read-Pairs processed] [Time: 2017-01-27 01:33:18] 
..........[20000000 Read-Pairs processed] [Time: 2017-01-27 01:33:53] 
..........[21000000 Read-Pairs processed] [Time: 2017-01-27 01:35:41] 
..........[22000000 Read-Pairs processed] [Time: 2017-01-27 01:37:46] 
..........[23000000 Read-Pairs processed] [Time: 2017-01-27 01:40:04] 
..........[24000000 Read-Pairs processed] [Time: 2017-01-27 01:42:01] 
..........[25000000 Read-Pairs processed] [Time: 2017-01-27 01:44:01] 
..........[26000000 Read-Pairs processed] [Time: 2017-01-27 01:45:58] 
..........[27000000 Read-Pairs processed] [Time: 2017-01-27 01:48:00] 
..........[28000000 Read-Pairs processed] [Time: 2017-01-27 01:49:34] 
..........[29000000 Read-Pairs processed] [Time: 2017-01-27 01:51:23] 
..........[30000000 Read-Pairs processed] [Time: 2017-01-27 01:53:28] 
..........[31000000 Read-Pairs processed] [Time: 2017-01-27 01:55:35] 
..........[32000000 Read-Pairs processed] [Time: 2017-01-27 01:57:36] 
..........[33000000 Read-Pairs processed] [Time: 2017-01-27 01:58:56] 
..........[34000000 Read-Pairs processed] [Time: 2017-01-27 02:00:55] 
..........[35000000 Read-Pairs processed] [Time: 2017-01-27 02:02:56] 
..........[36000000 Read-Pairs processed] [Time: 2017-01-27 02:04:57] 
..........[37000000 Read-Pairs processed] [Time: 2017-01-27 02:07:00] 
..........[38000000 Read-Pairs processed] [Time: 2017-01-27 02:08:47] 
..........[39000000 Read-Pairs processed] [Time: 2017-01-27 02:10:48] 
..........[40000000 Read-Pairs processed] [Time: 2017-01-27 02:12:36] 
..........[41000000 Read-Pairs processed] [Time: 2017-01-27 02:14:20] 
..........[42000000 Read-Pairs processed] [Time: 2017-01-27 02:16:19] 
..........[43000000 Read-Pairs processed] [Time: 2017-01-27 02:18:00] 
..........[44000000 Read-Pairs processed] [Time: 2017-01-27 02:20:20] 
..........[45000000 Read-Pairs processed] [Time: 2017-01-27 02:22:34] 
..........[46000000 Read-Pairs processed] [Time: 2017-01-27 02:24:28] 
..........[47000000 Read-Pairs processed] [Time: 2017-01-27 02:26:28] 
..........[48000000 Read-Pairs processed] [Time: 2017-01-27 02:28:22] 
..........[49000000 Read-Pairs processed] [Time: 2017-01-27 02:30:19] 
..........[50000000 Read-Pairs processed] [Time: 2017-01-27 02:32:12] 
.........
Finished reading SAM. Read: 50920243 reads/read-pairs.
Finished reading SAM. Used: 45529081 reads/read-pairs.
[Time: 2017-01-27 02:33:40] [Mem usage: [12GB / 15GB]] [Elapsed Time: 01:38:53.0144]
> Read Stats:
>   READ_PAIR_OK                   45529081
>   TOTAL_READ_PAIRS               50920243
>   DROPPED_NOT_PROPER_PAIR        0
>   DROPPED_READ_FAILS_VENDOR_QC   0
>   DROPPED_MARKED_NOT_VALID       0
>   DROPPED_CHROMS_MISMATCH        0
>   DROPPED_PAIR_STRANDS_MISMATCH  0
>   DROPPED_IGNORED_CHROMOSOME     0
>   DROPPED_NOT_UNIQUE_ALIGNMENT   5391162
Writing Output...
QoRTs QC complete with no problems.
Done.
Time spent on setup:           00:03:58.0729
Time spent on SAM iteration:   01:34:54.0415
                               (1.8636988829766583 minutes per million read-pairs)
                               (2.0843820678040923 minutes per million read-pairs used)
Time spent on file output:     00:02:33.0882
Total runtime:                 01:41:27.0026
Done. (Fri Jan 27 02:36:14 EST 2017)
