Starting QoRTs v1.1.8 (Compiled Wed Jul 13 13:35:56 EDT 2016)
Starting time: (Fri Jan 27 02:53:05 EST 2017)
INPUT_COMMAND(QC)
  INPUT_ARG(infile)=/mnt/mobydisk/pan/genomics/data/alee/nolan/projects/breast-mets/rna-seq/bone/60M/60M-star-2.4.2a-counts-ensemblv80/60M.star.sorted.bam
  INPUT_ARG(gtffile)=/mnt/mobydisk/pan/genomics/data/alee/nolan/apps/star/reference-files/Homo_sapiens.GRCh38.80.gtf
  INPUT_ARG(outdir)=/mnt/mobydisk/pan/genomics/data/alee/nolan/projects/breast-mets/rna-seq/bone/60M/60M-qorts-v1.1.8
  INPUT_ARG(stranded)=true
Created Log File: /mnt/mobydisk/pan/genomics/data/alee/nolan/projects/breast-mets/rna-seq/bone/60M/60M-qorts-v1.1.8/QC.lR6dATY7pqyA.log
Starting QC
[Time: 2017-01-27 02:53:05] [Mem usage: [75MB / 2058MB]] [Elapsed Time: 00:00:00.0000]
QoRTs is Running in paired-end mode.
QoRTs is Running in any-sorted mode.
Running functions: NVC, GCDistribution, GeneCalcs, QualityScoreDistribution, 
        writeJunctionSeqCounts, writeKnownSplices, 
        writeNovelSplices, writeClippedNVC, CigarOpDistribution, 
        InsertSize, chromCounts, writeSpliceExon, 
        writeGenewiseGeneBody, JunctionCalcs, writeGeneCounts, 
        writeBiotypeCounts, writeDESeq, writeDEXSeq, writeGeneBody, 
        StrandCheck
Pre-alignment read count unknown (Set --seqReadCt or --rawfastq)
Checking first 10000 reads. Checking SAM file for formatting errors...
   Stats on the first 10000 reads:
        Num Reads Primary Map:    3050
        Num Reads Paired-ended:   10000
        Num Reads mapped pair:    3050
        Num Pair names found:     1864
        Num Pairs matched:        1186
        Read Seq length:          75 to 75
        Unclipped Read length:    75 to 75
        Final maxReadLength:      75
        maxPhredScore:            36
        minPhredScore:            2
   Note: Data appears to be paired-ended.
   Sorting Note: Reads are not sorted by name (This is OK).
   Sorting Note: Reads are sorted by position (This is OK).
Done checking first 10000 reads. No major problems detected.
SAMRecord Reader Generated. Read length: 75.
[Time: 2017-01-27 02:53:07] [Mem usage: [131MB / 2058MB]] [Elapsed Time: 00:00:01.0765]
> Init GeneCalcs Utility
helper_calculateGeneAssignmentMap_strict. Found: 65217 genes in the supplied annotation.
helper_calculateGeneAssignmentMap_strict. Found: 7018 genes with ambiguous segments.
helper_calculateGeneAssignmentMap_strict. Found: 58199 genes after first-pass filtering
making makeGeneIntervalMap for geneBody calculations. Found: 58199 acceptable genes for gene-body analysis.
Compiling flat feature annotation, internally in memory...
FlatteningGtf: starting...(2017-01-27 02:55:03)
    FlatteningGtf: gtf file read complete.(2017-01-27 02:56:46)
    FlatteningGtf: Splice Junction Map read.(2017-01-27 02:56:50)
    FlatteningGtf: gene Sets generated.(2017-01-27 02:56:51)
    FlatteningGtf: Aggregate Sets built.
    FlatteningGtf: Compiling Aggregate Info . . . (2017-01-27 02:56:51)
    FlatteningGtf: Finished Compiling Aggregate Info. (2017-01-27 02:56:51)
    FlatteningGtf: Iterating through the step-vector...(2017-01-27 02:56:51)
    FlatteningGtf: Adding the aggregate genes themselves...(2017-01-27 02:56:53)
    FlatteningGtf: Iterating through the splice junctions...(2017-01-27 02:56:54)
    FlatteningGtf: Sorting the aggregate genes...(2017-01-27 02:56:59)
    FlatteningGtf: Folding the FlatGtfLine iterator...(2017-01-27 02:56:59)
    FlatteningGtf: Features Built.(2017-01-27 02:56:59)
Internal flat feature annotation compiled!
> Init InsertSize Utility
> Init NVC utility
> Init CigarOpDistribution Utility
> Init QualityScoreDistribution Utility
> Init GC counts Utility
> Init JunctionCalcs utility
length of knownSpliceMap after instantiation: 374703
length of knownCountMap after instantiation: 374703
> Init StrandCheck Utility
> Init chromCount Utility
QC Utilities Generated!
[Time: 2017-01-27 02:57:05] [Mem usage: [4470MB / 6GB]] [Elapsed Time: 00:03:59.0875]
..........[1000000 Read-Pairs processed] [Time: 2017-01-27 02:59:03] 
..........[2000000 Read-Pairs processed] [Time: 2017-01-27 03:01:03] 
..........[3000000 Read-Pairs processed] [Time: 2017-01-27 03:02:36] 
..........[4000000 Read-Pairs processed] [Time: 2017-01-27 03:04:00] 
..........[5000000 Read-Pairs processed] [Time: 2017-01-27 03:06:00] 
..........[6000000 Read-Pairs processed] [Time: 2017-01-27 03:08:03] 
..........[7000000 Read-Pairs processed] [Time: 2017-01-27 03:10:06] 
..........[8000000 Read-Pairs processed] [Time: 2017-01-27 03:11:55] 
..........[9000000 Read-Pairs processed] [Time: 2017-01-27 03:13:57] 
..........[10000000 Read-Pairs processed] [Time: 2017-01-27 03:15:56] 
..........[11000000 Read-Pairs processed] [Time: 2017-01-27 03:17:33] 
.....
NOTE: Unmatched Read Buffer Size > 100000 [Mem usage:[4596MB / 9GB]]
    (This is generally not a problem, but if this increases further then OutOfMemoryExceptions
    may occur.
    If memory errors do occur, either increase memory allocation or sort the bam-file by name
    and rerun with the '--nameSorted' option.
    This might also indicate that your dataset contains an unusually large number of
    chimeric read-pairs. Or it could occur simply due to the presence of genomic
    loci with extremly high coverage. It may also indicate a SAM/BAM file that 
    does not adhere to the standard SAM specification.)
.....[12000000 Read-Pairs processed] [Time: 2017-01-27 03:19:24] 
..........[13000000 Read-Pairs processed] [Time: 2017-01-27 03:21:16] 
..........[14000000 Read-Pairs processed] [Time: 2017-01-27 03:23:09] 
..........[15000000 Read-Pairs processed] [Time: 2017-01-27 03:25:07] 
..........[16000000 Read-Pairs processed] [Time: 2017-01-27 03:27:10] 
..........[17000000 Read-Pairs processed] [Time: 2017-01-27 03:29:07] 
..........[18000000 Read-Pairs processed] [Time: 2017-01-27 03:31:10] 
..........[19000000 Read-Pairs processed] [Time: 2017-01-27 03:33:07] 
..........[20000000 Read-Pairs processed] [Time: 2017-01-27 03:35:05] 
..........[21000000 Read-Pairs processed] [Time: 2017-01-27 03:37:08] 
..........[22000000 Read-Pairs processed] [Time: 2017-01-27 03:38:46] 
..........[23000000 Read-Pairs processed] [Time: 2017-01-27 03:40:22] 
..........[24000000 Read-Pairs processed] [Time: 2017-01-27 03:42:28] 
..........[25000000 Read-Pairs processed] [Time: 2017-01-27 03:44:15] 
..........[26000000 Read-Pairs processed] [Time: 2017-01-27 03:45:04] 
..........[27000000 Read-Pairs processed] [Time: 2017-01-27 03:46:20] 
..........[28000000 Read-Pairs processed] [Time: 2017-01-27 03:48:19] 
..........[29000000 Read-Pairs processed] [Time: 2017-01-27 03:49:20] 
..........[30000000 Read-Pairs processed] [Time: 2017-01-27 03:51:18] 
..........[31000000 Read-Pairs processed] [Time: 2017-01-27 03:53:29] 
..........[32000000 Read-Pairs processed] [Time: 2017-01-27 03:55:40] 
..........[33000000 Read-Pairs processed] [Time: 2017-01-27 03:57:39] 
..........[34000000 Read-Pairs processed] [Time: 2017-01-27 03:59:42] 
..........[35000000 Read-Pairs processed] [Time: 2017-01-27 04:01:37] 
..........[36000000 Read-Pairs processed] [Time: 2017-01-27 04:03:35] 
..........[37000000 Read-Pairs processed] [Time: 2017-01-27 04:05:41] 
..........[38000000 Read-Pairs processed] [Time: 2017-01-27 04:07:09] 
..........[39000000 Read-Pairs processed] [Time: 2017-01-27 04:09:00] 
..........[40000000 Read-Pairs processed] [Time: 2017-01-27 04:11:04] 
..........[41000000 Read-Pairs processed] [Time: 2017-01-27 04:13:15] 
..........[42000000 Read-Pairs processed] [Time: 2017-01-27 04:15:17] 
..........[43000000 Read-Pairs processed] [Time: 2017-01-27 04:17:15] 
..........[44000000 Read-Pairs processed] [Time: 2017-01-27 04:18:43] 
..........[45000000 Read-Pairs processed] [Time: 2017-01-27 04:20:29] 
..........[46000000 Read-Pairs processed] [Time: 2017-01-27 04:22:32] 
..........[47000000 Read-Pairs processed] [Time: 2017-01-27 04:24:38] 
..........[48000000 Read-Pairs processed] [Time: 2017-01-27 04:26:41] 
..........[49000000 Read-Pairs processed] [Time: 2017-01-27 04:28:45] 
..........[50000000 Read-Pairs processed] [Time: 2017-01-27 04:30:34] 
..........[51000000 Read-Pairs processed] [Time: 2017-01-27 04:32:22] 
..........[52000000 Read-Pairs processed] [Time: 2017-01-27 04:34:25] 
..........[53000000 Read-Pairs processed] [Time: 2017-01-27 04:36:15] 
..........[54000000 Read-Pairs processed] [Time: 2017-01-27 04:37:51] 
..........[55000000 Read-Pairs processed] [Time: 2017-01-27 04:39:52] 
..........[56000000 Read-Pairs processed] [Time: 2017-01-27 04:41:53] 
..........[57000000 Read-Pairs processed] [Time: 2017-01-27 04:43:36] 
..........[58000000 Read-Pairs processed] [Time: 2017-01-27 04:45:34] 
..........[59000000 Read-Pairs processed] [Time: 2017-01-27 04:47:51] 
..........[60000000 Read-Pairs processed] [Time: 2017-01-27 04:49:40] 
..........[61000000 Read-Pairs processed] [Time: 2017-01-27 04:51:43] 
..........[62000000 Read-Pairs processed] [Time: 2017-01-27 04:53:45] 
..........[63000000 Read-Pairs processed] [Time: 2017-01-27 04:55:47] 
..........[64000000 Read-Pairs processed] [Time: 2017-01-27 04:57:41] 
..........[65000000 Read-Pairs processed] [Time: 2017-01-27 04:59:39] 
..........[66000000 Read-Pairs processed] [Time: 2017-01-27 05:01:40] 
..........[67000000 Read-Pairs processed] [Time: 2017-01-27 05:03:33] 
..........[68000000 Read-Pairs processed] [Time: 2017-01-27 05:05:02] 
Finished reading SAM. Read: 68022827 reads/read-pairs.
Finished reading SAM. Used: 60119851 reads/read-pairs.
[Time: 2017-01-27 05:05:03] [Mem usage: [8GB / 15GB]] [Elapsed Time: 02:11:58.0123]
> Read Stats:
>   READ_PAIR_OK                   60119851
>   TOTAL_READ_PAIRS               68022827
>   DROPPED_NOT_PROPER_PAIR        0
>   DROPPED_READ_FAILS_VENDOR_QC   0
>   DROPPED_MARKED_NOT_VALID       0
>   DROPPED_CHROMS_MISMATCH        0
>   DROPPED_PAIR_STRANDS_MISMATCH  0
>   DROPPED_IGNORED_CHROMOSOME     0
>   DROPPED_NOT_UNIQUE_ALIGNMENT   7902976
Writing Output...
DEBUG NOTE: IncludeGenesSet.size: 58199
DEBUG NOTE: sortedReadCountSeq.size: 22975
DEBUG NOTE: coverageThresholds: 11487;17231;20677;22975
DEBUG NOTE: coverageSpans: [(0,11487);(11487,17231);(17231,20677);(20677,22975)]
DEBUG NOTE:	[1.bottomHalf][0.5] = [0,11487]
DEBUG NOTE:	[2.upperMidQuartile][0.75] = [11487,17231]
DEBUG NOTE:	[3.75to90][0.9] = [17231,20677]
DEBUG NOTE:	[4.high][1.0] = [20677,22975]
      (DEBUG) Generating Biotype Map [2017-01-27 05:05:13]
      (DEBUG) Extracted gene BioType using key "gene_biotype".
              Found 44 types: [TR_V_gene,unprocessed_pseudogene,protein_coding,IG_V_gene,TR_J_gene,Mt_tRNA,rRNA,TR_C_gene,TEC,vaultRNA,translated_processed_pseudogene,miRNA,scaRNA,TR_D_gene,snRNA,TR_V_pseudogene,snoRNA,transcribed_processed_pseudogene,IG_J_pseudogene,processed_transcript,TR_J_pseudogene,IG_V_pseudogene,3prime_overlapping_ncrna,IG_J_gene,processed_pseudogene,transcribed_unitary_pseudogene,IG_C_pseudogene,sense_overlapping,transcribed_unprocessed_pseudogene,lincRNA,translated_unprocessed_pseudogene,IG_C_gene,misc_RNA,ribozyme,IG_D_gene,polymorphic_pseudogene,antisense,Mt_rRNA,unitary_pseudogene,pseudogene,sRNA,non_coding,macro_lncRNA,sense_intronic]
      (DEBUG) Finished Biotype Map [2017-01-27 05:07:30]
length of knownCountMap after run: 374703
QoRTs QC complete with no problems.
Done.
Time spent on setup:           00:03:59.0875
Time spent on SAM iteration:   02:07:58.0248
                               (1.8812312323724307 minutes per million read-pairs)
                               (2.128526011594185 minutes per million read-pairs used)
Time spent on file output:     00:02:35.0213
Total runtime:                 02:14:33.0336
Done. (Fri Jan 27 05:07:39 EST 2017)
