Starting QoRTs v1.1.8 (Compiled Wed Jul 13 13:35:56 EDT 2016)
Starting time: (Fri Jan 27 02:52:40 EST 2017)
INPUT_COMMAND(QC)
  INPUT_ARG(infile)=/mnt/mobydisk/pan/genomics/data/alee/nolan/projects/breast-mets/rna-seq/bone/55P/55P-star-2.4.2a-counts-ensemblv80/55P.star.sorted.bam
  INPUT_ARG(gtffile)=/mnt/mobydisk/pan/genomics/data/alee/nolan/apps/star/reference-files/Homo_sapiens.GRCh38.80.gtf
  INPUT_ARG(outdir)=/mnt/mobydisk/pan/genomics/data/alee/nolan/projects/breast-mets/rna-seq/bone/55P/55P-qorts-v1.1.8
  INPUT_ARG(stranded)=true
Created Log File: /mnt/mobydisk/pan/genomics/data/alee/nolan/projects/breast-mets/rna-seq/bone/55P/55P-qorts-v1.1.8/QC.GWHAkwhmHwB9.log
Starting QC
[Time: 2017-01-27 02:52:40] [Mem usage: [75MB / 2058MB]] [Elapsed Time: 00:00:00.0000]
QoRTs is Running in paired-end mode.
QoRTs is Running in any-sorted mode.
Running functions: NVC, GCDistribution, GeneCalcs, QualityScoreDistribution, 
        writeJunctionSeqCounts, writeKnownSplices, 
        writeNovelSplices, writeClippedNVC, CigarOpDistribution, 
        InsertSize, chromCounts, writeSpliceExon, 
        writeGenewiseGeneBody, JunctionCalcs, writeGeneCounts, 
        writeBiotypeCounts, writeDESeq, writeDEXSeq, writeGeneBody, 
        StrandCheck
Pre-alignment read count unknown (Set --seqReadCt or --rawfastq)
Checking first 10000 reads. Checking SAM file for formatting errors...
   Sorting Note: Reads are not sorted by name (This is OK).
   Sorting Note: Reads are sorted by position (This is OK).
Done checking first 10000 reads. No major problems detected.
SAMRecord Reader Generated. Read length: 75.
[Time: 2017-01-27 02:52:42] [Mem usage: [128MB / 2058MB]] [Elapsed Time: 00:00:01.0753]
Compiling flat feature annotation, internally in memory...
Internal flat feature annotation compiled!
QC Utilities Generated!
[Time: 2017-01-27 02:56:38] [Mem usage: [4214MB / 7GB]] [Elapsed Time: 00:03:57.0926]
.....
NOTE: Unmatched Read Buffer Size > 100000 [Mem usage:[6GB / 8GB]]
    (This is generally not a problem, but if this increases further then OutOfMemoryExceptions
    may occur.
    If memory errors do occur, either increase memory allocation or sort the bam-file by name
    and rerun with the '--nameSorted' option.
    This might also indicate that your dataset contains an unusually large number of
    chimeric read-pairs. Or it could occur simply due to the presence of genomic
    loci with extremly high coverage. It may also indicate a SAM/BAM file that 
    does not adhere to the standard SAM specification.)
NOTE: Unmatched Read Buffer Size > 200000 [Mem usage:[7GB / 8GB]]
.....[1000000 Read-Pairs processed] [Time: 2017-01-27 02:58:44] 
..........[2000000 Read-Pairs processed] [Time: 2017-01-27 03:00:30] 
..........[3000000 Read-Pairs processed] [Time: 2017-01-27 03:02:36] 
..........[4000000 Read-Pairs processed] [Time: 2017-01-27 03:04:22] 
..........[5000000 Read-Pairs processed] [Time: 2017-01-27 03:06:27] 
..........[6000000 Read-Pairs processed] [Time: 2017-01-27 03:08:17] 
..........[7000000 Read-Pairs processed] [Time: 2017-01-27 03:10:11] 
..........[8000000 Read-Pairs processed] [Time: 2017-01-27 03:12:13] 
..........[9000000 Read-Pairs processed] [Time: 2017-01-27 03:14:17] 
..........[10000000 Read-Pairs processed] [Time: 2017-01-27 03:16:19] 
..........[11000000 Read-Pairs processed] [Time: 2017-01-27 03:18:18] 
..........[12000000 Read-Pairs processed] [Time: 2017-01-27 03:20:23] 
..........[13000000 Read-Pairs processed] [Time: 2017-01-27 03:21:41] 
..........[14000000 Read-Pairs processed] [Time: 2017-01-27 03:23:19] 
..........[15000000 Read-Pairs processed] [Time: 2017-01-27 03:24:43] 
..........[16000000 Read-Pairs processed] [Time: 2017-01-27 03:26:48] 
..........[17000000 Read-Pairs processed] [Time: 2017-01-27 03:28:52] 
..........[18000000 Read-Pairs processed] [Time: 2017-01-27 03:30:54] 
..........[19000000 Read-Pairs processed] [Time: 2017-01-27 03:32:46] 
..........[20000000 Read-Pairs processed] [Time: 2017-01-27 03:34:55] 
..........[21000000 Read-Pairs processed] [Time: 2017-01-27 03:36:27] 
..........[22000000 Read-Pairs processed] [Time: 2017-01-27 03:38:29] 
..........[23000000 Read-Pairs processed] [Time: 2017-01-27 03:40:35] 
..........[24000000 Read-Pairs processed] [Time: 2017-01-27 03:42:39] 
..........[25000000 Read-Pairs processed] [Time: 2017-01-27 03:44:30] 
..........[26000000 Read-Pairs processed] [Time: 2017-01-27 03:46:18] 
..........[27000000 Read-Pairs processed] [Time: 2017-01-27 03:47:53] 
..........[28000000 Read-Pairs processed] [Time: 2017-01-27 03:49:42] 
..........[29000000 Read-Pairs processed] [Time: 2017-01-27 03:51:46] 
..........[30000000 Read-Pairs processed] [Time: 2017-01-27 03:53:50] 
..........[31000000 Read-Pairs processed] [Time: 2017-01-27 03:55:48] 
..........[32000000 Read-Pairs processed] [Time: 2017-01-27 03:57:48] 
......
Finished reading SAM. Read: 32669712 reads/read-pairs.
Finished reading SAM. Used: 28936911 reads/read-pairs.
[Time: 2017-01-27 03:58:53] [Mem usage: [7GB / 15GB]] [Elapsed Time: 01:06:13.0585]
> Read Stats:
>   READ_PAIR_OK                   28936911
>   TOTAL_READ_PAIRS               32669712
>   DROPPED_NOT_PROPER_PAIR        0
>   DROPPED_READ_FAILS_VENDOR_QC   0
>   DROPPED_MARKED_NOT_VALID       0
>   DROPPED_CHROMS_MISMATCH        0
>   DROPPED_PAIR_STRANDS_MISMATCH  0
>   DROPPED_IGNORED_CHROMOSOME     0
>   DROPPED_NOT_UNIQUE_ALIGNMENT   3732801
Writing Output...
QoRTs QC complete with no problems.
Done.
Time spent on setup:           00:03:57.0926
Time spent on SAM iteration:   01:02:15.0659
                               (1.9054346117284415 minutes per million read-pairs)
                               (2.15123169159279 minutes per million read-pairs used)
Time spent on file output:     00:02:50.0271
Total runtime:                 01:09:03.0856
Done. (Fri Jan 27 04:01:44 EST 2017)
