Starting QoRTs v1.1.8 (Compiled Wed Jul 13 13:35:56 EDT 2016)
Starting time: (Fri Jan 27 02:52:40 EST 2017)
INPUT_COMMAND(QC)
  INPUT_ARG(infile)=/mnt/mobydisk/pan/genomics/data/alee/nolan/projects/breast-mets/rna-seq/bone/55P/55P-star-2.4.2a-counts-ensemblv80/55P.star.sorted.bam
  INPUT_ARG(gtffile)=/mnt/mobydisk/pan/genomics/data/alee/nolan/apps/star/reference-files/Homo_sapiens.GRCh38.80.gtf
  INPUT_ARG(outdir)=/mnt/mobydisk/pan/genomics/data/alee/nolan/projects/breast-mets/rna-seq/bone/55P/55P-qorts-v1.1.8
  INPUT_ARG(stranded)=true
Created Log File: /mnt/mobydisk/pan/genomics/data/alee/nolan/projects/breast-mets/rna-seq/bone/55P/55P-qorts-v1.1.8/QC.GWHAkwhmHwB9.log
Starting QC
[Time: 2017-01-27 02:52:40] [Mem usage: [75MB / 2058MB]] [Elapsed Time: 00:00:00.0000]
QoRTs is Running in paired-end mode.
QoRTs is Running in any-sorted mode.
Running functions: NVC, GCDistribution, GeneCalcs, QualityScoreDistribution, 
        writeJunctionSeqCounts, writeKnownSplices, 
        writeNovelSplices, writeClippedNVC, CigarOpDistribution, 
        InsertSize, chromCounts, writeSpliceExon, 
        writeGenewiseGeneBody, JunctionCalcs, writeGeneCounts, 
        writeBiotypeCounts, writeDESeq, writeDEXSeq, writeGeneBody, 
        StrandCheck
Pre-alignment read count unknown (Set --seqReadCt or --rawfastq)
Checking first 10000 reads. Checking SAM file for formatting errors...
   Stats on the first 10000 reads:
        Num Reads Primary Map:    3612
        Num Reads Paired-ended:   10000
        Num Reads mapped pair:    3612
        Num Pair names found:     1931
        Num Pairs matched:        1681
        Read Seq length:          75 to 75
        Unclipped Read length:    75 to 75
        Final maxReadLength:      75
        maxPhredScore:            36
        minPhredScore:            2
   Note: Data appears to be paired-ended.
   Sorting Note: Reads are not sorted by name (This is OK).
   Sorting Note: Reads are sorted by position (This is OK).
Done checking first 10000 reads. No major problems detected.
SAMRecord Reader Generated. Read length: 75.
[Time: 2017-01-27 02:52:42] [Mem usage: [128MB / 2058MB]] [Elapsed Time: 00:00:01.0753]
> Init GeneCalcs Utility
helper_calculateGeneAssignmentMap_strict. Found: 65217 genes in the supplied annotation.
helper_calculateGeneAssignmentMap_strict. Found: 7018 genes with ambiguous segments.
helper_calculateGeneAssignmentMap_strict. Found: 58199 genes after first-pass filtering
making makeGeneIntervalMap for geneBody calculations. Found: 58199 acceptable genes for gene-body analysis.
Compiling flat feature annotation, internally in memory...
FlatteningGtf: starting...(2017-01-27 02:54:37)
    FlatteningGtf: gtf file read complete.(2017-01-27 02:56:20)
    FlatteningGtf: Splice Junction Map read.(2017-01-27 02:56:22)
    FlatteningGtf: gene Sets generated.(2017-01-27 02:56:24)
    FlatteningGtf: Aggregate Sets built.
    FlatteningGtf: Compiling Aggregate Info . . . (2017-01-27 02:56:24)
    FlatteningGtf: Finished Compiling Aggregate Info. (2017-01-27 02:56:24)
    FlatteningGtf: Iterating through the step-vector...(2017-01-27 02:56:24)
    FlatteningGtf: Adding the aggregate genes themselves...(2017-01-27 02:56:26)
    FlatteningGtf: Iterating through the splice junctions...(2017-01-27 02:56:26)
    FlatteningGtf: Sorting the aggregate genes...(2017-01-27 02:56:28)
    FlatteningGtf: Folding the FlatGtfLine iterator...(2017-01-27 02:56:31)
    FlatteningGtf: Features Built.(2017-01-27 02:56:31)
Internal flat feature annotation compiled!
> Init InsertSize Utility
> Init NVC utility
> Init CigarOpDistribution Utility
> Init QualityScoreDistribution Utility
> Init GC counts Utility
> Init JunctionCalcs utility
length of knownSpliceMap after instantiation: 374703
length of knownCountMap after instantiation: 374703
> Init StrandCheck Utility
> Init chromCount Utility
QC Utilities Generated!
[Time: 2017-01-27 02:56:38] [Mem usage: [4214MB / 7GB]] [Elapsed Time: 00:03:57.0926]
.....
NOTE: Unmatched Read Buffer Size > 100000 [Mem usage:[6GB / 8GB]]
    (This is generally not a problem, but if this increases further then OutOfMemoryExceptions
    may occur.
    If memory errors do occur, either increase memory allocation or sort the bam-file by name
    and rerun with the '--nameSorted' option.
    This might also indicate that your dataset contains an unusually large number of
    chimeric read-pairs. Or it could occur simply due to the presence of genomic
    loci with extremly high coverage. It may also indicate a SAM/BAM file that 
    does not adhere to the standard SAM specification.)
NOTE: Unmatched Read Buffer Size > 200000 [Mem usage:[7GB / 8GB]]
.....[1000000 Read-Pairs processed] [Time: 2017-01-27 02:58:44] 
..........[2000000 Read-Pairs processed] [Time: 2017-01-27 03:00:30] 
..........[3000000 Read-Pairs processed] [Time: 2017-01-27 03:02:36] 
..........[4000000 Read-Pairs processed] [Time: 2017-01-27 03:04:22] 
..........[5000000 Read-Pairs processed] [Time: 2017-01-27 03:06:27] 
..........[6000000 Read-Pairs processed] [Time: 2017-01-27 03:08:17] 
..........[7000000 Read-Pairs processed] [Time: 2017-01-27 03:10:11] 
..........[8000000 Read-Pairs processed] [Time: 2017-01-27 03:12:13] 
..........[9000000 Read-Pairs processed] [Time: 2017-01-27 03:14:17] 
..........[10000000 Read-Pairs processed] [Time: 2017-01-27 03:16:19] 
..........[11000000 Read-Pairs processed] [Time: 2017-01-27 03:18:18] 
..........[12000000 Read-Pairs processed] [Time: 2017-01-27 03:20:23] 
..........[13000000 Read-Pairs processed] [Time: 2017-01-27 03:21:41] 
..........[14000000 Read-Pairs processed] [Time: 2017-01-27 03:23:19] 
..........[15000000 Read-Pairs processed] [Time: 2017-01-27 03:24:43] 
..........[16000000 Read-Pairs processed] [Time: 2017-01-27 03:26:48] 
..........[17000000 Read-Pairs processed] [Time: 2017-01-27 03:28:52] 
..........[18000000 Read-Pairs processed] [Time: 2017-01-27 03:30:54] 
..........[19000000 Read-Pairs processed] [Time: 2017-01-27 03:32:46] 
..........[20000000 Read-Pairs processed] [Time: 2017-01-27 03:34:55] 
..........[21000000 Read-Pairs processed] [Time: 2017-01-27 03:36:27] 
..........[22000000 Read-Pairs processed] [Time: 2017-01-27 03:38:29] 
..........[23000000 Read-Pairs processed] [Time: 2017-01-27 03:40:35] 
..........[24000000 Read-Pairs processed] [Time: 2017-01-27 03:42:39] 
..........[25000000 Read-Pairs processed] [Time: 2017-01-27 03:44:30] 
..........[26000000 Read-Pairs processed] [Time: 2017-01-27 03:46:18] 
..........[27000000 Read-Pairs processed] [Time: 2017-01-27 03:47:53] 
..........[28000000 Read-Pairs processed] [Time: 2017-01-27 03:49:42] 
..........[29000000 Read-Pairs processed] [Time: 2017-01-27 03:51:46] 
..........[30000000 Read-Pairs processed] [Time: 2017-01-27 03:53:50] 
..........[31000000 Read-Pairs processed] [Time: 2017-01-27 03:55:48] 
..........[32000000 Read-Pairs processed] [Time: 2017-01-27 03:57:48] 
......
Finished reading SAM. Read: 32669712 reads/read-pairs.
Finished reading SAM. Used: 28936911 reads/read-pairs.
[Time: 2017-01-27 03:58:53] [Mem usage: [7GB / 15GB]] [Elapsed Time: 01:06:13.0585]
> Read Stats:
>   READ_PAIR_OK                   28936911
>   TOTAL_READ_PAIRS               32669712
>   DROPPED_NOT_PROPER_PAIR        0
>   DROPPED_READ_FAILS_VENDOR_QC   0
>   DROPPED_MARKED_NOT_VALID       0
>   DROPPED_CHROMS_MISMATCH        0
>   DROPPED_PAIR_STRANDS_MISMATCH  0
>   DROPPED_IGNORED_CHROMOSOME     0
>   DROPPED_NOT_UNIQUE_ALIGNMENT   3732801
Writing Output...
DEBUG NOTE: IncludeGenesSet.size: 58199
DEBUG NOTE: sortedReadCountSeq.size: 19995
DEBUG NOTE: coverageThresholds: 9997;14996;17995;19995
DEBUG NOTE: coverageSpans: [(0,9997);(9997,14996);(14996,17995);(17995,19995)]
DEBUG NOTE:	[1.bottomHalf][0.5] = [0,9997]
DEBUG NOTE:	[2.upperMidQuartile][0.75] = [9997,14996]
DEBUG NOTE:	[3.75to90][0.9] = [14996,17995]
DEBUG NOTE:	[4.high][1.0] = [17995,19995]
      (DEBUG) Generating Biotype Map [2017-01-27 03:59:03]
      (DEBUG) Extracted gene BioType using key "gene_biotype".
              Found 44 types: [TR_V_gene,unprocessed_pseudogene,protein_coding,IG_V_gene,TR_J_gene,Mt_tRNA,rRNA,TR_C_gene,TEC,vaultRNA,translated_processed_pseudogene,miRNA,scaRNA,TR_D_gene,snRNA,TR_V_pseudogene,snoRNA,transcribed_processed_pseudogene,IG_J_pseudogene,processed_transcript,TR_J_pseudogene,IG_V_pseudogene,3prime_overlapping_ncrna,IG_J_gene,processed_pseudogene,transcribed_unitary_pseudogene,IG_C_pseudogene,sense_overlapping,transcribed_unprocessed_pseudogene,lincRNA,translated_unprocessed_pseudogene,IG_C_gene,misc_RNA,ribozyme,IG_D_gene,polymorphic_pseudogene,antisense,Mt_rRNA,unitary_pseudogene,pseudogene,sRNA,non_coding,macro_lncRNA,sense_intronic]
      (DEBUG) Finished Biotype Map [2017-01-27 04:01:35]
length of knownCountMap after run: 374703
QoRTs QC complete with no problems.
Done.
Time spent on setup:           00:03:57.0926
Time spent on SAM iteration:   01:02:15.0659
                               (1.9054346117284415 minutes per million read-pairs)
                               (2.15123169159279 minutes per million read-pairs used)
Time spent on file output:     00:02:50.0271
Total runtime:                 01:09:03.0856
Done. (Fri Jan 27 04:01:44 EST 2017)
