Starting QoRTs v1.1.8 (Compiled Wed Jul 13 13:35:56 EDT 2016)
Starting time: (Wed Oct 12 08:55:40 EDT 2016)
INPUT_COMMAND(QC)
  INPUT_ARG(infile)=/mnt/mobydisk/pan/genomics/data/alee/nolan/projects/breast-mets/rna-seq/brain/orphan/BPF68/BPF68-star-2.4.2a-counts-ensemblv80/BPF68.star.sorted.bam
  INPUT_ARG(gtffile)=/mnt/mobydisk/pan/genomics/data/alee/nolan/apps/star/reference-files/Homo_sapiens.GRCh38.80.gtf
  INPUT_ARG(outdir)=/mnt/mobydisk/pan/genomics/data/alee/nolan/projects/breast-mets/rna-seq/brain/orphan/BPF68/BPF68-qorts-v1.1.8
  INPUT_ARG(stranded)=true
Created Log File: /mnt/mobydisk/pan/genomics/data/alee/nolan/projects/breast-mets/rna-seq/brain/orphan/BPF68/BPF68-qorts-v1.1.8/QC.1QBxPTaIgelo.log
Starting QC
[Time: 2016-10-12 08:55:40] [Mem usage: [75MB / 2058MB]] [Elapsed Time: 00:00:00.0000]
QoRTs is Running in paired-end mode.
QoRTs is Running in any-sorted mode.
Running functions: NVC, GCDistribution, GeneCalcs, QualityScoreDistribution, 
        writeJunctionSeqCounts, writeKnownSplices, 
        writeNovelSplices, writeClippedNVC, CigarOpDistribution, 
        InsertSize, chromCounts, writeSpliceExon, 
        writeGenewiseGeneBody, JunctionCalcs, writeGeneCounts, 
        writeBiotypeCounts, writeDESeq, writeDEXSeq, writeGeneBody, 
        StrandCheck
Pre-alignment read count unknown (Set --seqReadCt or --rawfastq)
Checking first 10000 reads. Checking SAM file for formatting errors...
   Sorting Note: Reads are not sorted by name (This is OK).
   Sorting Note: Reads are sorted by position (This is OK).
Done checking first 10000 reads. No major problems detected.
SAMRecord Reader Generated. Read length: 75.
[Time: 2016-10-12 08:55:42] [Mem usage: [131MB / 2058MB]] [Elapsed Time: 00:00:01.0691]
Compiling flat feature annotation, internally in memory...
Internal flat feature annotation compiled!
QC Utilities Generated!
[Time: 2016-10-12 08:59:38] [Mem usage: [6GB / 7GB]] [Elapsed Time: 00:03:57.0770]
....
NOTE: Unmatched Read Buffer Size > 100000 [Mem usage:[7GB / 10GB]]
    (This is generally not a problem, but if this increases further then OutOfMemoryExceptions
    may occur.
    If memory errors do occur, either increase memory allocation or sort the bam-file by name
    and rerun with the '--nameSorted' option.
    This might also indicate that your dataset contains an unusually large number of
    chimeric read-pairs. Or it could occur simply due to the presence of genomic
    loci with extremly high coverage. It may also indicate a SAM/BAM file that 
    does not adhere to the standard SAM specification.)
......[1000000 Read-Pairs processed] [Time: 2016-10-12 09:01:41] 
..........[2000000 Read-Pairs processed] [Time: 2016-10-12 09:02:58] 
..........[3000000 Read-Pairs processed] [Time: 2016-10-12 09:04:55] 
..........[4000000 Read-Pairs processed] [Time: 2016-10-12 09:06:55] 
..........[5000000 Read-Pairs processed] [Time: 2016-10-12 09:08:51] 
..........[6000000 Read-Pairs processed] [Time: 2016-10-12 09:10:41] 
..........[7000000 Read-Pairs processed] [Time: 2016-10-12 09:12:29] 
......
NOTE: Unmatched Read Buffer Size > 200000 [Mem usage:[3047MB / 12GB]]
....[8000000 Read-Pairs processed] [Time: 2016-10-12 09:13:44] 
....
NOTE: Unmatched Read Buffer Size > 400000 [Mem usage:[8GB / 12GB]]
.
NOTE: Unmatched Read Buffer Size > 800000 [Mem usage:[7GB / 12GB]]
.....[9000000 Read-Pairs processed] [Time: 2016-10-12 09:15:11] 
..........[10000000 Read-Pairs processed] [Time: 2016-10-12 09:16:50] 
..........[11000000 Read-Pairs processed] [Time: 2016-10-12 09:18:00] 
..........[12000000 Read-Pairs processed] [Time: 2016-10-12 09:19:28] 
..........[13000000 Read-Pairs processed] [Time: 2016-10-12 09:20:46] 
..........[14000000 Read-Pairs processed] [Time: 2016-10-12 09:21:50] 
..........[15000000 Read-Pairs processed] [Time: 2016-10-12 09:23:13] 
..........[16000000 Read-Pairs processed] [Time: 2016-10-12 09:24:26] 
..........[17000000 Read-Pairs processed] [Time: 2016-10-12 09:25:43] 
..........[18000000 Read-Pairs processed] [Time: 2016-10-12 09:27:20] 
..........[19000000 Read-Pairs processed] [Time: 2016-10-12 09:28:31] 
..........[20000000 Read-Pairs processed] [Time: 2016-10-12 09:29:10] 
..........[21000000 Read-Pairs processed] [Time: 2016-10-12 09:31:08] 
..........[22000000 Read-Pairs processed] [Time: 2016-10-12 09:33:07] 
..........[23000000 Read-Pairs processed] [Time: 2016-10-12 09:35:00] 
..........[24000000 Read-Pairs processed] [Time: 2016-10-12 09:36:40] 
..........[25000000 Read-Pairs processed] [Time: 2016-10-12 09:37:54] 
..........[26000000 Read-Pairs processed] [Time: 2016-10-12 09:39:07] 
..........[27000000 Read-Pairs processed] [Time: 2016-10-12 09:39:38] 
..........[28000000 Read-Pairs processed] [Time: 2016-10-12 09:41:34] 
..........[29000000 Read-Pairs processed] [Time: 2016-10-12 09:42:26] 
..........[30000000 Read-Pairs processed] [Time: 2016-10-12 09:42:53] 
..........[31000000 Read-Pairs processed] [Time: 2016-10-12 09:44:32] 
..........[32000000 Read-Pairs processed] [Time: 2016-10-12 09:45:52] 
..........[33000000 Read-Pairs processed] [Time: 2016-10-12 09:46:28] 
..........[34000000 Read-Pairs processed] [Time: 2016-10-12 09:48:11] 
..........[35000000 Read-Pairs processed] [Time: 2016-10-12 09:50:12] 
..........[36000000 Read-Pairs processed] [Time: 2016-10-12 09:52:08] 
..........[37000000 Read-Pairs processed] [Time: 2016-10-12 09:53:16] 
..........[38000000 Read-Pairs processed] [Time: 2016-10-12 09:54:59] 
..........[39000000 Read-Pairs processed] [Time: 2016-10-12 09:56:51] 
..........[40000000 Read-Pairs processed] [Time: 2016-10-12 09:58:39] 
..........[41000000 Read-Pairs processed] [Time: 2016-10-12 10:00:31] 
..........[42000000 Read-Pairs processed] [Time: 2016-10-12 10:02:21] 
..........[43000000 Read-Pairs processed] [Time: 2016-10-12 10:04:17] 
..........[44000000 Read-Pairs processed] [Time: 2016-10-12 10:04:44] 
.....
Finished reading SAM. Read: 44524438 reads/read-pairs.
Finished reading SAM. Used: 30569843 reads/read-pairs.
[Time: 2016-10-12 10:05:13] [Mem usage: [9GB / 17GB]] [Elapsed Time: 01:09:32.0879]
> Read Stats:
>   READ_PAIR_OK                   30569843
>   TOTAL_READ_PAIRS               44524438
>   DROPPED_NOT_PROPER_PAIR        0
>   DROPPED_READ_FAILS_VENDOR_QC   0
>   DROPPED_MARKED_NOT_VALID       0
>   DROPPED_CHROMS_MISMATCH        0
>   DROPPED_PAIR_STRANDS_MISMATCH  0
>   DROPPED_IGNORED_CHROMOSOME     0
>   DROPPED_NOT_UNIQUE_ALIGNMENT   13954595
Writing Output...
QoRTs QC complete with no problems.
Done.
Time spent on setup:           00:03:57.0770
Time spent on SAM iteration:   01:05:35.0109
                               (1.472973860632072 minutes per million read-pairs)
                               (2.1453604892028175 minutes per million read-pairs used)
Time spent on file output:     00:02:37.0067
Total runtime:                 01:12:09.0946
Done. (Wed Oct 12 10:07:50 EDT 2016)
