Starting QoRTs v1.1.8 (Compiled Wed Jul 13 13:35:56 EDT 2016)
Starting time: (Fri Jan 27 00:54:47 EST 2017)
INPUT_COMMAND(QC)
  INPUT_ARG(infile)=/mnt/mobydisk/pan/genomics/data/alee/nolan/projects/breast-mets/rna-seq/bone/34M/34M-star-2.4.2a-counts-ensemblv80/34M.star.sorted.bam
  INPUT_ARG(gtffile)=/mnt/mobydisk/pan/genomics/data/alee/nolan/apps/star/reference-files/Homo_sapiens.GRCh38.80.gtf
  INPUT_ARG(outdir)=/mnt/mobydisk/pan/genomics/data/alee/nolan/projects/breast-mets/rna-seq/bone/34M/34M-qorts-v1.1.8
  INPUT_ARG(stranded)=true
Created Log File: /mnt/mobydisk/pan/genomics/data/alee/nolan/projects/breast-mets/rna-seq/bone/34M/34M-qorts-v1.1.8/QC.xPyIMwfOYDIL.log
Starting QC
[Time: 2017-01-27 00:54:48] [Mem usage: [75MB / 2058MB]] [Elapsed Time: 00:00:00.0000]
QoRTs is Running in paired-end mode.
QoRTs is Running in any-sorted mode.
Running functions: NVC, GCDistribution, GeneCalcs, QualityScoreDistribution, 
        writeJunctionSeqCounts, writeKnownSplices, 
        writeNovelSplices, writeClippedNVC, CigarOpDistribution, 
        InsertSize, chromCounts, writeSpliceExon, 
        writeGenewiseGeneBody, JunctionCalcs, writeGeneCounts, 
        writeBiotypeCounts, writeDESeq, writeDEXSeq, writeGeneBody, 
        StrandCheck
Pre-alignment read count unknown (Set --seqReadCt or --rawfastq)
Checking first 10000 reads. Checking SAM file for formatting errors...
   Sorting Note: Reads are not sorted by name (This is OK).
   Sorting Note: Reads are sorted by position (This is OK).
Done checking first 10000 reads. No major problems detected.
SAMRecord Reader Generated. Read length: 75.
[Time: 2017-01-27 00:54:49] [Mem usage: [129MB / 2058MB]] [Elapsed Time: 00:00:01.0669]
Compiling flat feature annotation, internally in memory...
Internal flat feature annotation compiled!
QC Utilities Generated!
[Time: 2017-01-27 00:58:47] [Mem usage: [4503MB / 6GB]] [Elapsed Time: 00:03:59.0043]
.....
NOTE: Unmatched Read Buffer Size > 100000 [Mem usage:[5GB / 7GB]]
    (This is generally not a problem, but if this increases further then OutOfMemoryExceptions
    may occur.
    If memory errors do occur, either increase memory allocation or sort the bam-file by name
    and rerun with the '--nameSorted' option.
    This might also indicate that your dataset contains an unusually large number of
    chimeric read-pairs. Or it could occur simply due to the presence of genomic
    loci with extremly high coverage. It may also indicate a SAM/BAM file that 
    does not adhere to the standard SAM specification.)
.....[1000000 Read-Pairs processed] [Time: 2017-01-27 01:00:42] 
..........[2000000 Read-Pairs processed] [Time: 2017-01-27 01:02:34] 
..........[3000000 Read-Pairs processed] [Time: 2017-01-27 01:03:59] 
..........[4000000 Read-Pairs processed] [Time: 2017-01-27 01:05:52] 
..........[5000000 Read-Pairs processed] [Time: 2017-01-27 01:07:37] 
..........[6000000 Read-Pairs processed] [Time: 2017-01-27 01:09:24] 
..........[7000000 Read-Pairs processed] [Time: 2017-01-27 01:10:06] 
..........[8000000 Read-Pairs processed] [Time: 2017-01-27 01:11:31] 
..........[9000000 Read-Pairs processed] [Time: 2017-01-27 01:13:14] 
..........[10000000 Read-Pairs processed] [Time: 2017-01-27 01:15:01] 
..........[11000000 Read-Pairs processed] [Time: 2017-01-27 01:16:56] 
..........[12000000 Read-Pairs processed] [Time: 2017-01-27 01:18:50] 
..........[13000000 Read-Pairs processed] [Time: 2017-01-27 01:20:38] 
..........[14000000 Read-Pairs processed] [Time: 2017-01-27 01:22:34] 
..........[15000000 Read-Pairs processed] [Time: 2017-01-27 01:24:04] 
..........[16000000 Read-Pairs processed] [Time: 2017-01-27 01:25:55] 
..........[17000000 Read-Pairs processed] [Time: 2017-01-27 01:27:25] 
..........[18000000 Read-Pairs processed] [Time: 2017-01-27 01:28:42] 
..........[19000000 Read-Pairs processed] [Time: 2017-01-27 01:41:22] 
..........[20000000 Read-Pairs processed] [Time: 2017-01-27 02:13:59] 
..........[21000000 Read-Pairs processed] [Time: 2017-01-27 02:16:07] 
..........[22000000 Read-Pairs processed] [Time: 2017-01-27 02:18:01] 
..........[23000000 Read-Pairs processed] [Time: 2017-01-27 02:20:55] 
..........[24000000 Read-Pairs processed] [Time: 2017-01-27 02:23:01] 
..........[25000000 Read-Pairs processed] [Time: 2017-01-27 02:29:03] 
..........[26000000 Read-Pairs processed] [Time: 2017-01-27 02:31:11] 
..........[27000000 Read-Pairs processed] [Time: 2017-01-27 02:33:08] 
..........[28000000 Read-Pairs processed] [Time: 2017-01-27 02:34:34] 
..........[29000000 Read-Pairs processed] [Time: 2017-01-27 02:36:09] 
..........[30000000 Read-Pairs processed] [Time: 2017-01-27 02:38:06] 
..........[31000000 Read-Pairs processed] [Time: 2017-01-27 02:40:02] 
..........[32000000 Read-Pairs processed] [Time: 2017-01-27 02:41:53] 
..........[33000000 Read-Pairs processed] [Time: 2017-01-27 02:43:44] 
..........[34000000 Read-Pairs processed] [Time: 2017-01-27 02:45:19] 
..........[35000000 Read-Pairs processed] [Time: 2017-01-27 02:47:12] 
..........[36000000 Read-Pairs processed] [Time: 2017-01-27 02:49:00] 
..........[37000000 Read-Pairs processed] [Time: 2017-01-27 02:53:43] 
..........[38000000 Read-Pairs processed] [Time: 2017-01-27 02:55:32] 
..........[39000000 Read-Pairs processed] [Time: 2017-01-27 02:57:23] 
..........[40000000 Read-Pairs processed] [Time: 2017-01-27 02:59:13] 
..........[41000000 Read-Pairs processed] [Time: 2017-01-27 03:01:04] 
..........[42000000 Read-Pairs processed] [Time: 2017-01-27 03:02:41] 
Finished reading SAM. Read: 42012281 reads/read-pairs.
Finished reading SAM. Used: 36194988 reads/read-pairs.
[Time: 2017-01-27 03:02:41] [Mem usage: [14GB / 15GB]] [Elapsed Time: 02:07:53.0676]
> Read Stats:
>   READ_PAIR_OK                   36194988
>   TOTAL_READ_PAIRS               42012281
>   DROPPED_NOT_PROPER_PAIR        0
>   DROPPED_READ_FAILS_VENDOR_QC   0
>   DROPPED_MARKED_NOT_VALID       0
>   DROPPED_CHROMS_MISMATCH        0
>   DROPPED_PAIR_STRANDS_MISMATCH  0
>   DROPPED_IGNORED_CHROMOSOME     0
>   DROPPED_NOT_UNIQUE_ALIGNMENT   5817293
Writing Output...
QoRTs QC complete with no problems.
Done.
Time spent on setup:           00:03:59.0043
Time spent on SAM iteration:   02:03:54.0633
                               (2.9491376581052573 minutes per million read-pairs)
                               (3.423125875880937 minutes per million read-pairs used)
Time spent on file output:     00:02:35.0461
Total runtime:                 02:10:29.0137
Done. (Fri Jan 27 03:05:17 EST 2017)
