Starting QoRTs v1.1.8 (Compiled Wed Jul 13 13:35:56 EDT 2016)
Starting time: (Wed Oct 12 04:09:09 EDT 2016)
INPUT_COMMAND(QC)
  INPUT_ARG(infile)=/mnt/mobydisk/pan/genomics/data/alee/nolan/projects/breast-mets/rna-seq/brain/BP29/BP29-star-2.4.2a-counts-ensemblv80/BP29.star.sorted.bam
  INPUT_ARG(gtffile)=/mnt/mobydisk/pan/genomics/data/alee/nolan/apps/star/reference-files/Homo_sapiens.GRCh38.80.gtf
  INPUT_ARG(outdir)=/mnt/mobydisk/pan/genomics/data/alee/nolan/projects/breast-mets/rna-seq/brain/BP29/BP29-qorts-v1.1.8
  INPUT_ARG(stranded)=true
Created Log File: /mnt/mobydisk/pan/genomics/data/alee/nolan/projects/breast-mets/rna-seq/brain/BP29/BP29-qorts-v1.1.8/QC.0M0zP8XvzXGQ.log
Starting QC
[Time: 2016-10-12 04:09:09] [Mem usage: [75MB / 2058MB]] [Elapsed Time: 00:00:00.0000]
QoRTs is Running in paired-end mode.
QoRTs is Running in any-sorted mode.
Running functions: NVC, GCDistribution, GeneCalcs, QualityScoreDistribution, 
        writeJunctionSeqCounts, writeKnownSplices, 
        writeNovelSplices, writeClippedNVC, CigarOpDistribution, 
        InsertSize, chromCounts, writeSpliceExon, 
        writeGenewiseGeneBody, JunctionCalcs, writeGeneCounts, 
        writeBiotypeCounts, writeDESeq, writeDEXSeq, writeGeneBody, 
        StrandCheck
Pre-alignment read count unknown (Set --seqReadCt or --rawfastq)
Checking first 10000 reads. Checking SAM file for formatting errors...
   Stats on the first 10000 reads:
        Num Reads Primary Map:    3068
        Num Reads Paired-ended:   10000
        Num Reads mapped pair:    3068
        Num Pair names found:     1597
        Num Pairs matched:        1471
        Read Seq length:          75 to 75
        Unclipped Read length:    75 to 75
        Final maxReadLength:      75
        maxPhredScore:            36
        minPhredScore:            2
   Note: Data appears to be paired-ended.
   Sorting Note: Reads are not sorted by name (This is OK).
   Sorting Note: Reads are sorted by position (This is OK).
Done checking first 10000 reads. No major problems detected.
SAMRecord Reader Generated. Read length: 75.
[Time: 2016-10-12 04:09:10] [Mem usage: [126MB / 2058MB]] [Elapsed Time: 00:00:01.0763]
> Init GeneCalcs Utility
helper_calculateGeneAssignmentMap_strict. Found: 65217 genes in the supplied annotation.
helper_calculateGeneAssignmentMap_strict. Found: 7018 genes with ambiguous segments.
helper_calculateGeneAssignmentMap_strict. Found: 58199 genes after first-pass filtering
making makeGeneIntervalMap for geneBody calculations. Found: 58199 acceptable genes for gene-body analysis.
Compiling flat feature annotation, internally in memory...
FlatteningGtf: starting...(2016-10-12 04:11:06)
    FlatteningGtf: gtf file read complete.(2016-10-12 04:12:50)
    FlatteningGtf: Splice Junction Map read.(2016-10-12 04:12:52)
    FlatteningGtf: gene Sets generated.(2016-10-12 04:12:54)
    FlatteningGtf: Aggregate Sets built.
    FlatteningGtf: Compiling Aggregate Info . . . (2016-10-12 04:12:54)
    FlatteningGtf: Finished Compiling Aggregate Info. (2016-10-12 04:12:54)
    FlatteningGtf: Iterating through the step-vector...(2016-10-12 04:12:54)
    FlatteningGtf: Adding the aggregate genes themselves...(2016-10-12 04:12:56)
    FlatteningGtf: Iterating through the splice junctions...(2016-10-12 04:12:57)
    FlatteningGtf: Sorting the aggregate genes...(2016-10-12 04:12:59)
    FlatteningGtf: Folding the FlatGtfLine iterator...(2016-10-12 04:12:59)
    FlatteningGtf: Features Built.(2016-10-12 04:12:59)
Internal flat feature annotation compiled!
> Init InsertSize Utility
> Init NVC utility
> Init CigarOpDistribution Utility
> Init QualityScoreDistribution Utility
> Init GC counts Utility
> Init JunctionCalcs utility
length of knownSpliceMap after instantiation: 374703
length of knownCountMap after instantiation: 374703
> Init StrandCheck Utility
> Init chromCount Utility
QC Utilities Generated!
[Time: 2016-10-12 04:13:08] [Mem usage: [4403MB / 7GB]] [Elapsed Time: 00:03:59.0047]
........
NOTE: Unmatched Read Buffer Size > 100000 [Mem usage:[7GB / 9GB]]
    (This is generally not a problem, but if this increases further then OutOfMemoryExceptions
    may occur.
    If memory errors do occur, either increase memory allocation or sort the bam-file by name
    and rerun with the '--nameSorted' option.
    This might also indicate that your dataset contains an unusually large number of
    chimeric read-pairs. Or it could occur simply due to the presence of genomic
    loci with extremly high coverage. It may also indicate a SAM/BAM file that 
    does not adhere to the standard SAM specification.)
..[1000000 Read-Pairs processed] [Time: 2016-10-12 04:15:07] 
..........[2000000 Read-Pairs processed] [Time: 2016-10-12 04:17:02] 
..........[3000000 Read-Pairs processed] [Time: 2016-10-12 04:18:20] 
..........[4000000 Read-Pairs processed] [Time: 2016-10-12 04:19:58] 
..........[5000000 Read-Pairs processed] [Time: 2016-10-12 04:22:06] 
..........[6000000 Read-Pairs processed] [Time: 2016-10-12 04:23:52] 
..........[7000000 Read-Pairs processed] [Time: 2016-10-12 04:25:46] 
..........[8000000 Read-Pairs processed] [Time: 2016-10-12 04:27:32] 
..........[9000000 Read-Pairs processed] [Time: 2016-10-12 04:29:28] 
..........[10000000 Read-Pairs processed] [Time: 2016-10-12 04:31:15] 
..........[11000000 Read-Pairs processed] [Time: 2016-10-12 04:32:48] 
..........[12000000 Read-Pairs processed] [Time: 2016-10-12 04:34:41] 
..........[13000000 Read-Pairs processed] [Time: 2016-10-12 04:36:33] 
..........[14000000 Read-Pairs processed] [Time: 2016-10-12 04:38:14] 
..........[15000000 Read-Pairs processed] [Time: 2016-10-12 04:39:32] 
..........[16000000 Read-Pairs processed] [Time: 2016-10-12 04:41:31] 
..........[17000000 Read-Pairs processed] [Time: 2016-10-12 04:42:58] 
..........[18000000 Read-Pairs processed] [Time: 2016-10-12 04:43:46] 
..........[19000000 Read-Pairs processed] [Time: 2016-10-12 04:45:43] 
....
NOTE: Unmatched Read Buffer Size > 200000 [Mem usage:[3761MB / 13GB]]
......[20000000 Read-Pairs processed] [Time: 2016-10-12 04:46:36] 
.......
NOTE: Unmatched Read Buffer Size > 400000 [Mem usage:[4876MB / 14GB]]
...[21000000 Read-Pairs processed] [Time: 2016-10-12 04:47:02] 
..........[22000000 Read-Pairs processed] [Time: 2016-10-12 04:48:10] 
..........[23000000 Read-Pairs processed] [Time: 2016-10-12 04:49:53] 
..........[24000000 Read-Pairs processed] [Time: 2016-10-12 04:51:56] 
..........[25000000 Read-Pairs processed] [Time: 2016-10-12 04:53:53] 
..........[26000000 Read-Pairs processed] [Time: 2016-10-12 04:55:52] 
..........[27000000 Read-Pairs processed] [Time: 2016-10-12 04:57:51] 
..........[28000000 Read-Pairs processed] [Time: 2016-10-12 04:59:51] 
..........[29000000 Read-Pairs processed] [Time: 2016-10-12 05:01:51] 
..........[30000000 Read-Pairs processed] [Time: 2016-10-12 05:03:15] 
..........[31000000 Read-Pairs processed] [Time: 2016-10-12 05:05:06] 
..........[32000000 Read-Pairs processed] [Time: 2016-10-12 05:07:06] 
..........[33000000 Read-Pairs processed] [Time: 2016-10-12 05:08:37] 
..........[34000000 Read-Pairs processed] [Time: 2016-10-12 05:09:38] 
..........[35000000 Read-Pairs processed] [Time: 2016-10-12 05:11:16] 
..........[36000000 Read-Pairs processed] [Time: 2016-10-12 05:13:10] 
..........[37000000 Read-Pairs processed] [Time: 2016-10-12 05:15:13] 
..........[38000000 Read-Pairs processed] [Time: 2016-10-12 05:17:14] 
..........[39000000 Read-Pairs processed] [Time: 2016-10-12 05:19:11] 
..........[40000000 Read-Pairs processed] [Time: 2016-10-12 05:21:03] 
..........[41000000 Read-Pairs processed] [Time: 2016-10-12 05:23:02] 
..........[42000000 Read-Pairs processed] [Time: 2016-10-12 05:24:27] 
..........[43000000 Read-Pairs processed] [Time: 2016-10-12 05:26:23] 
..........[44000000 Read-Pairs processed] [Time: 2016-10-12 05:28:11] 
..........[45000000 Read-Pairs processed] [Time: 2016-10-12 05:29:53] 
..........[46000000 Read-Pairs processed] [Time: 2016-10-12 05:31:30] 
..........[47000000 Read-Pairs processed] [Time: 2016-10-12 05:33:28] 
..........[48000000 Read-Pairs processed] [Time: 2016-10-12 05:35:27] 
..........[49000000 Read-Pairs processed] [Time: 2016-10-12 05:37:20] 
..........[50000000 Read-Pairs processed] [Time: 2016-10-12 05:39:16] 
..........[51000000 Read-Pairs processed] [Time: 2016-10-12 05:41:22] 
..........[52000000 Read-Pairs processed] [Time: 2016-10-12 05:42:41] 
....
Finished reading SAM. Read: 52436528 reads/read-pairs.
Finished reading SAM. Used: 42153772 reads/read-pairs.
[Time: 2016-10-12 05:43:03] [Mem usage: [7GB / 15GB]] [Elapsed Time: 01:33:54.0198]
> Read Stats:
>   READ_PAIR_OK                   42153772
>   TOTAL_READ_PAIRS               52436528
>   DROPPED_NOT_PROPER_PAIR        0
>   DROPPED_READ_FAILS_VENDOR_QC   0
>   DROPPED_MARKED_NOT_VALID       0
>   DROPPED_CHROMS_MISMATCH        0
>   DROPPED_PAIR_STRANDS_MISMATCH  0
>   DROPPED_IGNORED_CHROMOSOME     0
>   DROPPED_NOT_UNIQUE_ALIGNMENT   10282756
Writing Output...
DEBUG NOTE: IncludeGenesSet.size: 58199
DEBUG NOTE: sortedReadCountSeq.size: 22598
DEBUG NOTE: coverageThresholds: 11299;16948;20338;22598
DEBUG NOTE: coverageSpans: [(0,11299);(11299,16948);(16948,20338);(20338,22598)]
DEBUG NOTE:	[1.bottomHalf][0.5] = [0,11299]
DEBUG NOTE:	[2.upperMidQuartile][0.75] = [11299,16948]
DEBUG NOTE:	[3.75to90][0.9] = [16948,20338]
DEBUG NOTE:	[4.high][1.0] = [20338,22598]
      (DEBUG) Generating Biotype Map [2016-10-12 05:43:12]
      (DEBUG) Extracted gene BioType using key "gene_biotype".
              Found 44 types: [TR_V_gene,unprocessed_pseudogene,protein_coding,IG_V_gene,TR_J_gene,Mt_tRNA,rRNA,TR_C_gene,TEC,vaultRNA,translated_processed_pseudogene,miRNA,scaRNA,TR_D_gene,snRNA,TR_V_pseudogene,snoRNA,transcribed_processed_pseudogene,IG_J_pseudogene,processed_transcript,TR_J_pseudogene,IG_V_pseudogene,3prime_overlapping_ncrna,IG_J_gene,processed_pseudogene,transcribed_unitary_pseudogene,IG_C_pseudogene,sense_overlapping,transcribed_unprocessed_pseudogene,lincRNA,translated_unprocessed_pseudogene,IG_C_gene,misc_RNA,ribozyme,IG_D_gene,polymorphic_pseudogene,antisense,Mt_rRNA,unitary_pseudogene,pseudogene,sRNA,non_coding,macro_lncRNA,sense_intronic]
      (DEBUG) Finished Biotype Map [2016-10-12 05:45:31]
length of knownCountMap after run: 374703
QoRTs QC complete with no problems.
Done.
Time spent on setup:           00:03:59.0047
Time spent on SAM iteration:   01:29:55.0151
                               (1.7147715551774645 minutes per million read-pairs)
                               (2.1330633630287386 minutes per million read-pairs used)
Time spent on file output:     00:02:37.0812
Total runtime:                 01:36:32.0010
Done. (Wed Oct 12 05:45:41 EDT 2016)
