Starting QoRTs v1.1.8 (Compiled Wed Jul 13 13:35:56 EDT 2016)
Starting time: (Fri Jan 27 00:54:47 EST 2017)
INPUT_COMMAND(QC)
  INPUT_ARG(infile)=/mnt/mobydisk/pan/genomics/data/alee/nolan/projects/breast-mets/rna-seq/bone/31M/31M-star-2.4.2a-counts-ensemblv80/31M.star.sorted.bam
  INPUT_ARG(gtffile)=/mnt/mobydisk/pan/genomics/data/alee/nolan/apps/star/reference-files/Homo_sapiens.GRCh38.80.gtf
  INPUT_ARG(outdir)=/mnt/mobydisk/pan/genomics/data/alee/nolan/projects/breast-mets/rna-seq/bone/31M/31M-qorts-v1.1.8
  INPUT_ARG(stranded)=true
Created Log File: /mnt/mobydisk/pan/genomics/data/alee/nolan/projects/breast-mets/rna-seq/bone/31M/31M-qorts-v1.1.8/QC.G3LONaRAJhDy.log
Starting QC
[Time: 2017-01-27 00:54:47] [Mem usage: [75MB / 2058MB]] [Elapsed Time: 00:00:00.0000]
QoRTs is Running in paired-end mode.
QoRTs is Running in any-sorted mode.
Running functions: NVC, GCDistribution, GeneCalcs, QualityScoreDistribution, 
        writeJunctionSeqCounts, writeKnownSplices, 
        writeNovelSplices, writeClippedNVC, CigarOpDistribution, 
        InsertSize, chromCounts, writeSpliceExon, 
        writeGenewiseGeneBody, JunctionCalcs, writeGeneCounts, 
        writeBiotypeCounts, writeDESeq, writeDEXSeq, writeGeneBody, 
        StrandCheck
Pre-alignment read count unknown (Set --seqReadCt or --rawfastq)
Checking first 10000 reads. Checking SAM file for formatting errors...
   Sorting Note: Reads are not sorted by name (This is OK).
   Sorting Note: Reads are sorted by position (This is OK).
Done checking first 10000 reads. No major problems detected.
SAMRecord Reader Generated. Read length: 75.
[Time: 2017-01-27 00:54:49] [Mem usage: [130MB / 2058MB]] [Elapsed Time: 00:00:01.0872]
Compiling flat feature annotation, internally in memory...
Internal flat feature annotation compiled!
QC Utilities Generated!
[Time: 2017-01-27 00:58:42] [Mem usage: [4497MB / 6GB]] [Elapsed Time: 00:03:55.0280]
.....
NOTE: Unmatched Read Buffer Size > 100000 [Mem usage:[5GB / 8GB]]
    (This is generally not a problem, but if this increases further then OutOfMemoryExceptions
    may occur.
    If memory errors do occur, either increase memory allocation or sort the bam-file by name
    and rerun with the '--nameSorted' option.
    This might also indicate that your dataset contains an unusually large number of
    chimeric read-pairs. Or it could occur simply due to the presence of genomic
    loci with extremly high coverage. It may also indicate a SAM/BAM file that 
    does not adhere to the standard SAM specification.)
..
NOTE: Unmatched Read Buffer Size > 200000 [Mem usage:[4127MB / 8GB]]
...[1000000 Read-Pairs processed] [Time: 2017-01-27 01:00:31] 
..........[2000000 Read-Pairs processed] [Time: 2017-01-27 01:02:23] 
..........[3000000 Read-Pairs processed] [Time: 2017-01-27 01:03:31] 
..........[4000000 Read-Pairs processed] [Time: 2017-01-27 01:05:22] 
..........[5000000 Read-Pairs processed] [Time: 2017-01-27 01:07:09] 
..........[6000000 Read-Pairs processed] [Time: 2017-01-27 01:08:58] 
..........[7000000 Read-Pairs processed] [Time: 2017-01-27 01:10:38] 
..........[8000000 Read-Pairs processed] [Time: 2017-01-27 01:12:22] 
..........[9000000 Read-Pairs processed] [Time: 2017-01-27 01:14:04] 
..........[10000000 Read-Pairs processed] [Time: 2017-01-27 01:15:54] 
..........[11000000 Read-Pairs processed] [Time: 2017-01-27 01:17:45] 
..........[12000000 Read-Pairs processed] [Time: 2017-01-27 01:19:35] 
..........[13000000 Read-Pairs processed] [Time: 2017-01-27 01:21:27] 
..........[14000000 Read-Pairs processed] [Time: 2017-01-27 01:23:06] 
..........[15000000 Read-Pairs processed] [Time: 2017-01-27 01:24:55] 
..........[16000000 Read-Pairs processed] [Time: 2017-01-27 01:26:08] 
..........[17000000 Read-Pairs processed] [Time: 2017-01-27 01:27:17] 
..........[18000000 Read-Pairs processed] [Time: 2017-01-27 01:28:35] 
..........[19000000 Read-Pairs processed] [Time: 2017-01-27 01:30:05] 
..........[20000000 Read-Pairs processed] [Time: 2017-01-27 01:32:03] 
..........[21000000 Read-Pairs processed] [Time: 2017-01-27 01:34:09] 
..........[22000000 Read-Pairs processed] [Time: 2017-01-27 01:36:07] 
..........[23000000 Read-Pairs processed] [Time: 2017-01-27 01:38:00] 
..........[24000000 Read-Pairs processed] [Time: 2017-01-27 01:39:52] 
..........[25000000 Read-Pairs processed] [Time: 2017-01-27 01:41:42] 
..........[26000000 Read-Pairs processed] [Time: 2017-01-27 01:43:19] 
..........[27000000 Read-Pairs processed] [Time: 2017-01-27 01:45:18] 
..........[28000000 Read-Pairs processed] [Time: 2017-01-27 01:47:12] 
..........[29000000 Read-Pairs processed] [Time: 2017-01-27 01:48:20] 
..........[30000000 Read-Pairs processed] [Time: 2017-01-27 01:50:08] 
..........[31000000 Read-Pairs processed] [Time: 2017-01-27 01:52:02] 
..........[32000000 Read-Pairs processed] [Time: 2017-01-27 01:53:55] 
..........[33000000 Read-Pairs processed] [Time: 2017-01-27 01:55:50] 
..........[34000000 Read-Pairs processed] [Time: 2017-01-27 01:57:33] 
..........[35000000 Read-Pairs processed] [Time: 2017-01-27 01:59:25] 
..........[36000000 Read-Pairs processed] [Time: 2017-01-27 02:01:08] 
..........[37000000 Read-Pairs processed] [Time: 2017-01-27 02:02:55] 
..........[38000000 Read-Pairs processed] [Time: 2017-01-27 02:04:41] 
..........[39000000 Read-Pairs processed] [Time: 2017-01-27 02:06:52] 
..........[40000000 Read-Pairs processed] [Time: 2017-01-27 02:09:00] 
..........[41000000 Read-Pairs processed] [Time: 2017-01-27 02:11:02] 
..........[42000000 Read-Pairs processed] [Time: 2017-01-27 02:12:47] 
..........[43000000 Read-Pairs processed] [Time: 2017-01-27 02:14:34] 
..........[44000000 Read-Pairs processed] [Time: 2017-01-27 02:16:25] 
..........[45000000 Read-Pairs processed] [Time: 2017-01-27 02:18:17] 
..........[46000000 Read-Pairs processed] [Time: 2017-01-27 02:19:59] 
....
Finished reading SAM. Read: 46461391 reads/read-pairs.
Finished reading SAM. Used: 41361503 reads/read-pairs.
[Time: 2017-01-27 02:20:28] [Mem usage: [10GB / 16GB]] [Elapsed Time: 01:25:40.0892]
> Read Stats:
>   READ_PAIR_OK                   41361503
>   TOTAL_READ_PAIRS               46461391
>   DROPPED_NOT_PROPER_PAIR        0
>   DROPPED_READ_FAILS_VENDOR_QC   0
>   DROPPED_MARKED_NOT_VALID       0
>   DROPPED_CHROMS_MISMATCH        0
>   DROPPED_PAIR_STRANDS_MISMATCH  0
>   DROPPED_IGNORED_CHROMOSOME     0
>   DROPPED_NOT_UNIQUE_ALIGNMENT   5099888
Writing Output...
QoRTs QC complete with no problems.
Done.
Time spent on setup:           00:03:55.0281
Time spent on SAM iteration:   01:21:45.0612
                               (1.759525452003794 minutes per million read-pairs)
                               (1.9764755647298407 minutes per million read-pairs used)
Time spent on file output:     00:02:32.0721
Total runtime:                 01:28:13.0614
Done. (Fri Jan 27 02:23:01 EST 2017)
