Starting QoRTs v1.1.8 (Compiled Wed Jul 13 13:35:56 EDT 2016)
Starting time: (Fri Jan 27 00:54:47 EST 2017)
INPUT_COMMAND(QC)
  INPUT_ARG(infile)=/mnt/mobydisk/pan/genomics/data/alee/nolan/projects/breast-mets/rna-seq/bone/31M/31M-star-2.4.2a-counts-ensemblv80/31M.star.sorted.bam
  INPUT_ARG(gtffile)=/mnt/mobydisk/pan/genomics/data/alee/nolan/apps/star/reference-files/Homo_sapiens.GRCh38.80.gtf
  INPUT_ARG(outdir)=/mnt/mobydisk/pan/genomics/data/alee/nolan/projects/breast-mets/rna-seq/bone/31M/31M-qorts-v1.1.8
  INPUT_ARG(stranded)=true
Created Log File: /mnt/mobydisk/pan/genomics/data/alee/nolan/projects/breast-mets/rna-seq/bone/31M/31M-qorts-v1.1.8/QC.G3LONaRAJhDy.log
Starting QC
[Time: 2017-01-27 00:54:47] [Mem usage: [75MB / 2058MB]] [Elapsed Time: 00:00:00.0000]
QoRTs is Running in paired-end mode.
QoRTs is Running in any-sorted mode.
Running functions: NVC, GCDistribution, GeneCalcs, QualityScoreDistribution, 
        writeJunctionSeqCounts, writeKnownSplices, 
        writeNovelSplices, writeClippedNVC, CigarOpDistribution, 
        InsertSize, chromCounts, writeSpliceExon, 
        writeGenewiseGeneBody, JunctionCalcs, writeGeneCounts, 
        writeBiotypeCounts, writeDESeq, writeDEXSeq, writeGeneBody, 
        StrandCheck
Pre-alignment read count unknown (Set --seqReadCt or --rawfastq)
Checking first 10000 reads. Checking SAM file for formatting errors...
   Stats on the first 10000 reads:
        Num Reads Primary Map:    3981
        Num Reads Paired-ended:   10000
        Num Reads mapped pair:    3981
        Num Pair names found:     2265
        Num Pairs matched:        1716
        Read Seq length:          75 to 75
        Unclipped Read length:    75 to 75
        Final maxReadLength:      75
        maxPhredScore:            36
        minPhredScore:            2
   Note: Data appears to be paired-ended.
   Sorting Note: Reads are not sorted by name (This is OK).
   Sorting Note: Reads are sorted by position (This is OK).
Done checking first 10000 reads. No major problems detected.
SAMRecord Reader Generated. Read length: 75.
[Time: 2017-01-27 00:54:49] [Mem usage: [130MB / 2058MB]] [Elapsed Time: 00:00:01.0872]
> Init GeneCalcs Utility
helper_calculateGeneAssignmentMap_strict. Found: 65217 genes in the supplied annotation.
helper_calculateGeneAssignmentMap_strict. Found: 7018 genes with ambiguous segments.
helper_calculateGeneAssignmentMap_strict. Found: 58199 genes after first-pass filtering
making makeGeneIntervalMap for geneBody calculations. Found: 58199 acceptable genes for gene-body analysis.
Compiling flat feature annotation, internally in memory...
FlatteningGtf: starting...(2017-01-27 00:56:44)
    FlatteningGtf: gtf file read complete.(2017-01-27 00:58:27)
    FlatteningGtf: Splice Junction Map read.(2017-01-27 00:58:29)
    FlatteningGtf: gene Sets generated.(2017-01-27 00:58:31)
    FlatteningGtf: Aggregate Sets built.
    FlatteningGtf: Compiling Aggregate Info . . . (2017-01-27 00:58:31)
    FlatteningGtf: Finished Compiling Aggregate Info. (2017-01-27 00:58:31)
    FlatteningGtf: Iterating through the step-vector...(2017-01-27 00:58:31)
    FlatteningGtf: Adding the aggregate genes themselves...(2017-01-27 00:58:32)
    FlatteningGtf: Iterating through the splice junctions...(2017-01-27 00:58:34)
    FlatteningGtf: Sorting the aggregate genes...(2017-01-27 00:58:36)
    FlatteningGtf: Folding the FlatGtfLine iterator...(2017-01-27 00:58:36)
    FlatteningGtf: Features Built.(2017-01-27 00:58:36)
Internal flat feature annotation compiled!
> Init InsertSize Utility
> Init NVC utility
> Init CigarOpDistribution Utility
> Init QualityScoreDistribution Utility
> Init GC counts Utility
> Init JunctionCalcs utility
length of knownSpliceMap after instantiation: 374703
length of knownCountMap after instantiation: 374703
> Init StrandCheck Utility
> Init chromCount Utility
QC Utilities Generated!
[Time: 2017-01-27 00:58:42] [Mem usage: [4497MB / 6GB]] [Elapsed Time: 00:03:55.0280]
.....
NOTE: Unmatched Read Buffer Size > 100000 [Mem usage:[5GB / 8GB]]
    (This is generally not a problem, but if this increases further then OutOfMemoryExceptions
    may occur.
    If memory errors do occur, either increase memory allocation or sort the bam-file by name
    and rerun with the '--nameSorted' option.
    This might also indicate that your dataset contains an unusually large number of
    chimeric read-pairs. Or it could occur simply due to the presence of genomic
    loci with extremly high coverage. It may also indicate a SAM/BAM file that 
    does not adhere to the standard SAM specification.)
..
NOTE: Unmatched Read Buffer Size > 200000 [Mem usage:[4127MB / 8GB]]
...[1000000 Read-Pairs processed] [Time: 2017-01-27 01:00:31] 
..........[2000000 Read-Pairs processed] [Time: 2017-01-27 01:02:23] 
..........[3000000 Read-Pairs processed] [Time: 2017-01-27 01:03:31] 
..........[4000000 Read-Pairs processed] [Time: 2017-01-27 01:05:22] 
..........[5000000 Read-Pairs processed] [Time: 2017-01-27 01:07:09] 
..........[6000000 Read-Pairs processed] [Time: 2017-01-27 01:08:58] 
..........[7000000 Read-Pairs processed] [Time: 2017-01-27 01:10:38] 
..........[8000000 Read-Pairs processed] [Time: 2017-01-27 01:12:22] 
..........[9000000 Read-Pairs processed] [Time: 2017-01-27 01:14:04] 
..........[10000000 Read-Pairs processed] [Time: 2017-01-27 01:15:54] 
..........[11000000 Read-Pairs processed] [Time: 2017-01-27 01:17:45] 
..........[12000000 Read-Pairs processed] [Time: 2017-01-27 01:19:35] 
..........[13000000 Read-Pairs processed] [Time: 2017-01-27 01:21:27] 
..........[14000000 Read-Pairs processed] [Time: 2017-01-27 01:23:06] 
..........[15000000 Read-Pairs processed] [Time: 2017-01-27 01:24:55] 
..........[16000000 Read-Pairs processed] [Time: 2017-01-27 01:26:08] 
..........[17000000 Read-Pairs processed] [Time: 2017-01-27 01:27:17] 
..........[18000000 Read-Pairs processed] [Time: 2017-01-27 01:28:35] 
..........[19000000 Read-Pairs processed] [Time: 2017-01-27 01:30:05] 
..........[20000000 Read-Pairs processed] [Time: 2017-01-27 01:32:03] 
..........[21000000 Read-Pairs processed] [Time: 2017-01-27 01:34:09] 
..........[22000000 Read-Pairs processed] [Time: 2017-01-27 01:36:07] 
..........[23000000 Read-Pairs processed] [Time: 2017-01-27 01:38:00] 
..........[24000000 Read-Pairs processed] [Time: 2017-01-27 01:39:52] 
..........[25000000 Read-Pairs processed] [Time: 2017-01-27 01:41:42] 
..........[26000000 Read-Pairs processed] [Time: 2017-01-27 01:43:19] 
..........[27000000 Read-Pairs processed] [Time: 2017-01-27 01:45:18] 
..........[28000000 Read-Pairs processed] [Time: 2017-01-27 01:47:12] 
..........[29000000 Read-Pairs processed] [Time: 2017-01-27 01:48:20] 
..........[30000000 Read-Pairs processed] [Time: 2017-01-27 01:50:08] 
..........[31000000 Read-Pairs processed] [Time: 2017-01-27 01:52:02] 
..........[32000000 Read-Pairs processed] [Time: 2017-01-27 01:53:55] 
..........[33000000 Read-Pairs processed] [Time: 2017-01-27 01:55:50] 
..........[34000000 Read-Pairs processed] [Time: 2017-01-27 01:57:33] 
..........[35000000 Read-Pairs processed] [Time: 2017-01-27 01:59:25] 
..........[36000000 Read-Pairs processed] [Time: 2017-01-27 02:01:08] 
..........[37000000 Read-Pairs processed] [Time: 2017-01-27 02:02:55] 
..........[38000000 Read-Pairs processed] [Time: 2017-01-27 02:04:41] 
..........[39000000 Read-Pairs processed] [Time: 2017-01-27 02:06:52] 
..........[40000000 Read-Pairs processed] [Time: 2017-01-27 02:09:00] 
..........[41000000 Read-Pairs processed] [Time: 2017-01-27 02:11:02] 
..........[42000000 Read-Pairs processed] [Time: 2017-01-27 02:12:47] 
..........[43000000 Read-Pairs processed] [Time: 2017-01-27 02:14:34] 
..........[44000000 Read-Pairs processed] [Time: 2017-01-27 02:16:25] 
..........[45000000 Read-Pairs processed] [Time: 2017-01-27 02:18:17] 
..........[46000000 Read-Pairs processed] [Time: 2017-01-27 02:19:59] 
....
Finished reading SAM. Read: 46461391 reads/read-pairs.
Finished reading SAM. Used: 41361503 reads/read-pairs.
[Time: 2017-01-27 02:20:28] [Mem usage: [10GB / 16GB]] [Elapsed Time: 01:25:40.0892]
> Read Stats:
>   READ_PAIR_OK                   41361503
>   TOTAL_READ_PAIRS               46461391
>   DROPPED_NOT_PROPER_PAIR        0
>   DROPPED_READ_FAILS_VENDOR_QC   0
>   DROPPED_MARKED_NOT_VALID       0
>   DROPPED_CHROMS_MISMATCH        0
>   DROPPED_PAIR_STRANDS_MISMATCH  0
>   DROPPED_IGNORED_CHROMOSOME     0
>   DROPPED_NOT_UNIQUE_ALIGNMENT   5099888
Writing Output...
DEBUG NOTE: IncludeGenesSet.size: 58199
DEBUG NOTE: sortedReadCountSeq.size: 19643
DEBUG NOTE: coverageThresholds: 9821;14732;17678;19643
DEBUG NOTE: coverageSpans: [(0,9821);(9821,14732);(14732,17678);(17678,19643)]
DEBUG NOTE:	[1.bottomHalf][0.5] = [0,9821]
DEBUG NOTE:	[2.upperMidQuartile][0.75] = [9821,14732]
DEBUG NOTE:	[3.75to90][0.9] = [14732,17678]
DEBUG NOTE:	[4.high][1.0] = [17678,19643]
      (DEBUG) Generating Biotype Map [2017-01-27 02:20:37]
      (DEBUG) Extracted gene BioType using key "gene_biotype".
              Found 44 types: [TR_V_gene,unprocessed_pseudogene,protein_coding,IG_V_gene,TR_J_gene,Mt_tRNA,rRNA,TR_C_gene,TEC,vaultRNA,translated_processed_pseudogene,miRNA,scaRNA,TR_D_gene,snRNA,TR_V_pseudogene,snoRNA,transcribed_processed_pseudogene,IG_J_pseudogene,processed_transcript,TR_J_pseudogene,IG_V_pseudogene,3prime_overlapping_ncrna,IG_J_gene,processed_pseudogene,transcribed_unitary_pseudogene,IG_C_pseudogene,sense_overlapping,transcribed_unprocessed_pseudogene,lincRNA,translated_unprocessed_pseudogene,IG_C_gene,misc_RNA,ribozyme,IG_D_gene,polymorphic_pseudogene,antisense,Mt_rRNA,unitary_pseudogene,pseudogene,sRNA,non_coding,macro_lncRNA,sense_intronic]
      (DEBUG) Finished Biotype Map [2017-01-27 02:22:52]
length of knownCountMap after run: 374703
QoRTs QC complete with no problems.
Done.
Time spent on setup:           00:03:55.0281
Time spent on SAM iteration:   01:21:45.0612
                               (1.759525452003794 minutes per million read-pairs)
                               (1.9764755647298407 minutes per million read-pairs used)
Time spent on file output:     00:02:32.0721
Total runtime:                 01:28:13.0614
Done. (Fri Jan 27 02:23:01 EST 2017)
