Starting QoRTs v1.1.8 (Compiled Wed Jul 13 13:35:56 EDT 2016)
Starting time: (Fri Jan 27 00:54:47 EST 2017)
INPUT_COMMAND(QC)
  INPUT_ARG(infile)=/mnt/mobydisk/pan/genomics/data/alee/nolan/projects/breast-mets/rna-seq/bone/22M/22M-star-2.4.2a-counts-ensemblv80/22M.star.sorted.bam
  INPUT_ARG(gtffile)=/mnt/mobydisk/pan/genomics/data/alee/nolan/apps/star/reference-files/Homo_sapiens.GRCh38.80.gtf
  INPUT_ARG(outdir)=/mnt/mobydisk/pan/genomics/data/alee/nolan/projects/breast-mets/rna-seq/bone/22M/22M-qorts-v1.1.8
  INPUT_ARG(stranded)=true
Created Log File: /mnt/mobydisk/pan/genomics/data/alee/nolan/projects/breast-mets/rna-seq/bone/22M/22M-qorts-v1.1.8/QC.n7OPJ54zdFcf.log
Starting QC
[Time: 2017-01-27 00:54:48] [Mem usage: [75MB / 2058MB]] [Elapsed Time: 00:00:00.0000]
QoRTs is Running in paired-end mode.
QoRTs is Running in any-sorted mode.
Running functions: NVC, GCDistribution, GeneCalcs, QualityScoreDistribution, 
        writeJunctionSeqCounts, writeKnownSplices, 
        writeNovelSplices, writeClippedNVC, CigarOpDistribution, 
        InsertSize, chromCounts, writeSpliceExon, 
        writeGenewiseGeneBody, JunctionCalcs, writeGeneCounts, 
        writeBiotypeCounts, writeDESeq, writeDEXSeq, writeGeneBody, 
        StrandCheck
Pre-alignment read count unknown (Set --seqReadCt or --rawfastq)
Checking first 10000 reads. Checking SAM file for formatting errors...
   Stats on the first 10000 reads:
        Num Reads Primary Map:    3297
        Num Reads Paired-ended:   10000
        Num Reads mapped pair:    3297
        Num Pair names found:     1798
        Num Pairs matched:        1499
        Read Seq length:          75 to 75
        Unclipped Read length:    75 to 75
        Final maxReadLength:      75
        maxPhredScore:            36
        minPhredScore:            2
   Note: Data appears to be paired-ended.
   Sorting Note: Reads are not sorted by name (This is OK).
   Sorting Note: Reads are sorted by position (This is OK).
Done checking first 10000 reads. No major problems detected.
SAMRecord Reader Generated. Read length: 75.
[Time: 2017-01-27 00:54:49] [Mem usage: [130MB / 2058MB]] [Elapsed Time: 00:00:01.0798]
> Init GeneCalcs Utility
helper_calculateGeneAssignmentMap_strict. Found: 65217 genes in the supplied annotation.
helper_calculateGeneAssignmentMap_strict. Found: 7018 genes with ambiguous segments.
helper_calculateGeneAssignmentMap_strict. Found: 58199 genes after first-pass filtering
making makeGeneIntervalMap for geneBody calculations. Found: 58199 acceptable genes for gene-body analysis.
Compiling flat feature annotation, internally in memory...
FlatteningGtf: starting...(2017-01-27 00:56:45)
    FlatteningGtf: gtf file read complete.(2017-01-27 00:58:31)
    FlatteningGtf: Splice Junction Map read.(2017-01-27 00:58:33)
    FlatteningGtf: gene Sets generated.(2017-01-27 00:58:34)
    FlatteningGtf: Aggregate Sets built.
    FlatteningGtf: Compiling Aggregate Info . . . (2017-01-27 00:58:34)
    FlatteningGtf: Finished Compiling Aggregate Info. (2017-01-27 00:58:35)
    FlatteningGtf: Iterating through the step-vector...(2017-01-27 00:58:35)
    FlatteningGtf: Adding the aggregate genes themselves...(2017-01-27 00:58:36)
    FlatteningGtf: Iterating through the splice junctions...(2017-01-27 00:58:37)
    FlatteningGtf: Sorting the aggregate genes...(2017-01-27 00:58:41)
    FlatteningGtf: Folding the FlatGtfLine iterator...(2017-01-27 00:58:42)
    FlatteningGtf: Features Built.(2017-01-27 00:58:42)
Internal flat feature annotation compiled!
> Init InsertSize Utility
> Init NVC utility
> Init CigarOpDistribution Utility
> Init QualityScoreDistribution Utility
> Init GC counts Utility
> Init JunctionCalcs utility
length of knownSpliceMap after instantiation: 374703
length of knownCountMap after instantiation: 374703
> Init StrandCheck Utility
> Init chromCount Utility
QC Utilities Generated!
[Time: 2017-01-27 00:58:48] [Mem usage: [4859MB / 7GB]] [Elapsed Time: 00:04:00.0406]
..........[1000000 Read-Pairs processed] [Time: 2017-01-27 01:00:46] 
..........[2000000 Read-Pairs processed] [Time: 2017-01-27 01:02:42] 
.
NOTE: Unmatched Read Buffer Size > 100000 [Mem usage:[3776MB / 9GB]]
    (This is generally not a problem, but if this increases further then OutOfMemoryExceptions
    may occur.
    If memory errors do occur, either increase memory allocation or sort the bam-file by name
    and rerun with the '--nameSorted' option.
    This might also indicate that your dataset contains an unusually large number of
    chimeric read-pairs. Or it could occur simply due to the presence of genomic
    loci with extremly high coverage. It may also indicate a SAM/BAM file that 
    does not adhere to the standard SAM specification.)
.........[3000000 Read-Pairs processed] [Time: 2017-01-27 01:03:39] 
..........[4000000 Read-Pairs processed] [Time: 2017-01-27 01:04:43] 
..........[5000000 Read-Pairs processed] [Time: 2017-01-27 01:06:45] 
..........[6000000 Read-Pairs processed] [Time: 2017-01-27 01:08:48] 
..........[7000000 Read-Pairs processed] [Time: 2017-01-27 01:10:30] 
..........[8000000 Read-Pairs processed] [Time: 2017-01-27 01:12:05] 
..........[9000000 Read-Pairs processed] [Time: 2017-01-27 01:14:06] 
..........[10000000 Read-Pairs processed] [Time: 2017-01-27 01:16:05] 
..........[11000000 Read-Pairs processed] [Time: 2017-01-27 01:18:09] 
..........[12000000 Read-Pairs processed] [Time: 2017-01-27 01:20:03] 
..........[13000000 Read-Pairs processed] [Time: 2017-01-27 01:22:50] 
..........[14000000 Read-Pairs processed] [Time: 2017-01-27 01:25:13] 
.
Finished reading SAM. Read: 14170571 reads/read-pairs.
Finished reading SAM. Used: 11552934 reads/read-pairs.
[Time: 2017-01-27 01:25:27] [Mem usage: [12GB / 15GB]] [Elapsed Time: 00:30:39.0633]
> Read Stats:
>   READ_PAIR_OK                   11552934
>   TOTAL_READ_PAIRS               14170571
>   DROPPED_NOT_PROPER_PAIR        0
>   DROPPED_READ_FAILS_VENDOR_QC   0
>   DROPPED_MARKED_NOT_VALID       0
>   DROPPED_CHROMS_MISMATCH        0
>   DROPPED_PAIR_STRANDS_MISMATCH  0
>   DROPPED_IGNORED_CHROMOSOME     0
>   DROPPED_NOT_UNIQUE_ALIGNMENT   2617637
Writing Output...
DEBUG NOTE: IncludeGenesSet.size: 58199
DEBUG NOTE: sortedReadCountSeq.size: 16235
DEBUG NOTE: coverageThresholds: 8117;12176;14611;16235
DEBUG NOTE: coverageSpans: [(0,8117);(8117,12176);(12176,14611);(14611,16235)]
DEBUG NOTE:	[1.bottomHalf][0.5] = [0,8117]
DEBUG NOTE:	[2.upperMidQuartile][0.75] = [8117,12176]
DEBUG NOTE:	[3.75to90][0.9] = [12176,14611]
DEBUG NOTE:	[4.high][1.0] = [14611,16235]
      (DEBUG) Generating Biotype Map [2017-01-27 01:25:37]
      (DEBUG) Extracted gene BioType using key "gene_biotype".
              Found 44 types: [TR_V_gene,unprocessed_pseudogene,protein_coding,IG_V_gene,TR_J_gene,Mt_tRNA,rRNA,TR_C_gene,TEC,vaultRNA,translated_processed_pseudogene,miRNA,scaRNA,TR_D_gene,snRNA,TR_V_pseudogene,snoRNA,transcribed_processed_pseudogene,IG_J_pseudogene,processed_transcript,TR_J_pseudogene,IG_V_pseudogene,3prime_overlapping_ncrna,IG_J_gene,processed_pseudogene,transcribed_unitary_pseudogene,IG_C_pseudogene,sense_overlapping,transcribed_unprocessed_pseudogene,lincRNA,translated_unprocessed_pseudogene,IG_C_gene,misc_RNA,ribozyme,IG_D_gene,polymorphic_pseudogene,antisense,Mt_rRNA,unitary_pseudogene,pseudogene,sRNA,non_coding,macro_lncRNA,sense_intronic]
      (DEBUG) Finished Biotype Map [2017-01-27 01:28:05]
length of knownCountMap after run: 374703
QoRTs QC complete with no problems.
Done.
Time spent on setup:           00:04:00.0406
Time spent on SAM iteration:   00:26:39.0227
                               (1.8806581611990087 minutes per million read-pairs)
                               (2.306773327018054 minutes per million read-pairs used)
Time spent on file output:     00:02:46.0323
Total runtime:                 00:33:25.0956
Done. (Fri Jan 27 01:28:13 EST 2017)
