Starting QoRTs v1.1.8 (Compiled Wed Jul 13 13:35:56 EDT 2016)
Starting time: (Fri Jan 27 03:45:12 EST 2017)
INPUT_COMMAND(QC)
  INPUT_ARG(infile)=/mnt/mobydisk/pan/genomics/data/alee/nolan/projects/breast-mets/rna-seq/bone/BM03-DECAL/BM03-DECAL-star-2.4.2a-counts-ensemblv80/BM03-DECAL.star.sorted.bam
  INPUT_ARG(gtffile)=/mnt/mobydisk/pan/genomics/data/alee/nolan/apps/star/reference-files/Homo_sapiens.GRCh38.80.gtf
  INPUT_ARG(outdir)=/mnt/mobydisk/pan/genomics/data/alee/nolan/projects/breast-mets/rna-seq/bone/BM03-DECAL/BM03-DECAL-qorts-v1.1.8
  INPUT_ARG(stranded)=true
Created Log File: /mnt/mobydisk/pan/genomics/data/alee/nolan/projects/breast-mets/rna-seq/bone/BM03-DECAL/BM03-DECAL-qorts-v1.1.8/QC.0gsqHUfbRHJ8.log
Starting QC
[Time: 2017-01-27 03:45:12] [Mem usage: [75MB / 2058MB]] [Elapsed Time: 00:00:00.0000]
QoRTs is Running in paired-end mode.
QoRTs is Running in any-sorted mode.
Running functions: NVC, GCDistribution, GeneCalcs, QualityScoreDistribution, 
        writeJunctionSeqCounts, writeKnownSplices, 
        writeNovelSplices, writeClippedNVC, CigarOpDistribution, 
        InsertSize, chromCounts, writeSpliceExon, 
        writeGenewiseGeneBody, JunctionCalcs, writeGeneCounts, 
        writeBiotypeCounts, writeDESeq, writeDEXSeq, writeGeneBody, 
        StrandCheck
Pre-alignment read count unknown (Set --seqReadCt or --rawfastq)
Checking first 10000 reads. Checking SAM file for formatting errors...
   Sorting Note: Reads are not sorted by name (This is OK).
   Sorting Note: Reads are sorted by position (This is OK).
Done checking first 10000 reads. No major problems detected.
SAMRecord Reader Generated. Read length: 75.
[Time: 2017-01-27 03:45:14] [Mem usage: [130MB / 2058MB]] [Elapsed Time: 00:00:01.0900]
Compiling flat feature annotation, internally in memory...
Internal flat feature annotation compiled!
QC Utilities Generated!
[Time: 2017-01-27 03:49:08] [Mem usage: [3598MB / 7GB]] [Elapsed Time: 00:03:56.0007]
..........[1000000 Read-Pairs processed] [Time: 2017-01-27 03:51:03] 
..
NOTE: Unmatched Read Buffer Size > 100000 [Mem usage:[2924MB / 8GB]]
    (This is generally not a problem, but if this increases further then OutOfMemoryExceptions
    may occur.
    If memory errors do occur, either increase memory allocation or sort the bam-file by name
    and rerun with the '--nameSorted' option.
    This might also indicate that your dataset contains an unusually large number of
    chimeric read-pairs. Or it could occur simply due to the presence of genomic
    loci with extremly high coverage. It may also indicate a SAM/BAM file that 
    does not adhere to the standard SAM specification.)
NOTE: Unmatched Read Buffer Size > 200000 [Mem usage:[3166MB / 8GB]]
........[2000000 Read-Pairs processed] [Time: 2017-01-27 03:53:03] 
..........[3000000 Read-Pairs processed] [Time: 2017-01-27 03:55:04] 
..........[4000000 Read-Pairs processed] [Time: 2017-01-27 03:56:09] 
..........[5000000 Read-Pairs processed] [Time: 2017-01-27 03:58:08] 
..........[6000000 Read-Pairs processed] [Time: 2017-01-27 04:00:08] 
..........[7000000 Read-Pairs processed] [Time: 2017-01-27 04:01:50] 
..........[8000000 Read-Pairs processed] [Time: 2017-01-27 04:03:43] 
..........[9000000 Read-Pairs processed] [Time: 2017-01-27 04:05:45] 
..........[10000000 Read-Pairs processed] [Time: 2017-01-27 04:06:38] 
..........[11000000 Read-Pairs processed] [Time: 2017-01-27 04:08:26] 
..........[12000000 Read-Pairs processed] [Time: 2017-01-27 04:10:15] 
..........[13000000 Read-Pairs processed] [Time: 2017-01-27 04:12:08] 
..........[14000000 Read-Pairs processed] [Time: 2017-01-27 04:14:02] 
..........[15000000 Read-Pairs processed] [Time: 2017-01-27 04:16:06] 
..........[16000000 Read-Pairs processed] [Time: 2017-01-27 04:17:58] 
..........[17000000 Read-Pairs processed] [Time: 2017-01-27 04:20:00] 
..........[18000000 Read-Pairs processed] [Time: 2017-01-27 04:21:52] 
..........[19000000 Read-Pairs processed] [Time: 2017-01-27 04:23:56] 
..........[20000000 Read-Pairs processed] [Time: 2017-01-27 04:25:58] 
..........[21000000 Read-Pairs processed] [Time: 2017-01-27 04:27:48] 
..........[22000000 Read-Pairs processed] [Time: 2017-01-27 04:29:43] 
..........[23000000 Read-Pairs processed] [Time: 2017-01-27 04:31:42] 
..........[24000000 Read-Pairs processed] [Time: 2017-01-27 04:33:26] 
..........[25000000 Read-Pairs processed] [Time: 2017-01-27 04:34:13] 
..........[26000000 Read-Pairs processed] [Time: 2017-01-27 04:35:31] 
..........[27000000 Read-Pairs processed] [Time: 2017-01-27 04:37:32] 
..........[28000000 Read-Pairs processed] [Time: 2017-01-27 04:38:30] 
..........[29000000 Read-Pairs processed] [Time: 2017-01-27 04:40:18] 
..........[30000000 Read-Pairs processed] [Time: 2017-01-27 04:42:21] 
..........[31000000 Read-Pairs processed] [Time: 2017-01-27 04:44:19] 
..........[32000000 Read-Pairs processed] [Time: 2017-01-27 04:46:16] 
..........[33000000 Read-Pairs processed] [Time: 2017-01-27 04:48:18] 
..........[34000000 Read-Pairs processed] [Time: 2017-01-27 04:50:12] 
..........[35000000 Read-Pairs processed] [Time: 2017-01-27 04:52:11] 
..........[36000000 Read-Pairs processed] [Time: 2017-01-27 04:54:14] 
..........[37000000 Read-Pairs processed] [Time: 2017-01-27 04:56:07] 
..........[38000000 Read-Pairs processed] [Time: 2017-01-27 04:57:35] 
..........[39000000 Read-Pairs processed] [Time: 2017-01-27 04:59:38] 
..........[40000000 Read-Pairs processed] [Time: 2017-01-27 05:01:44] 
..........[41000000 Read-Pairs processed] [Time: 2017-01-27 05:03:49] 
..........[42000000 Read-Pairs processed] [Time: 2017-01-27 05:05:06] 
..........[43000000 Read-Pairs processed] [Time: 2017-01-27 05:06:33] 
..........[44000000 Read-Pairs processed] [Time: 2017-01-27 05:08:30] 
..........[45000000 Read-Pairs processed] [Time: 2017-01-27 05:10:33] 
..........[46000000 Read-Pairs processed] [Time: 2017-01-27 05:12:38] 
..........[47000000 Read-Pairs processed] [Time: 2017-01-27 05:14:41] 
..........[48000000 Read-Pairs processed] [Time: 2017-01-27 05:16:44] 
..........[49000000 Read-Pairs processed] [Time: 2017-01-27 05:18:48] 
..........[50000000 Read-Pairs processed] [Time: 2017-01-27 05:20:24] 
..........[51000000 Read-Pairs processed] [Time: 2017-01-27 05:21:52] 
..........[52000000 Read-Pairs processed] [Time: 2017-01-27 05:23:54] 
..........[53000000 Read-Pairs processed] [Time: 2017-01-27 05:25:37] 
..........[54000000 Read-Pairs processed] [Time: 2017-01-27 05:26:30] 
..........[55000000 Read-Pairs processed] [Time: 2017-01-27 05:28:22] 
..........[56000000 Read-Pairs processed] [Time: 2017-01-27 05:30:22] 
..........[57000000 Read-Pairs processed] [Time: 2017-01-27 05:32:23] 
..........[58000000 Read-Pairs processed] [Time: 2017-01-27 05:34:07] 
..........[59000000 Read-Pairs processed] [Time: 2017-01-27 05:35:36] 
..........[60000000 Read-Pairs processed] [Time: 2017-01-27 05:37:35] 
..........[61000000 Read-Pairs processed] [Time: 2017-01-27 05:39:36] 
..........[62000000 Read-Pairs processed] [Time: 2017-01-27 05:41:38] 
..........[63000000 Read-Pairs processed] [Time: 2017-01-27 05:43:40] 
..........[64000000 Read-Pairs processed] [Time: 2017-01-27 05:45:32] 
..........[65000000 Read-Pairs processed] [Time: 2017-01-27 05:47:27] 
..........[66000000 Read-Pairs processed] [Time: 2017-01-27 05:49:27] 
..........[67000000 Read-Pairs processed] [Time: 2017-01-27 05:51:27] 
..........[68000000 Read-Pairs processed] [Time: 2017-01-27 05:53:20] 
.......
Finished reading SAM. Read: 68712870 reads/read-pairs.
Finished reading SAM. Used: 59153912 reads/read-pairs.
[Time: 2017-01-27 05:54:05] [Mem usage: [11GB / 16GB]] [Elapsed Time: 02:08:53.0005]
> Read Stats:
>   READ_PAIR_OK                   59153912
>   TOTAL_READ_PAIRS               68712870
>   DROPPED_NOT_PROPER_PAIR        0
>   DROPPED_READ_FAILS_VENDOR_QC   0
>   DROPPED_MARKED_NOT_VALID       0
>   DROPPED_CHROMS_MISMATCH        0
>   DROPPED_PAIR_STRANDS_MISMATCH  0
>   DROPPED_IGNORED_CHROMOSOME     0
>   DROPPED_NOT_UNIQUE_ALIGNMENT   9558958
Writing Output...
QoRTs QC complete with no problems.
Done.
Time spent on setup:           00:03:56.0007
Time spent on SAM iteration:   02:04:56.0998
                               (1.8181940782466712 minutes per million read-pairs)
                               (2.1120045844699726 minutes per million read-pairs used)
Time spent on file output:     00:02:32.0881
Total runtime:                 02:11:25.0886
Done. (Fri Jan 27 05:56:38 EST 2017)
