Starting QoRTs v1.1.8 (Compiled Wed Jul 13 13:35:56 EDT 2016)
Starting time: (Wed Oct 12 08:46:21 EDT 2016)
INPUT_COMMAND(QC)
  INPUT_ARG(infile)=/mnt/mobydisk/pan/genomics/data/alee/nolan/projects/breast-mets/rna-seq/brain/orphan/BPF51/BPF51-star-2.4.2a-counts-ensemblv80/BPF51.star.sorted.bam
  INPUT_ARG(gtffile)=/mnt/mobydisk/pan/genomics/data/alee/nolan/apps/star/reference-files/Homo_sapiens.GRCh38.80.gtf
  INPUT_ARG(outdir)=/mnt/mobydisk/pan/genomics/data/alee/nolan/projects/breast-mets/rna-seq/brain/orphan/BPF51/BPF51-qorts-v1.1.8
  INPUT_ARG(stranded)=true
Created Log File: /mnt/mobydisk/pan/genomics/data/alee/nolan/projects/breast-mets/rna-seq/brain/orphan/BPF51/BPF51-qorts-v1.1.8/QC.pBa1qbtqAbvv.log
Starting QC
[Time: 2016-10-12 08:46:21] [Mem usage: [75MB / 2058MB]] [Elapsed Time: 00:00:00.0000]
QoRTs is Running in paired-end mode.
QoRTs is Running in any-sorted mode.
Running functions: NVC, GCDistribution, GeneCalcs, QualityScoreDistribution, 
        writeJunctionSeqCounts, writeKnownSplices, 
        writeNovelSplices, writeClippedNVC, CigarOpDistribution, 
        InsertSize, chromCounts, writeSpliceExon, 
        writeGenewiseGeneBody, JunctionCalcs, writeGeneCounts, 
        writeBiotypeCounts, writeDESeq, writeDEXSeq, writeGeneBody, 
        StrandCheck
Pre-alignment read count unknown (Set --seqReadCt or --rawfastq)
Checking first 10000 reads. Checking SAM file for formatting errors...
   Stats on the first 10000 reads:
        Num Reads Primary Map:    2835
        Num Reads Paired-ended:   10000
        Num Reads mapped pair:    2835
        Num Pair names found:     1520
        Num Pairs matched:        1315
        Read Seq length:          75 to 75
        Unclipped Read length:    75 to 75
        Final maxReadLength:      75
        maxPhredScore:            36
        minPhredScore:            2
   Note: Data appears to be paired-ended.
   Sorting Note: Reads are not sorted by name (This is OK).
   Sorting Note: Reads are sorted by position (This is OK).
Done checking first 10000 reads. No major problems detected.
SAMRecord Reader Generated. Read length: 75.
[Time: 2016-10-12 08:46:22] [Mem usage: [131MB / 2058MB]] [Elapsed Time: 00:00:01.0694]
> Init GeneCalcs Utility
helper_calculateGeneAssignmentMap_strict. Found: 65217 genes in the supplied annotation.
helper_calculateGeneAssignmentMap_strict. Found: 7018 genes with ambiguous segments.
helper_calculateGeneAssignmentMap_strict. Found: 58199 genes after first-pass filtering
making makeGeneIntervalMap for geneBody calculations. Found: 58199 acceptable genes for gene-body analysis.
Compiling flat feature annotation, internally in memory...
FlatteningGtf: starting...(2016-10-12 08:48:19)
    FlatteningGtf: gtf file read complete.(2016-10-12 08:50:03)
    FlatteningGtf: Splice Junction Map read.(2016-10-12 08:50:05)
    FlatteningGtf: gene Sets generated.(2016-10-12 08:50:07)
    FlatteningGtf: Aggregate Sets built.
    FlatteningGtf: Compiling Aggregate Info . . . (2016-10-12 08:50:07)
    FlatteningGtf: Finished Compiling Aggregate Info. (2016-10-12 08:50:07)
    FlatteningGtf: Iterating through the step-vector...(2016-10-12 08:50:07)
    FlatteningGtf: Adding the aggregate genes themselves...(2016-10-12 08:50:09)
    FlatteningGtf: Iterating through the splice junctions...(2016-10-12 08:50:10)
    FlatteningGtf: Sorting the aggregate genes...(2016-10-12 08:50:12)
    FlatteningGtf: Folding the FlatGtfLine iterator...(2016-10-12 08:50:12)
    FlatteningGtf: Features Built.(2016-10-12 08:50:12)
Internal flat feature annotation compiled!
> Init InsertSize Utility
> Init NVC utility
> Init CigarOpDistribution Utility
> Init QualityScoreDistribution Utility
> Init GC counts Utility
> Init JunctionCalcs utility
length of knownSpliceMap after instantiation: 374703
length of knownCountMap after instantiation: 374703
> Init StrandCheck Utility
> Init chromCount Utility
QC Utilities Generated!
[Time: 2016-10-12 08:50:20] [Mem usage: [4541MB / 7GB]] [Elapsed Time: 00:03:59.0224]
....
NOTE: Unmatched Read Buffer Size > 100000 [Mem usage:[3036MB / 8GB]]
    (This is generally not a problem, but if this increases further then OutOfMemoryExceptions
    may occur.
    If memory errors do occur, either increase memory allocation or sort the bam-file by name
    and rerun with the '--nameSorted' option.
    This might also indicate that your dataset contains an unusually large number of
    chimeric read-pairs. Or it could occur simply due to the presence of genomic
    loci with extremly high coverage. It may also indicate a SAM/BAM file that 
    does not adhere to the standard SAM specification.)
..
NOTE: Unmatched Read Buffer Size > 200000 [Mem usage:[4575MB / 9GB]]
....[1000000 Read-Pairs processed] [Time: 2016-10-12 08:52:17] 
..........[2000000 Read-Pairs processed] [Time: 2016-10-12 08:54:00] 
..........[3000000 Read-Pairs processed] [Time: 2016-10-12 08:55:42] 
..........[4000000 Read-Pairs processed] [Time: 2016-10-12 08:57:29] 
..........[5000000 Read-Pairs processed] [Time: 2016-10-12 08:59:25] 
..........[6000000 Read-Pairs processed] [Time: 2016-10-12 09:01:22] 
..........[7000000 Read-Pairs processed] [Time: 2016-10-12 09:03:09] 
..........[8000000 Read-Pairs processed] [Time: 2016-10-12 09:04:57] 
..........[9000000 Read-Pairs processed] [Time: 2016-10-12 09:06:55] 
..........[10000000 Read-Pairs processed] [Time: 2016-10-12 09:08:40] 
..........[11000000 Read-Pairs processed] [Time: 2016-10-12 09:10:28] 
..........[12000000 Read-Pairs processed] [Time: 2016-10-12 09:12:25] 
..........[13000000 Read-Pairs processed] [Time: 2016-10-12 09:13:46] 
..........[14000000 Read-Pairs processed] [Time: 2016-10-12 09:15:30] 
..........[15000000 Read-Pairs processed] [Time: 2016-10-12 09:15:47] 
..........[16000000 Read-Pairs processed] [Time: 2016-10-12 09:17:18] 
..........[17000000 Read-Pairs processed] [Time: 2016-10-12 09:19:19] 
..........[18000000 Read-Pairs processed] [Time: 2016-10-12 09:21:18] 
..........[19000000 Read-Pairs processed] [Time: 2016-10-12 09:23:17] 
..........[20000000 Read-Pairs processed] [Time: 2016-10-12 09:25:16] 
..........[21000000 Read-Pairs processed] [Time: 2016-10-12 09:27:08] 
..........[22000000 Read-Pairs processed] [Time: 2016-10-12 09:29:12] 
..........[23000000 Read-Pairs processed] [Time: 2016-10-12 09:31:15] 
..........[24000000 Read-Pairs processed] [Time: 2016-10-12 09:33:05] 
..........[25000000 Read-Pairs processed] [Time: 2016-10-12 09:33:26] 
..........[26000000 Read-Pairs processed] [Time: 2016-10-12 09:35:23] 
..........[27000000 Read-Pairs processed] [Time: 2016-10-12 09:37:20] 
..........[28000000 Read-Pairs processed] [Time: 2016-10-12 09:39:21] 
..........[29000000 Read-Pairs processed] [Time: 2016-10-12 09:41:12] 
..........[30000000 Read-Pairs processed] [Time: 2016-10-12 09:43:06] 
..........[31000000 Read-Pairs processed] [Time: 2016-10-12 09:43:51] 
..........[32000000 Read-Pairs processed] [Time: 2016-10-12 09:45:42] 
..........[33000000 Read-Pairs processed] [Time: 2016-10-12 09:47:35] 
..........[34000000 Read-Pairs processed] [Time: 2016-10-12 09:49:27] 
..........[35000000 Read-Pairs processed] [Time: 2016-10-12 09:51:30] 
..........[36000000 Read-Pairs processed] [Time: 2016-10-12 09:53:26] 
..........[37000000 Read-Pairs processed] [Time: 2016-10-12 09:55:20] 
..........[38000000 Read-Pairs processed] [Time: 2016-10-12 09:57:12] 
..........[39000000 Read-Pairs processed] [Time: 2016-10-12 09:58:51] 
......
Finished reading SAM. Read: 39673242 reads/read-pairs.
Finished reading SAM. Used: 32875410 reads/read-pairs.
[Time: 2016-10-12 09:59:12] [Mem usage: [3530MB / 15GB]] [Elapsed Time: 01:12:51.0670]
> Read Stats:
>   READ_PAIR_OK                   32875410
>   TOTAL_READ_PAIRS               39673242
>   DROPPED_NOT_PROPER_PAIR        0
>   DROPPED_READ_FAILS_VENDOR_QC   0
>   DROPPED_MARKED_NOT_VALID       0
>   DROPPED_CHROMS_MISMATCH        0
>   DROPPED_PAIR_STRANDS_MISMATCH  0
>   DROPPED_IGNORED_CHROMOSOME     0
>   DROPPED_NOT_UNIQUE_ALIGNMENT   6797832
Writing Output...
DEBUG NOTE: IncludeGenesSet.size: 58199
DEBUG NOTE: sortedReadCountSeq.size: 19282
DEBUG NOTE: coverageThresholds: 9641;14461;17353;19282
DEBUG NOTE: coverageSpans: [(0,9641);(9641,14461);(14461,17353);(17353,19282)]
DEBUG NOTE:	[1.bottomHalf][0.5] = [0,9641]
DEBUG NOTE:	[2.upperMidQuartile][0.75] = [9641,14461]
DEBUG NOTE:	[3.75to90][0.9] = [14461,17353]
DEBUG NOTE:	[4.high][1.0] = [17353,19282]
      (DEBUG) Generating Biotype Map [2016-10-12 09:59:22]
      (DEBUG) Extracted gene BioType using key "gene_biotype".
              Found 44 types: [TR_V_gene,unprocessed_pseudogene,protein_coding,IG_V_gene,TR_J_gene,Mt_tRNA,rRNA,TR_C_gene,TEC,vaultRNA,translated_processed_pseudogene,miRNA,scaRNA,TR_D_gene,snRNA,TR_V_pseudogene,snoRNA,transcribed_processed_pseudogene,IG_J_pseudogene,processed_transcript,TR_J_pseudogene,IG_V_pseudogene,3prime_overlapping_ncrna,IG_J_gene,processed_pseudogene,transcribed_unitary_pseudogene,IG_C_pseudogene,sense_overlapping,transcribed_unprocessed_pseudogene,lincRNA,translated_unprocessed_pseudogene,IG_C_gene,misc_RNA,ribozyme,IG_D_gene,polymorphic_pseudogene,antisense,Mt_rRNA,unitary_pseudogene,pseudogene,sRNA,non_coding,macro_lncRNA,sense_intronic]
      (DEBUG) Finished Biotype Map [2016-10-12 10:01:38]
length of knownCountMap after run: 374703
QoRTs QC complete with no problems.
Done.
Time spent on setup:           00:03:59.0224
Time spent on SAM iteration:   01:08:52.0446
                               (1.735846711661897 minutes per million read-pairs)
                               (2.094777423815145 minutes per million read-pairs used)
Time spent on file output:     00:02:35.0359
Total runtime:                 01:15:27.0029
Done. (Wed Oct 12 10:01:48 EDT 2016)
