Starting QoRTs v1.1.8 (Compiled Wed Jul 13 13:35:56 EDT 2016)
Starting time: (Fri Jan 27 00:54:47 EST 2017)
INPUT_COMMAND(QC)
  INPUT_ARG(infile)=/mnt/mobydisk/pan/genomics/data/alee/nolan/projects/breast-mets/rna-seq/bone/31P/31P-star-2.4.2a-counts-ensemblv80/31P.star.sorted.bam
  INPUT_ARG(gtffile)=/mnt/mobydisk/pan/genomics/data/alee/nolan/apps/star/reference-files/Homo_sapiens.GRCh38.80.gtf
  INPUT_ARG(outdir)=/mnt/mobydisk/pan/genomics/data/alee/nolan/projects/breast-mets/rna-seq/bone/31P/31P-qorts-v1.1.8
  INPUT_ARG(stranded)=true
Created Log File: /mnt/mobydisk/pan/genomics/data/alee/nolan/projects/breast-mets/rna-seq/bone/31P/31P-qorts-v1.1.8/QC.HsCMr0EKQzJN.log
Starting QC
[Time: 2017-01-27 00:54:47] [Mem usage: [75MB / 2058MB]] [Elapsed Time: 00:00:00.0000]
QoRTs is Running in paired-end mode.
QoRTs is Running in any-sorted mode.
Running functions: NVC, GCDistribution, GeneCalcs, QualityScoreDistribution, 
        writeJunctionSeqCounts, writeKnownSplices, 
        writeNovelSplices, writeClippedNVC, CigarOpDistribution, 
        InsertSize, chromCounts, writeSpliceExon, 
        writeGenewiseGeneBody, JunctionCalcs, writeGeneCounts, 
        writeBiotypeCounts, writeDESeq, writeDEXSeq, writeGeneBody, 
        StrandCheck
Pre-alignment read count unknown (Set --seqReadCt or --rawfastq)
Checking first 10000 reads. Checking SAM file for formatting errors...
   Sorting Note: Reads are not sorted by name (This is OK).
   Sorting Note: Reads are sorted by position (This is OK).
Done checking first 10000 reads. No major problems detected.
SAMRecord Reader Generated. Read length: 75.
[Time: 2017-01-27 00:54:49] [Mem usage: [129MB / 2058MB]] [Elapsed Time: 00:00:01.0799]
Compiling flat feature annotation, internally in memory...
Internal flat feature annotation compiled!
QC Utilities Generated!
[Time: 2017-01-27 00:58:45] [Mem usage: [4243MB / 6GB]] [Elapsed Time: 00:03:58.0107]
..........[1000000 Read-Pairs processed] [Time: 2017-01-27 01:00:37] 
..
NOTE: Unmatched Read Buffer Size > 100000 [Mem usage:[3526MB / 8GB]]
    (This is generally not a problem, but if this increases further then OutOfMemoryExceptions
    may occur.
    If memory errors do occur, either increase memory allocation or sort the bam-file by name
    and rerun with the '--nameSorted' option.
    This might also indicate that your dataset contains an unusually large number of
    chimeric read-pairs. Or it could occur simply due to the presence of genomic
    loci with extremly high coverage. It may also indicate a SAM/BAM file that 
    does not adhere to the standard SAM specification.)
NOTE: Unmatched Read Buffer Size > 200000 [Mem usage:[3747MB / 8GB]]
........[2000000 Read-Pairs processed] [Time: 2017-01-27 01:02:42] 
..........[3000000 Read-Pairs processed] [Time: 2017-01-27 01:04:38] 
..........[4000000 Read-Pairs processed] [Time: 2017-01-27 01:06:14] 
..........[5000000 Read-Pairs processed] [Time: 2017-01-27 01:07:16] 
..........[6000000 Read-Pairs processed] [Time: 2017-01-27 01:09:15] 
..........[7000000 Read-Pairs processed] [Time: 2017-01-27 01:11:20] 
..........[8000000 Read-Pairs processed] [Time: 2017-01-27 01:13:21] 
..........[9000000 Read-Pairs processed] [Time: 2017-01-27 01:15:25] 
..........[10000000 Read-Pairs processed] [Time: 2017-01-27 01:17:00] 
..........[11000000 Read-Pairs processed] [Time: 2017-01-27 01:18:57] 
..........[12000000 Read-Pairs processed] [Time: 2017-01-27 01:20:46] 
..........[13000000 Read-Pairs processed] [Time: 2017-01-27 01:21:28] 
..........[14000000 Read-Pairs processed] [Time: 2017-01-27 01:22:38] 
..........[15000000 Read-Pairs processed] [Time: 2017-01-27 01:24:35] 
..........[16000000 Read-Pairs processed] [Time: 2017-01-27 01:26:16] 
..........[17000000 Read-Pairs processed] [Time: 2017-01-27 01:28:07] 
..........[18000000 Read-Pairs processed] [Time: 2017-01-27 01:29:53] 
..........[19000000 Read-Pairs processed] [Time: 2017-01-27 01:31:41] 
..........[20000000 Read-Pairs processed] [Time: 2017-01-27 01:33:33] 
..........[21000000 Read-Pairs processed] [Time: 2017-01-27 01:35:33] 
..........[22000000 Read-Pairs processed] [Time: 2017-01-27 01:37:34] 
..........[23000000 Read-Pairs processed] [Time: 2017-01-27 01:39:32] 
..........[24000000 Read-Pairs processed] [Time: 2017-01-27 01:41:41] 
..........[25000000 Read-Pairs processed] [Time: 2017-01-27 01:43:44] 
..........[26000000 Read-Pairs processed] [Time: 2017-01-27 01:45:36] 
..........[27000000 Read-Pairs processed] [Time: 2017-01-27 01:47:34] 
..........[28000000 Read-Pairs processed] [Time: 2017-01-27 01:49:39] 
..........[29000000 Read-Pairs processed] [Time: 2017-01-27 01:51:41] 
..........[30000000 Read-Pairs processed] [Time: 2017-01-27 01:53:23] 
..........[31000000 Read-Pairs processed] [Time: 2017-01-27 01:55:26] 
..........[32000000 Read-Pairs processed] [Time: 2017-01-27 01:57:15] 
..........[33000000 Read-Pairs processed] [Time: 2017-01-27 01:58:50] 
..........[34000000 Read-Pairs processed] [Time: 2017-01-27 01:59:42] 
..........[35000000 Read-Pairs processed] [Time: 2017-01-27 02:00:35] 
..........[36000000 Read-Pairs processed] [Time: 2017-01-27 02:02:22] 
..........[37000000 Read-Pairs processed] [Time: 2017-01-27 02:04:20] 
..........[38000000 Read-Pairs processed] [Time: 2017-01-27 02:05:49] 
..........[39000000 Read-Pairs processed] [Time: 2017-01-27 02:07:48] 
..........[40000000 Read-Pairs processed] [Time: 2017-01-27 02:09:55] 
..........[41000000 Read-Pairs processed] [Time: 2017-01-27 02:11:52] 
..........[42000000 Read-Pairs processed] [Time: 2017-01-27 02:13:45] 
..........[43000000 Read-Pairs processed] [Time: 2017-01-27 02:15:43] 
..........[44000000 Read-Pairs processed] [Time: 2017-01-27 02:17:44] 
..........[45000000 Read-Pairs processed] [Time: 2017-01-27 02:19:43] 
..........[46000000 Read-Pairs processed] [Time: 2017-01-27 02:21:41] 
..........[47000000 Read-Pairs processed] [Time: 2017-01-27 02:23:44] 
..........[48000000 Read-Pairs processed] [Time: 2017-01-27 02:25:29] 
..........[49000000 Read-Pairs processed] [Time: 2017-01-27 02:27:07] 
..........[50000000 Read-Pairs processed] [Time: 2017-01-27 02:29:04] 
..........[51000000 Read-Pairs processed] [Time: 2017-01-27 02:31:10] 
..........[52000000 Read-Pairs processed] [Time: 2017-01-27 02:33:19] 
..........[53000000 Read-Pairs processed] [Time: 2017-01-27 02:35:15] 
..........[54000000 Read-Pairs processed] [Time: 2017-01-27 02:37:14] 
..........[55000000 Read-Pairs processed] [Time: 2017-01-27 02:37:48] 
..........[56000000 Read-Pairs processed] [Time: 2017-01-27 02:39:09] 
..........[57000000 Read-Pairs processed] [Time: 2017-01-27 02:41:13] 
..........[58000000 Read-Pairs processed] [Time: 2017-01-27 02:43:14] 
..........[59000000 Read-Pairs processed] [Time: 2017-01-27 02:45:10] 
..........[60000000 Read-Pairs processed] [Time: 2017-01-27 02:47:12] 
..........[61000000 Read-Pairs processed] [Time: 2017-01-27 02:49:12] 
..........[62000000 Read-Pairs processed] [Time: 2017-01-27 02:51:07] 
..........[63000000 Read-Pairs processed] [Time: 2017-01-27 02:53:04] 
..........[64000000 Read-Pairs processed] [Time: 2017-01-27 02:55:00] 
..........[65000000 Read-Pairs processed] [Time: 2017-01-27 02:56:35] 
..........[66000000 Read-Pairs processed] [Time: 2017-01-27 02:58:33] 
..........[67000000 Read-Pairs processed] [Time: 2017-01-27 03:00:33] 
..........[68000000 Read-Pairs processed] [Time: 2017-01-27 03:02:25] 
..........[69000000 Read-Pairs processed] [Time: 2017-01-27 03:03:08] 
..........[70000000 Read-Pairs processed] [Time: 2017-01-27 03:03:38] 
..........[71000000 Read-Pairs processed] [Time: 2017-01-27 03:05:16] 
..........[72000000 Read-Pairs processed] [Time: 2017-01-27 03:07:10] 
..........[73000000 Read-Pairs processed] [Time: 2017-01-27 03:09:07] 
..........[74000000 Read-Pairs processed] [Time: 2017-01-27 03:10:54] 
..........[75000000 Read-Pairs processed] [Time: 2017-01-27 03:12:18] 
..........[76000000 Read-Pairs processed] [Time: 2017-01-27 03:14:30] 
..........[77000000 Read-Pairs processed] [Time: 2017-01-27 03:16:05] 
..........[78000000 Read-Pairs processed] [Time: 2017-01-27 03:18:03] 
..........[79000000 Read-Pairs processed] [Time: 2017-01-27 03:19:56] 
..........[80000000 Read-Pairs processed] [Time: 2017-01-27 03:21:39] 
..........[81000000 Read-Pairs processed] [Time: 2017-01-27 03:23:46] 
..........[82000000 Read-Pairs processed] [Time: 2017-01-27 03:25:38] 
..........[83000000 Read-Pairs processed] [Time: 2017-01-27 03:27:34] 
..........[84000000 Read-Pairs processed] [Time: 2017-01-27 03:29:25] 
..........[85000000 Read-Pairs processed] [Time: 2017-01-27 03:31:15] 
..........[86000000 Read-Pairs processed] [Time: 2017-01-27 03:32:37] 
..
Finished reading SAM. Read: 86242331 reads/read-pairs.
Finished reading SAM. Used: 74234933 reads/read-pairs.
[Time: 2017-01-27 03:32:53] [Mem usage: [8GB / 16GB]] [Elapsed Time: 02:38:06.0120]
> Read Stats:
>   READ_PAIR_OK                   74234933
>   TOTAL_READ_PAIRS               86242331
>   DROPPED_NOT_PROPER_PAIR        0
>   DROPPED_READ_FAILS_VENDOR_QC   0
>   DROPPED_MARKED_NOT_VALID       0
>   DROPPED_CHROMS_MISMATCH        0
>   DROPPED_PAIR_STRANDS_MISMATCH  0
>   DROPPED_IGNORED_CHROMOSOME     0
>   DROPPED_NOT_UNIQUE_ALIGNMENT   12007398
Writing Output...
QoRTs QC complete with no problems.
Done.
Time spent on setup:           00:03:58.0107
Time spent on SAM iteration:   02:34:08.0014
                               (1.7872120517398045 minutes per million read-pairs)
                               (2.0762911355134293 minutes per million read-pairs used)
Time spent on file output:     00:02:36.0386
Total runtime:                 02:40:42.0507
Done. (Fri Jan 27 03:35:30 EST 2017)
