Starting QoRTs v1.1.8 (Compiled Wed Jul 13 13:35:56 EDT 2016)
Starting time: (Fri Jan 27 00:54:48 EST 2017)
INPUT_COMMAND(QC)
  INPUT_ARG(infile)=/mnt/mobydisk/pan/genomics/data/alee/nolan/projects/breast-mets/rna-seq/bone/43M/43M-star-2.4.2a-counts-ensemblv80/43M.star.sorted.bam
  INPUT_ARG(gtffile)=/mnt/mobydisk/pan/genomics/data/alee/nolan/apps/star/reference-files/Homo_sapiens.GRCh38.80.gtf
  INPUT_ARG(outdir)=/mnt/mobydisk/pan/genomics/data/alee/nolan/projects/breast-mets/rna-seq/bone/43M/43M-qorts-v1.1.8
  INPUT_ARG(stranded)=true
Created Log File: /mnt/mobydisk/pan/genomics/data/alee/nolan/projects/breast-mets/rna-seq/bone/43M/43M-qorts-v1.1.8/QC.dbMBM3ErBgW1.log
Starting QC
[Time: 2017-01-27 00:54:48] [Mem usage: [75MB / 2058MB]] [Elapsed Time: 00:00:00.0000]
QoRTs is Running in paired-end mode.
QoRTs is Running in any-sorted mode.
Running functions: NVC, GCDistribution, GeneCalcs, QualityScoreDistribution, 
        writeJunctionSeqCounts, writeKnownSplices, 
        writeNovelSplices, writeClippedNVC, CigarOpDistribution, 
        InsertSize, chromCounts, writeSpliceExon, 
        writeGenewiseGeneBody, JunctionCalcs, writeGeneCounts, 
        writeBiotypeCounts, writeDESeq, writeDEXSeq, writeGeneBody, 
        StrandCheck
Pre-alignment read count unknown (Set --seqReadCt or --rawfastq)
Checking first 10000 reads. Checking SAM file for formatting errors...
   Sorting Note: Reads are not sorted by name (This is OK).
   Sorting Note: Reads are sorted by position (This is OK).
Done checking first 10000 reads. No major problems detected.
SAMRecord Reader Generated. Read length: 75.
[Time: 2017-01-27 00:54:50] [Mem usage: [131MB / 2058MB]] [Elapsed Time: 00:00:01.0734]
Compiling flat feature annotation, internally in memory...
Internal flat feature annotation compiled!
QC Utilities Generated!
[Time: 2017-01-27 00:58:42] [Mem usage: [4326MB / 6GB]] [Elapsed Time: 00:03:53.0521]
..........[1000000 Read-Pairs processed] [Time: 2017-01-27 01:00:42] 
..
NOTE: Unmatched Read Buffer Size > 100000 [Mem usage:[2659MB / 7GB]]
    (This is generally not a problem, but if this increases further then OutOfMemoryExceptions
    may occur.
    If memory errors do occur, either increase memory allocation or sort the bam-file by name
    and rerun with the '--nameSorted' option.
    This might also indicate that your dataset contains an unusually large number of
    chimeric read-pairs. Or it could occur simply due to the presence of genomic
    loci with extremly high coverage. It may also indicate a SAM/BAM file that 
    does not adhere to the standard SAM specification.)
NOTE: Unmatched Read Buffer Size > 200000 [Mem usage:[2887MB / 7GB]]
...
NOTE: Unmatched Read Buffer Size > 400000 [Mem usage:[6GB / 8GB]]
.....[2000000 Read-Pairs processed] [Time: 2017-01-27 01:02:45] 
..........[3000000 Read-Pairs processed] [Time: 2017-01-27 01:04:54] 
..........[4000000 Read-Pairs processed] [Time: 2017-01-27 01:06:48] 
..........[5000000 Read-Pairs processed] [Time: 2017-01-27 01:08:11] 
..........[6000000 Read-Pairs processed] [Time: 2017-01-27 01:09:36] 
..........[7000000 Read-Pairs processed] [Time: 2017-01-27 01:11:36] 
..........[8000000 Read-Pairs processed] [Time: 2017-01-27 01:13:42] 
..........[9000000 Read-Pairs processed] [Time: 2017-01-27 01:15:44] 
..........[10000000 Read-Pairs processed] [Time: 2017-01-27 01:17:51] 
..........[11000000 Read-Pairs processed] [Time: 2017-01-27 01:18:58] 
..........[12000000 Read-Pairs processed] [Time: 2017-01-27 01:20:43] 
..........[13000000 Read-Pairs processed] [Time: 2017-01-27 01:22:49] 
..........[14000000 Read-Pairs processed] [Time: 2017-01-27 01:24:53] 
..........[15000000 Read-Pairs processed] [Time: 2017-01-27 01:26:42] 
..........[16000000 Read-Pairs processed] [Time: 2017-01-27 01:28:35] 
..........[17000000 Read-Pairs processed] [Time: 2017-01-27 01:30:25] 
..........[18000000 Read-Pairs processed] [Time: 2017-01-27 01:32:18] 
..........[19000000 Read-Pairs processed] [Time: 2017-01-27 01:34:16] 
..........[20000000 Read-Pairs processed] [Time: 2017-01-27 01:36:22] 
..........[21000000 Read-Pairs processed] [Time: 2017-01-27 01:38:26] 
..........[22000000 Read-Pairs processed] [Time: 2017-01-27 01:40:23] 
..........[23000000 Read-Pairs processed] [Time: 2017-01-27 01:42:29] 
..........[24000000 Read-Pairs processed] [Time: 2017-01-27 01:44:35] 
..........[25000000 Read-Pairs processed] [Time: 2017-01-27 01:46:23] 
..........[26000000 Read-Pairs processed] [Time: 2017-01-27 01:48:26] 
..........[27000000 Read-Pairs processed] [Time: 2017-01-27 01:50:30] 
..........[28000000 Read-Pairs processed] [Time: 2017-01-27 01:52:36] 
..........[29000000 Read-Pairs processed] [Time: 2017-01-27 01:54:15] 
..........[30000000 Read-Pairs processed] [Time: 2017-01-27 01:55:31] 
..........[31000000 Read-Pairs processed] [Time: 2017-01-27 01:57:22] 
..........[32000000 Read-Pairs processed] [Time: 2017-01-27 01:59:28] 
..........[33000000 Read-Pairs processed] [Time: 2017-01-27 02:01:26] 
..........[34000000 Read-Pairs processed] [Time: 2017-01-27 02:03:03] 
..........[35000000 Read-Pairs processed] [Time: 2017-01-27 02:03:52] 
..........[36000000 Read-Pairs processed] [Time: 2017-01-27 02:04:54] 
..........[37000000 Read-Pairs processed] [Time: 2017-01-27 02:06:46] 
..........[38000000 Read-Pairs processed] [Time: 2017-01-27 02:08:49] 
..........[39000000 Read-Pairs processed] [Time: 2017-01-27 02:09:16] 
..........[40000000 Read-Pairs processed] [Time: 2017-01-27 02:11:06] 
..........[41000000 Read-Pairs processed] [Time: 2017-01-27 02:12:54] 
..........[42000000 Read-Pairs processed] [Time: 2017-01-27 02:15:08] 
..........[43000000 Read-Pairs processed] [Time: 2017-01-27 02:17:08] 
..........[44000000 Read-Pairs processed] [Time: 2017-01-27 02:19:10] 
..........[45000000 Read-Pairs processed] [Time: 2017-01-27 02:21:16] 
..........[46000000 Read-Pairs processed] [Time: 2017-01-27 02:23:22] 
..........[47000000 Read-Pairs processed] [Time: 2017-01-27 02:25:22] 
..........[48000000 Read-Pairs processed] [Time: 2017-01-27 02:27:23] 
..........[49000000 Read-Pairs processed] [Time: 2017-01-27 02:29:31] 
..........[50000000 Read-Pairs processed] [Time: 2017-01-27 02:31:20] 
..........[51000000 Read-Pairs processed] [Time: 2017-01-27 02:32:48] 
..........[52000000 Read-Pairs processed] [Time: 2017-01-27 02:34:50] 
..........[53000000 Read-Pairs processed] [Time: 2017-01-27 02:36:56] 
..........[54000000 Read-Pairs processed] [Time: 2017-01-27 02:39:06] 
..........[55000000 Read-Pairs processed] [Time: 2017-01-27 02:41:14] 
..........[56000000 Read-Pairs processed] [Time: 2017-01-27 02:43:19] 
..........[57000000 Read-Pairs processed] [Time: 2017-01-27 02:45:00] 
..........[58000000 Read-Pairs processed] [Time: 2017-01-27 02:45:15] 
..........[59000000 Read-Pairs processed] [Time: 2017-01-27 02:46:40] 
..........[60000000 Read-Pairs processed] [Time: 2017-01-27 02:48:14] 
..........[61000000 Read-Pairs processed] [Time: 2017-01-27 02:50:16] 
..........[62000000 Read-Pairs processed] [Time: 2017-01-27 02:52:18] 
..........[63000000 Read-Pairs processed] [Time: 2017-01-27 02:54:25] 
..........[64000000 Read-Pairs processed] [Time: 2017-01-27 02:56:31] 
..........[65000000 Read-Pairs processed] [Time: 2017-01-27 02:58:35] 
..........[66000000 Read-Pairs processed] [Time: 2017-01-27 03:00:40] 
..........[67000000 Read-Pairs processed] [Time: 2017-01-27 03:02:43] 
..........[68000000 Read-Pairs processed] [Time: 2017-01-27 03:04:23] 
..........[69000000 Read-Pairs processed] [Time: 2017-01-27 03:06:29] 
..........[70000000 Read-Pairs processed] [Time: 2017-01-27 03:08:37] 
..........[71000000 Read-Pairs processed] [Time: 2017-01-27 03:10:25] 
..........[72000000 Read-Pairs processed] [Time: 2017-01-27 03:11:26] 
..........[73000000 Read-Pairs processed] [Time: 2017-01-27 03:13:27] 
..........[74000000 Read-Pairs processed] [Time: 2017-01-27 03:15:32] 
..........[75000000 Read-Pairs processed] [Time: 2017-01-27 03:17:33] 
..........[76000000 Read-Pairs processed] [Time: 2017-01-27 03:19:24] 
..........[77000000 Read-Pairs processed] [Time: 2017-01-27 03:21:10] 
..........[78000000 Read-Pairs processed] [Time: 2017-01-27 03:23:26] 
..........[79000000 Read-Pairs processed] [Time: 2017-01-27 03:25:09] 
..........[80000000 Read-Pairs processed] [Time: 2017-01-27 03:27:15] 
..........[81000000 Read-Pairs processed] [Time: 2017-01-27 03:29:14] 
..........[82000000 Read-Pairs processed] [Time: 2017-01-27 03:31:15] 
..........[83000000 Read-Pairs processed] [Time: 2017-01-27 03:33:12] 
..........[84000000 Read-Pairs processed] [Time: 2017-01-27 03:35:07] 
..........[85000000 Read-Pairs processed] [Time: 2017-01-27 03:37:09] 
..........[86000000 Read-Pairs processed] [Time: 2017-01-27 03:39:11] 
..........[87000000 Read-Pairs processed] [Time: 2017-01-27 03:41:07] 
..........[88000000 Read-Pairs processed] [Time: 2017-01-27 03:42:14] 
..
Finished reading SAM. Read: 88280769 reads/read-pairs.
Finished reading SAM. Used: 75656411 reads/read-pairs.
[Time: 2017-01-27 03:42:33] [Mem usage: [8GB / 15GB]] [Elapsed Time: 02:47:44.0697]
> Read Stats:
>   READ_PAIR_OK                   75656411
>   TOTAL_READ_PAIRS               88280769
>   DROPPED_NOT_PROPER_PAIR        0
>   DROPPED_READ_FAILS_VENDOR_QC   0
>   DROPPED_MARKED_NOT_VALID       0
>   DROPPED_CHROMS_MISMATCH        0
>   DROPPED_PAIR_STRANDS_MISMATCH  0
>   DROPPED_IGNORED_CHROMOSOME     0
>   DROPPED_NOT_UNIQUE_ALIGNMENT   12624358
Writing Output...
QoRTs QC complete with no problems.
Done.
Time spent on setup:           00:03:53.0521
Time spent on SAM iteration:   02:43:51.0177
                               (1.8560101124628852 minutes per million read-pairs)
                               (2.1657120372786385 minutes per million read-pairs used)
Time spent on file output:     00:02:35.0373
Total runtime:                 02:50:20.0071
Done. (Fri Jan 27 03:45:08 EST 2017)
