Starting QoRTs v1.1.8 (Compiled Wed Jul 13 13:35:56 EDT 2016)
Starting time: (Fri Jan 27 02:36:24 EST 2017)
INPUT_COMMAND(QC)
  INPUT_ARG(infile)=/mnt/mobydisk/pan/genomics/data/alee/nolan/projects/breast-mets/rna-seq/bone/55M/55M-star-2.4.2a-counts-ensemblv80/55M.star.sorted.bam
  INPUT_ARG(gtffile)=/mnt/mobydisk/pan/genomics/data/alee/nolan/apps/star/reference-files/Homo_sapiens.GRCh38.80.gtf
  INPUT_ARG(outdir)=/mnt/mobydisk/pan/genomics/data/alee/nolan/projects/breast-mets/rna-seq/bone/55M/55M-qorts-v1.1.8
  INPUT_ARG(stranded)=true
Created Log File: /mnt/mobydisk/pan/genomics/data/alee/nolan/projects/breast-mets/rna-seq/bone/55M/55M-qorts-v1.1.8/QC.wcHFT5AIP0wa.log
Starting QC
[Time: 2017-01-27 02:36:24] [Mem usage: [75MB / 2058MB]] [Elapsed Time: 00:00:00.0000]
QoRTs is Running in paired-end mode.
QoRTs is Running in any-sorted mode.
Running functions: NVC, GCDistribution, GeneCalcs, QualityScoreDistribution, 
        writeJunctionSeqCounts, writeKnownSplices, 
        writeNovelSplices, writeClippedNVC, CigarOpDistribution, 
        InsertSize, chromCounts, writeSpliceExon, 
        writeGenewiseGeneBody, JunctionCalcs, writeGeneCounts, 
        writeBiotypeCounts, writeDESeq, writeDEXSeq, writeGeneBody, 
        StrandCheck
Pre-alignment read count unknown (Set --seqReadCt or --rawfastq)
Checking first 10000 reads. Checking SAM file for formatting errors...
   Stats on the first 10000 reads:
        Num Reads Primary Map:    3199
        Num Reads Paired-ended:   10000
        Num Reads mapped pair:    3199
        Num Pair names found:     1956
        Num Pairs matched:        1243
        Read Seq length:          75 to 75
        Unclipped Read length:    75 to 75
        Final maxReadLength:      75
        maxPhredScore:            36
        minPhredScore:            2
   Note: Data appears to be paired-ended.
   Sorting Note: Reads are not sorted by name (This is OK).
   Sorting Note: Reads are sorted by position (This is OK).
Done checking first 10000 reads. No major problems detected.
SAMRecord Reader Generated. Read length: 75.
[Time: 2017-01-27 02:36:25] [Mem usage: [129MB / 2058MB]] [Elapsed Time: 00:00:01.0773]
> Init GeneCalcs Utility
helper_calculateGeneAssignmentMap_strict. Found: 65217 genes in the supplied annotation.
helper_calculateGeneAssignmentMap_strict. Found: 7018 genes with ambiguous segments.
helper_calculateGeneAssignmentMap_strict. Found: 58199 genes after first-pass filtering
making makeGeneIntervalMap for geneBody calculations. Found: 58199 acceptable genes for gene-body analysis.
Compiling flat feature annotation, internally in memory...
FlatteningGtf: starting...(2017-01-27 02:38:21)
    FlatteningGtf: gtf file read complete.(2017-01-27 02:40:05)
    FlatteningGtf: Splice Junction Map read.(2017-01-27 02:40:06)
    FlatteningGtf: gene Sets generated.(2017-01-27 02:40:08)
    FlatteningGtf: Aggregate Sets built.
    FlatteningGtf: Compiling Aggregate Info . . . (2017-01-27 02:40:08)
    FlatteningGtf: Finished Compiling Aggregate Info. (2017-01-27 02:40:08)
    FlatteningGtf: Iterating through the step-vector...(2017-01-27 02:40:08)
    FlatteningGtf: Adding the aggregate genes themselves...(2017-01-27 02:40:10)
    FlatteningGtf: Iterating through the splice junctions...(2017-01-27 02:40:10)
    FlatteningGtf: Sorting the aggregate genes...(2017-01-27 02:40:12)
    FlatteningGtf: Folding the FlatGtfLine iterator...(2017-01-27 02:40:12)
    FlatteningGtf: Features Built.(2017-01-27 02:40:12)
Internal flat feature annotation compiled!
> Init InsertSize Utility
> Init NVC utility
> Init CigarOpDistribution Utility
> Init QualityScoreDistribution Utility
> Init GC counts Utility
> Init JunctionCalcs utility
length of knownSpliceMap after instantiation: 374703
length of knownCountMap after instantiation: 374703
> Init StrandCheck Utility
> Init chromCount Utility
QC Utilities Generated!
[Time: 2017-01-27 02:40:19] [Mem usage: [3002MB / 6GB]] [Elapsed Time: 00:03:55.0466]
..........[1000000 Read-Pairs processed] [Time: 2017-01-27 02:42:18] 
NOTE: Unmatched Read Buffer Size > 100000 [Mem usage:[3296MB / 8GB]]
    (This is generally not a problem, but if this increases further then OutOfMemoryExceptions
    may occur.
    If memory errors do occur, either increase memory allocation or sort the bam-file by name
    and rerun with the '--nameSorted' option.
    This might also indicate that your dataset contains an unusually large number of
    chimeric read-pairs. Or it could occur simply due to the presence of genomic
    loci with extremly high coverage. It may also indicate a SAM/BAM file that 
    does not adhere to the standard SAM specification.)
NOTE: Unmatched Read Buffer Size > 200000 [Mem usage:[3458MB / 8GB]]
..........[2000000 Read-Pairs processed] [Time: 2017-01-27 02:44:32] 
..........[3000000 Read-Pairs processed] [Time: 2017-01-27 02:46:31] 
..........[4000000 Read-Pairs processed] [Time: 2017-01-27 02:48:06] 
..........[5000000 Read-Pairs processed] [Time: 2017-01-27 02:50:15] 
..........[6000000 Read-Pairs processed] [Time: 2017-01-27 02:52:21] 
..........[7000000 Read-Pairs processed] [Time: 2017-01-27 02:53:51] 
..........[8000000 Read-Pairs processed] [Time: 2017-01-27 02:56:00] 
..........[9000000 Read-Pairs processed] [Time: 2017-01-27 02:58:03] 
..........[10000000 Read-Pairs processed] [Time: 2017-01-27 03:00:07] 
..........[11000000 Read-Pairs processed] [Time: 2017-01-27 03:01:56] 
..........[12000000 Read-Pairs processed] [Time: 2017-01-27 03:03:54] 
..........[13000000 Read-Pairs processed] [Time: 2017-01-27 03:05:56] 
..........[14000000 Read-Pairs processed] [Time: 2017-01-27 03:08:03] 
..........[15000000 Read-Pairs processed] [Time: 2017-01-27 03:10:05] 
..........[16000000 Read-Pairs processed] [Time: 2017-01-27 03:12:09] 
..........[17000000 Read-Pairs processed] [Time: 2017-01-27 03:14:09] 
..........[18000000 Read-Pairs processed] [Time: 2017-01-27 03:16:14] 
..........[19000000 Read-Pairs processed] [Time: 2017-01-27 03:18:21] 
..........[20000000 Read-Pairs processed] [Time: 2017-01-27 03:20:21] 
..........[21000000 Read-Pairs processed] [Time: 2017-01-27 03:22:28] 
..........[22000000 Read-Pairs processed] [Time: 2017-01-27 03:24:32] 
..........[23000000 Read-Pairs processed] [Time: 2017-01-27 03:25:39] 
..........[24000000 Read-Pairs processed] [Time: 2017-01-27 03:27:09] 
..........[25000000 Read-Pairs processed] [Time: 2017-01-27 03:29:12] 
..........[26000000 Read-Pairs processed] [Time: 2017-01-27 03:30:41] 
..........[27000000 Read-Pairs processed] [Time: 2017-01-27 03:32:40] 
..........[28000000 Read-Pairs processed] [Time: 2017-01-27 03:34:46] 
..........[29000000 Read-Pairs processed] [Time: 2017-01-27 03:36:51] 
..........[30000000 Read-Pairs processed] [Time: 2017-01-27 03:39:06] 
..........[31000000 Read-Pairs processed] [Time: 2017-01-27 03:40:39] 
..........[32000000 Read-Pairs processed] [Time: 2017-01-27 03:42:45] 
..........[33000000 Read-Pairs processed] [Time: 2017-01-27 03:44:46] 
..........[34000000 Read-Pairs processed] [Time: 2017-01-27 03:46:26] 
..........[35000000 Read-Pairs processed] [Time: 2017-01-27 03:48:32] 
..........[36000000 Read-Pairs processed] [Time: 2017-01-27 03:50:38] 
..........[37000000 Read-Pairs processed] [Time: 2017-01-27 03:52:46] 
..........[38000000 Read-Pairs processed] [Time: 2017-01-27 03:53:24] 
..........[39000000 Read-Pairs processed] [Time: 2017-01-27 03:55:24] 
..........[40000000 Read-Pairs processed] [Time: 2017-01-27 03:57:24] 
..........[41000000 Read-Pairs processed] [Time: 2017-01-27 03:59:37] 
..........[42000000 Read-Pairs processed] [Time: 2017-01-27 04:01:48] 
..........[43000000 Read-Pairs processed] [Time: 2017-01-27 04:04:00] 
..........[44000000 Read-Pairs processed] [Time: 2017-01-27 04:06:02] 
..........[45000000 Read-Pairs processed] [Time: 2017-01-27 04:07:37] 
..........[46000000 Read-Pairs processed] [Time: 2017-01-27 04:09:44] 
..........[47000000 Read-Pairs processed] [Time: 2017-01-27 04:11:54] 
..........[48000000 Read-Pairs processed] [Time: 2017-01-27 04:13:50] 
..........[49000000 Read-Pairs processed] [Time: 2017-01-27 04:15:14] 
..........[50000000 Read-Pairs processed] [Time: 2017-01-27 04:17:21] 
..........[51000000 Read-Pairs processed] [Time: 2017-01-27 04:19:23] 
..........[52000000 Read-Pairs processed] [Time: 2017-01-27 04:21:09] 
..........[53000000 Read-Pairs processed] [Time: 2017-01-27 04:23:11] 
..........[54000000 Read-Pairs processed] [Time: 2017-01-27 04:25:09] 
..........[55000000 Read-Pairs processed] [Time: 2017-01-27 04:27:20] 
..........[56000000 Read-Pairs processed] [Time: 2017-01-27 04:29:14] 
..........[57000000 Read-Pairs processed] [Time: 2017-01-27 04:31:10] 
..........[58000000 Read-Pairs processed] [Time: 2017-01-27 04:33:15] 
..........[59000000 Read-Pairs processed] [Time: 2017-01-27 04:35:16] 
..........[60000000 Read-Pairs processed] [Time: 2017-01-27 04:37:05] 
..
Finished reading SAM. Read: 60269768 reads/read-pairs.
Finished reading SAM. Used: 53217897 reads/read-pairs.
[Time: 2017-01-27 04:37:18] [Mem usage: [15GB / 15GB]] [Elapsed Time: 02:00:54.0442]
> Read Stats:
>   READ_PAIR_OK                   53217897
>   TOTAL_READ_PAIRS               60269768
>   DROPPED_NOT_PROPER_PAIR        0
>   DROPPED_READ_FAILS_VENDOR_QC   0
>   DROPPED_MARKED_NOT_VALID       0
>   DROPPED_CHROMS_MISMATCH        0
>   DROPPED_PAIR_STRANDS_MISMATCH  0
>   DROPPED_IGNORED_CHROMOSOME     0
>   DROPPED_NOT_UNIQUE_ALIGNMENT   7051871
Writing Output...
DEBUG NOTE: IncludeGenesSet.size: 58199
DEBUG NOTE: sortedReadCountSeq.size: 22721
DEBUG NOTE: coverageThresholds: 11360;17040;20448;22721
DEBUG NOTE: coverageSpans: [(0,11360);(11360,17040);(17040,20448);(20448,22721)]
DEBUG NOTE:	[1.bottomHalf][0.5] = [0,11360]
DEBUG NOTE:	[2.upperMidQuartile][0.75] = [11360,17040]
DEBUG NOTE:	[3.75to90][0.9] = [17040,20448]
DEBUG NOTE:	[4.high][1.0] = [20448,22721]
      (DEBUG) Generating Biotype Map [2017-01-27 04:37:28]
      (DEBUG) Extracted gene BioType using key "gene_biotype".
              Found 44 types: [TR_V_gene,unprocessed_pseudogene,protein_coding,IG_V_gene,TR_J_gene,Mt_tRNA,rRNA,TR_C_gene,TEC,vaultRNA,translated_processed_pseudogene,miRNA,scaRNA,TR_D_gene,snRNA,TR_V_pseudogene,snoRNA,transcribed_processed_pseudogene,IG_J_pseudogene,processed_transcript,TR_J_pseudogene,IG_V_pseudogene,3prime_overlapping_ncrna,IG_J_gene,processed_pseudogene,transcribed_unitary_pseudogene,IG_C_pseudogene,sense_overlapping,transcribed_unprocessed_pseudogene,lincRNA,translated_unprocessed_pseudogene,IG_C_gene,misc_RNA,ribozyme,IG_D_gene,polymorphic_pseudogene,antisense,Mt_rRNA,unitary_pseudogene,pseudogene,sRNA,non_coding,macro_lncRNA,sense_intronic]
      (DEBUG) Finished Biotype Map [2017-01-27 04:39:44]
length of knownCountMap after run: 374703
QoRTs QC complete with no problems.
Done.
Time spent on setup:           00:03:55.0466
Time spent on SAM iteration:   01:56:58.0976
                               (1.9407187143422664 minutes per million read-pairs)
                               (2.1978821648414004 minutes per million read-pairs used)
Time spent on file output:     00:02:34.0766
Total runtime:                 02:03:29.0208
Done. (Fri Jan 27 04:39:53 EST 2017)
