Starting QoRTs v1.1.8 (Compiled Wed Jul 13 13:35:56 EDT 2016)
Starting time: (Fri Jan 27 02:54:12 EST 2017)
INPUT_COMMAND(QC)
  INPUT_ARG(infile)=/mnt/mobydisk/pan/genomics/data/alee/nolan/projects/breast-mets/rna-seq/bone/60P/60P-star-2.4.2a-counts-ensemblv80/60P.star.sorted.bam
  INPUT_ARG(gtffile)=/mnt/mobydisk/pan/genomics/data/alee/nolan/apps/star/reference-files/Homo_sapiens.GRCh38.80.gtf
  INPUT_ARG(outdir)=/mnt/mobydisk/pan/genomics/data/alee/nolan/projects/breast-mets/rna-seq/bone/60P/60P-qorts-v1.1.8
  INPUT_ARG(stranded)=true
Created Log File: /mnt/mobydisk/pan/genomics/data/alee/nolan/projects/breast-mets/rna-seq/bone/60P/60P-qorts-v1.1.8/QC.K64f62gzZAD8.log
Starting QC
[Time: 2017-01-27 02:54:12] [Mem usage: [75MB / 2058MB]] [Elapsed Time: 00:00:00.0000]
QoRTs is Running in paired-end mode.
QoRTs is Running in any-sorted mode.
Running functions: NVC, GCDistribution, GeneCalcs, QualityScoreDistribution, 
        writeJunctionSeqCounts, writeKnownSplices, 
        writeNovelSplices, writeClippedNVC, CigarOpDistribution, 
        InsertSize, chromCounts, writeSpliceExon, 
        writeGenewiseGeneBody, JunctionCalcs, writeGeneCounts, 
        writeBiotypeCounts, writeDESeq, writeDEXSeq, writeGeneBody, 
        StrandCheck
Pre-alignment read count unknown (Set --seqReadCt or --rawfastq)
Checking first 10000 reads. Checking SAM file for formatting errors...
   Sorting Note: Reads are not sorted by name (This is OK).
   Sorting Note: Reads are sorted by position (This is OK).
Done checking first 10000 reads. No major problems detected.
SAMRecord Reader Generated. Read length: 75.
[Time: 2017-01-27 02:54:14] [Mem usage: [125MB / 2058MB]] [Elapsed Time: 00:00:01.0637]
Compiling flat feature annotation, internally in memory...
Internal flat feature annotation compiled!
QC Utilities Generated!
[Time: 2017-01-27 02:58:09] [Mem usage: [4806MB / 6GB]] [Elapsed Time: 00:03:57.0334]
.......
NOTE: Unmatched Read Buffer Size > 100000 [Mem usage:[3261MB / 8GB]]
    (This is generally not a problem, but if this increases further then OutOfMemoryExceptions
    may occur.
    If memory errors do occur, either increase memory allocation or sort the bam-file by name
    and rerun with the '--nameSorted' option.
    This might also indicate that your dataset contains an unusually large number of
    chimeric read-pairs. Or it could occur simply due to the presence of genomic
    loci with extremly high coverage. It may also indicate a SAM/BAM file that 
    does not adhere to the standard SAM specification.)
...[1000000 Read-Pairs processed] [Time: 2017-01-27 03:00:08] 
..........[2000000 Read-Pairs processed] [Time: 2017-01-27 03:02:05] 
..........[3000000 Read-Pairs processed] [Time: 2017-01-27 03:03:19] 
..........[4000000 Read-Pairs processed] [Time: 2017-01-27 03:05:19] 
..........[5000000 Read-Pairs processed] [Time: 2017-01-27 03:07:24] 
..........[6000000 Read-Pairs processed] [Time: 2017-01-27 03:09:27] 
..........[7000000 Read-Pairs processed] [Time: 2017-01-27 03:11:20] 
..........[8000000 Read-Pairs processed] [Time: 2017-01-27 03:13:20] 
..........[9000000 Read-Pairs processed] [Time: 2017-01-27 03:15:24] 
..........[10000000 Read-Pairs processed] [Time: 2017-01-27 03:17:07] 
..........[11000000 Read-Pairs processed] [Time: 2017-01-27 03:19:00] 
..........[12000000 Read-Pairs processed] [Time: 2017-01-27 03:20:54] 
..........[13000000 Read-Pairs processed] [Time: 2017-01-27 03:22:49] 
..........[14000000 Read-Pairs processed] [Time: 2017-01-27 03:24:54] 
..........[15000000 Read-Pairs processed] [Time: 2017-01-27 03:26:57] 
..........[16000000 Read-Pairs processed] [Time: 2017-01-27 03:28:55] 
..........[17000000 Read-Pairs processed] [Time: 2017-01-27 03:30:59] 
..........[18000000 Read-Pairs processed] [Time: 2017-01-27 03:32:48] 
..........[19000000 Read-Pairs processed] [Time: 2017-01-27 03:34:52] 
..........[20000000 Read-Pairs processed] [Time: 2017-01-27 03:36:41] 
..........[21000000 Read-Pairs processed] [Time: 2017-01-27 03:38:46] 
..........[22000000 Read-Pairs processed] [Time: 2017-01-27 03:40:44] 
..........[23000000 Read-Pairs processed] [Time: 2017-01-27 03:41:41] 
..........[24000000 Read-Pairs processed] [Time: 2017-01-27 03:42:59] 
..........[25000000 Read-Pairs processed] [Time: 2017-01-27 03:44:59] 
.......
NOTE: Unmatched Read Buffer Size > 200000 [Mem usage:[7GB / 13GB]]
...[26000000 Read-Pairs processed] [Time: 2017-01-27 03:45:21] 
..........[27000000 Read-Pairs processed] [Time: 2017-01-27 03:47:12] 
..........[28000000 Read-Pairs processed] [Time: 2017-01-27 03:49:18] 
..........[29000000 Read-Pairs processed] [Time: 2017-01-27 03:51:22] 
..........[30000000 Read-Pairs processed] [Time: 2017-01-27 03:53:26] 
..........[31000000 Read-Pairs processed] [Time: 2017-01-27 03:55:30] 
..........[32000000 Read-Pairs processed] [Time: 2017-01-27 03:57:32] 
..........[33000000 Read-Pairs processed] [Time: 2017-01-27 03:59:33] 
..........[34000000 Read-Pairs processed] [Time: 2017-01-27 04:01:40] 
..........[35000000 Read-Pairs processed] [Time: 2017-01-27 04:03:20] 
..........[36000000 Read-Pairs processed] [Time: 2017-01-27 04:05:23] 
..........[37000000 Read-Pairs processed] [Time: 2017-01-27 04:07:30] 
..........[38000000 Read-Pairs processed] [Time: 2017-01-27 04:09:36] 
..........[39000000 Read-Pairs processed] [Time: 2017-01-27 04:11:25] 
..........[40000000 Read-Pairs processed] [Time: 2017-01-27 04:11:49] 
..........[41000000 Read-Pairs processed] [Time: 2017-01-27 04:13:52] 
..........[42000000 Read-Pairs processed] [Time: 2017-01-27 04:15:57] 
..........[43000000 Read-Pairs processed] [Time: 2017-01-27 04:18:05] 
..........[44000000 Read-Pairs processed] [Time: 2017-01-27 04:20:15] 
..........[45000000 Read-Pairs processed] [Time: 2017-01-27 04:22:26] 
..........[46000000 Read-Pairs processed] [Time: 2017-01-27 04:24:32] 
..........[47000000 Read-Pairs processed] [Time: 2017-01-27 04:26:17] 
..........[48000000 Read-Pairs processed] [Time: 2017-01-27 04:28:19] 
..........[49000000 Read-Pairs processed] [Time: 2017-01-27 04:30:23] 
..........[50000000 Read-Pairs processed] [Time: 2017-01-27 04:31:19] 
..........[51000000 Read-Pairs processed] [Time: 2017-01-27 04:32:18] 
..........[52000000 Read-Pairs processed] [Time: 2017-01-27 04:34:24] 
..........[53000000 Read-Pairs processed] [Time: 2017-01-27 04:36:32] 
..........[54000000 Read-Pairs processed] [Time: 2017-01-27 04:38:22] 
..........[55000000 Read-Pairs processed] [Time: 2017-01-27 04:40:16] 
..........[56000000 Read-Pairs processed] [Time: 2017-01-27 04:42:04] 
..........[57000000 Read-Pairs processed] [Time: 2017-01-27 04:44:08] 
..........[58000000 Read-Pairs processed] [Time: 2017-01-27 04:46:12] 
..........[59000000 Read-Pairs processed] [Time: 2017-01-27 04:48:13] 
..........[60000000 Read-Pairs processed] [Time: 2017-01-27 04:50:02] 
..........[61000000 Read-Pairs processed] [Time: 2017-01-27 04:52:01] 
..........[62000000 Read-Pairs processed] [Time: 2017-01-27 04:54:09] 
..........[63000000 Read-Pairs processed] [Time: 2017-01-27 04:56:07] 
..........[64000000 Read-Pairs processed] [Time: 2017-01-27 04:57:49] 
.....
Finished reading SAM. Read: 64529536 reads/read-pairs.
Finished reading SAM. Used: 55146781 reads/read-pairs.
[Time: 2017-01-27 04:58:11] [Mem usage: [10GB / 15GB]] [Elapsed Time: 02:03:58.0877]
> Read Stats:
>   READ_PAIR_OK                   55146781
>   TOTAL_READ_PAIRS               64529536
>   DROPPED_NOT_PROPER_PAIR        0
>   DROPPED_READ_FAILS_VENDOR_QC   0
>   DROPPED_MARKED_NOT_VALID       0
>   DROPPED_CHROMS_MISMATCH        0
>   DROPPED_PAIR_STRANDS_MISMATCH  0
>   DROPPED_IGNORED_CHROMOSOME     0
>   DROPPED_NOT_UNIQUE_ALIGNMENT   9382755
Writing Output...
QoRTs QC complete with no problems.
Done.
Time spent on setup:           00:03:57.0335
Time spent on SAM iteration:   02:00:01.0542
                               (1.8598718370866123 minutes per million read-pairs)
                               (2.1763131861978793 minutes per million read-pairs used)
Time spent on file output:     00:02:53.0105
Total runtime:                 02:06:51.0982
Done. (Fri Jan 27 05:01:04 EST 2017)
