Starting QoRTs v1.1.8 (Compiled Wed Jul 13 13:35:56 EDT 2016)
Starting time: (Fri Jan 27 00:54:47 EST 2017)
INPUT_COMMAND(QC)
  INPUT_ARG(infile)=/mnt/mobydisk/pan/genomics/data/alee/nolan/projects/breast-mets/rna-seq/bone/22P/22P-star-2.4.2a-counts-ensemblv80/22P.star.sorted.bam
  INPUT_ARG(gtffile)=/mnt/mobydisk/pan/genomics/data/alee/nolan/apps/star/reference-files/Homo_sapiens.GRCh38.80.gtf
  INPUT_ARG(outdir)=/mnt/mobydisk/pan/genomics/data/alee/nolan/projects/breast-mets/rna-seq/bone/22P/22P-qorts-v1.1.8
  INPUT_ARG(stranded)=true
Created Log File: /mnt/mobydisk/pan/genomics/data/alee/nolan/projects/breast-mets/rna-seq/bone/22P/22P-qorts-v1.1.8/QC.zXESIWntFCnH.log
Starting QC
[Time: 2017-01-27 00:54:47] [Mem usage: [75MB / 2058MB]] [Elapsed Time: 00:00:00.0000]
QoRTs is Running in paired-end mode.
QoRTs is Running in any-sorted mode.
Running functions: NVC, GCDistribution, GeneCalcs, QualityScoreDistribution, 
        writeJunctionSeqCounts, writeKnownSplices, 
        writeNovelSplices, writeClippedNVC, CigarOpDistribution, 
        InsertSize, chromCounts, writeSpliceExon, 
        writeGenewiseGeneBody, JunctionCalcs, writeGeneCounts, 
        writeBiotypeCounts, writeDESeq, writeDEXSeq, writeGeneBody, 
        StrandCheck
Pre-alignment read count unknown (Set --seqReadCt or --rawfastq)
Checking first 10000 reads. Checking SAM file for formatting errors...
   Stats on the first 10000 reads:
        Num Reads Primary Map:    2080
        Num Reads Paired-ended:   10000
        Num Reads mapped pair:    2080
        Num Pair names found:     1140
        Num Pairs matched:        940
        Read Seq length:          75 to 75
        Unclipped Read length:    75 to 75
        Final maxReadLength:      75
        maxPhredScore:            36
        minPhredScore:            2
   Note: Data appears to be paired-ended.
   Sorting Note: Reads are not sorted by name (This is OK).
   Sorting Note: Reads are sorted by position (This is OK).
Done checking first 10000 reads. No major problems detected.
SAMRecord Reader Generated. Read length: 75.
[Time: 2017-01-27 00:54:49] [Mem usage: [125MB / 2058MB]] [Elapsed Time: 00:00:01.0677]
> Init GeneCalcs Utility
helper_calculateGeneAssignmentMap_strict. Found: 65217 genes in the supplied annotation.
helper_calculateGeneAssignmentMap_strict. Found: 7018 genes with ambiguous segments.
helper_calculateGeneAssignmentMap_strict. Found: 58199 genes after first-pass filtering
making makeGeneIntervalMap for geneBody calculations. Found: 58199 acceptable genes for gene-body analysis.
Compiling flat feature annotation, internally in memory...
FlatteningGtf: starting...(2017-01-27 00:56:44)
    FlatteningGtf: gtf file read complete.(2017-01-27 00:58:27)
    FlatteningGtf: Splice Junction Map read.(2017-01-27 00:58:31)
    FlatteningGtf: gene Sets generated.(2017-01-27 00:58:32)
    FlatteningGtf: Aggregate Sets built.
    FlatteningGtf: Compiling Aggregate Info . . . (2017-01-27 00:58:32)
    FlatteningGtf: Finished Compiling Aggregate Info. (2017-01-27 00:58:32)
    FlatteningGtf: Iterating through the step-vector...(2017-01-27 00:58:32)
    FlatteningGtf: Adding the aggregate genes themselves...(2017-01-27 00:58:34)
    FlatteningGtf: Iterating through the splice junctions...(2017-01-27 00:58:35)
    FlatteningGtf: Sorting the aggregate genes...(2017-01-27 00:58:39)
    FlatteningGtf: Folding the FlatGtfLine iterator...(2017-01-27 00:58:40)
    FlatteningGtf: Features Built.(2017-01-27 00:58:40)
Internal flat feature annotation compiled!
> Init InsertSize Utility
> Init NVC utility
> Init CigarOpDistribution Utility
> Init QualityScoreDistribution Utility
> Init GC counts Utility
> Init JunctionCalcs utility
length of knownSpliceMap after instantiation: 374703
length of knownCountMap after instantiation: 374703
> Init StrandCheck Utility
> Init chromCount Utility
QC Utilities Generated!
[Time: 2017-01-27 00:58:46] [Mem usage: [4284MB / 6GB]] [Elapsed Time: 00:03:58.0794]
..........[1000000 Read-Pairs processed] [Time: 2017-01-27 01:00:39] 
..........[2000000 Read-Pairs processed] [Time: 2017-01-27 01:02:05] 
..........[3000000 Read-Pairs processed] [Time: 2017-01-27 01:03:32] 
..........[4000000 Read-Pairs processed] [Time: 2017-01-27 01:05:30] 
..........[5000000 Read-Pairs processed] [Time: 2017-01-27 01:07:03] 
..........[6000000 Read-Pairs processed] [Time: 2017-01-27 01:08:41] 
..........[7000000 Read-Pairs processed] [Time: 2017-01-27 01:10:40] 
..........[8000000 Read-Pairs processed] [Time: 2017-01-27 01:12:11] 
..........[9000000 Read-Pairs processed] [Time: 2017-01-27 01:14:12] 
..........[10000000 Read-Pairs processed] [Time: 2017-01-27 01:15:52] 
..........[11000000 Read-Pairs processed] [Time: 2017-01-27 01:17:43] 
.........
Finished reading SAM. Read: 11919798 reads/read-pairs.
Finished reading SAM. Used: 9681676 reads/read-pairs.
[Time: 2017-01-27 01:19:17] [Mem usage: [4512MB / 9GB]] [Elapsed Time: 00:24:29.0683]
> Read Stats:
>   READ_PAIR_OK                   9681676
>   TOTAL_READ_PAIRS               11919798
>   DROPPED_NOT_PROPER_PAIR        0
>   DROPPED_READ_FAILS_VENDOR_QC   0
>   DROPPED_MARKED_NOT_VALID       0
>   DROPPED_CHROMS_MISMATCH        0
>   DROPPED_PAIR_STRANDS_MISMATCH  0
>   DROPPED_IGNORED_CHROMOSOME     0
>   DROPPED_NOT_UNIQUE_ALIGNMENT   2238122
Writing Output...
DEBUG NOTE: IncludeGenesSet.size: 58199
DEBUG NOTE: sortedReadCountSeq.size: 16224
DEBUG NOTE: coverageThresholds: 8112;12168;14601;16224
DEBUG NOTE: coverageSpans: [(0,8112);(8112,12168);(12168,14601);(14601,16224)]
DEBUG NOTE:	[1.bottomHalf][0.5] = [0,8112]
DEBUG NOTE:	[2.upperMidQuartile][0.75] = [8112,12168]
DEBUG NOTE:	[3.75to90][0.9] = [12168,14601]
DEBUG NOTE:	[4.high][1.0] = [14601,16224]
      (DEBUG) Generating Biotype Map [2017-01-27 01:19:26]
      (DEBUG) Extracted gene BioType using key "gene_biotype".
              Found 44 types: [TR_V_gene,unprocessed_pseudogene,protein_coding,IG_V_gene,TR_J_gene,Mt_tRNA,rRNA,TR_C_gene,TEC,vaultRNA,translated_processed_pseudogene,miRNA,scaRNA,TR_D_gene,snRNA,TR_V_pseudogene,snoRNA,transcribed_processed_pseudogene,IG_J_pseudogene,processed_transcript,TR_J_pseudogene,IG_V_pseudogene,3prime_overlapping_ncrna,IG_J_gene,processed_pseudogene,transcribed_unitary_pseudogene,IG_C_pseudogene,sense_overlapping,transcribed_unprocessed_pseudogene,lincRNA,translated_unprocessed_pseudogene,IG_C_gene,misc_RNA,ribozyme,IG_D_gene,polymorphic_pseudogene,antisense,Mt_rRNA,unitary_pseudogene,pseudogene,sRNA,non_coding,macro_lncRNA,sense_intronic]
      (DEBUG) Finished Biotype Map [2017-01-27 01:21:58]
length of knownCountMap after run: 374703
QoRTs QC complete with no problems.
Done.
Time spent on setup:           00:03:58.0795
Time spent on SAM iteration:   00:20:30.0889
                               (1.7198278024510147 minutes per million read-pairs)
                               (2.11740198701134 minutes per million read-pairs used)
Time spent on file output:     00:02:49.0369
Total runtime:                 00:27:19.0053
Done. (Fri Jan 27 01:22:06 EST 2017)
