Starting QoRTs v1.1.8 (Compiled Wed Jul 13 13:35:56 EDT 2016)
Starting time: (Fri Jan 27 01:53:33 EST 2017)
INPUT_COMMAND(QC)
  INPUT_ARG(infile)=/mnt/mobydisk/pan/genomics/data/alee/nolan/projects/breast-mets/rna-seq/bone/48M/48M-star-2.4.2a-counts-ensemblv80/48M.star.sorted.bam
  INPUT_ARG(gtffile)=/mnt/mobydisk/pan/genomics/data/alee/nolan/apps/star/reference-files/Homo_sapiens.GRCh38.80.gtf
  INPUT_ARG(outdir)=/mnt/mobydisk/pan/genomics/data/alee/nolan/projects/breast-mets/rna-seq/bone/48M/48M-qorts-v1.1.8
  INPUT_ARG(stranded)=true
Created Log File: /mnt/mobydisk/pan/genomics/data/alee/nolan/projects/breast-mets/rna-seq/bone/48M/48M-qorts-v1.1.8/QC.TlrS5ejBkleO.log
Starting QC
[Time: 2017-01-27 01:53:33] [Mem usage: [75MB / 2058MB]] [Elapsed Time: 00:00:00.0000]
QoRTs is Running in paired-end mode.
QoRTs is Running in any-sorted mode.
Running functions: NVC, GCDistribution, GeneCalcs, QualityScoreDistribution, 
        writeJunctionSeqCounts, writeKnownSplices, 
        writeNovelSplices, writeClippedNVC, CigarOpDistribution, 
        InsertSize, chromCounts, writeSpliceExon, 
        writeGenewiseGeneBody, JunctionCalcs, writeGeneCounts, 
        writeBiotypeCounts, writeDESeq, writeDEXSeq, writeGeneBody, 
        StrandCheck
Pre-alignment read count unknown (Set --seqReadCt or --rawfastq)
Checking first 10000 reads. Checking SAM file for formatting errors...
   Sorting Note: Reads are not sorted by name (This is OK).
   Sorting Note: Reads are sorted by position (This is OK).
Done checking first 10000 reads. No major problems detected.
SAMRecord Reader Generated. Read length: 75.
[Time: 2017-01-27 01:53:35] [Mem usage: [125MB / 2058MB]] [Elapsed Time: 00:00:01.0933]
Compiling flat feature annotation, internally in memory...
Internal flat feature annotation compiled!
QC Utilities Generated!
[Time: 2017-01-27 01:57:31] [Mem usage: [4419MB / 6GB]] [Elapsed Time: 00:03:58.0490]
..........[1000000 Read-Pairs processed] [Time: 2017-01-27 01:59:32] 
.
NOTE: Unmatched Read Buffer Size > 100000 [Mem usage:[4772MB / 8GB]]
    (This is generally not a problem, but if this increases further then OutOfMemoryExceptions
    may occur.
    If memory errors do occur, either increase memory allocation or sort the bam-file by name
    and rerun with the '--nameSorted' option.
    This might also indicate that your dataset contains an unusually large number of
    chimeric read-pairs. Or it could occur simply due to the presence of genomic
    loci with extremly high coverage. It may also indicate a SAM/BAM file that 
    does not adhere to the standard SAM specification.)
.
NOTE: Unmatched Read Buffer Size > 200000 [Mem usage:[2894MB / 8GB]]
........[2000000 Read-Pairs processed] [Time: 2017-01-27 02:01:31] 
..........[3000000 Read-Pairs processed] [Time: 2017-01-27 02:03:19] 
..........[4000000 Read-Pairs processed] [Time: 2017-01-27 02:04:59] 
..........[5000000 Read-Pairs processed] [Time: 2017-01-27 02:06:26] 
..........[6000000 Read-Pairs processed] [Time: 2017-01-27 02:08:18] 
..........[7000000 Read-Pairs processed] [Time: 2017-01-27 02:10:18] 
..........[8000000 Read-Pairs processed] [Time: 2017-01-27 02:12:17] 
..........[9000000 Read-Pairs processed] [Time: 2017-01-27 02:14:15] 
..........[10000000 Read-Pairs processed] [Time: 2017-01-27 02:15:57] 
..........[11000000 Read-Pairs processed] [Time: 2017-01-27 02:17:41] 
..........[12000000 Read-Pairs processed] [Time: 2017-01-27 02:19:38] 
..........[13000000 Read-Pairs processed] [Time: 2017-01-27 02:21:06] 
..........[14000000 Read-Pairs processed] [Time: 2017-01-27 02:23:06] 
..........[15000000 Read-Pairs processed] [Time: 2017-01-27 02:24:39] 
..........[16000000 Read-Pairs processed] [Time: 2017-01-27 02:26:26] 
..........[17000000 Read-Pairs processed] [Time: 2017-01-27 02:28:12] 
..........[18000000 Read-Pairs processed] [Time: 2017-01-27 02:30:03] 
..........[19000000 Read-Pairs processed] [Time: 2017-01-27 02:32:02] 
..........[20000000 Read-Pairs processed] [Time: 2017-01-27 02:33:59] 
..........[21000000 Read-Pairs processed] [Time: 2017-01-27 02:35:57] 
..........[22000000 Read-Pairs processed] [Time: 2017-01-27 02:37:55] 
..........[23000000 Read-Pairs processed] [Time: 2017-01-27 02:39:38] 
..........[24000000 Read-Pairs processed] [Time: 2017-01-27 02:41:35] 
..........[25000000 Read-Pairs processed] [Time: 2017-01-27 02:43:35] 
..........[26000000 Read-Pairs processed] [Time: 2017-01-27 02:44:58] 
..........[27000000 Read-Pairs processed] [Time: 2017-01-27 02:46:31] 
..........[28000000 Read-Pairs processed] [Time: 2017-01-27 02:48:30] 
..........[29000000 Read-Pairs processed] [Time: 2017-01-27 02:50:15] 
..........[30000000 Read-Pairs processed] [Time: 2017-01-27 02:51:43] 
..........[31000000 Read-Pairs processed] [Time: 2017-01-27 02:52:34] 
..........[32000000 Read-Pairs processed] [Time: 2017-01-27 02:53:33] 
..........[33000000 Read-Pairs processed] [Time: 2017-01-27 02:55:16] 
..........[34000000 Read-Pairs processed] [Time: 2017-01-27 02:56:33] 
..........[35000000 Read-Pairs processed] [Time: 2017-01-27 02:58:04] 
..........[36000000 Read-Pairs processed] [Time: 2017-01-27 02:59:19] 
..........[37000000 Read-Pairs processed] [Time: 2017-01-27 03:01:16] 
..........[38000000 Read-Pairs processed] [Time: 2017-01-27 03:03:11] 
..........[39000000 Read-Pairs processed] [Time: 2017-01-27 03:05:10] 
..........[40000000 Read-Pairs processed] [Time: 2017-01-27 03:07:06] 
..........[41000000 Read-Pairs processed] [Time: 2017-01-27 03:08:57] 
..........[42000000 Read-Pairs processed] [Time: 2017-01-27 03:10:56] 
..........[43000000 Read-Pairs processed] [Time: 2017-01-27 03:12:40] 
..........[44000000 Read-Pairs processed] [Time: 2017-01-27 03:14:10] 
..........[45000000 Read-Pairs processed] [Time: 2017-01-27 03:16:08] 
..........[46000000 Read-Pairs processed] [Time: 2017-01-27 03:18:08] 
..........[47000000 Read-Pairs processed] [Time: 2017-01-27 03:20:08] 
..........[48000000 Read-Pairs processed] [Time: 2017-01-27 03:21:24] 
..........[49000000 Read-Pairs processed] [Time: 2017-01-27 03:21:43] 
..........[50000000 Read-Pairs processed] [Time: 2017-01-27 03:23:29] 
..........[51000000 Read-Pairs processed] [Time: 2017-01-27 03:24:52] 
..........[52000000 Read-Pairs processed] [Time: 2017-01-27 03:26:49] 
..........[53000000 Read-Pairs processed] [Time: 2017-01-27 03:28:49] 
..........[54000000 Read-Pairs processed] [Time: 2017-01-27 03:30:48] 
..........[55000000 Read-Pairs processed] [Time: 2017-01-27 03:32:47] 
..........[56000000 Read-Pairs processed] [Time: 2017-01-27 03:34:44] 
..........[57000000 Read-Pairs processed] [Time: 2017-01-27 03:36:08] 
..........[58000000 Read-Pairs processed] [Time: 2017-01-27 03:38:09] 
..........[59000000 Read-Pairs processed] [Time: 2017-01-27 03:40:07] 
..........[60000000 Read-Pairs processed] [Time: 2017-01-27 03:42:07] 
..........[61000000 Read-Pairs processed] [Time: 2017-01-27 03:43:24] 
..........[62000000 Read-Pairs processed] [Time: 2017-01-27 03:45:21] 
..........[63000000 Read-Pairs processed] [Time: 2017-01-27 03:47:19] 
..........[64000000 Read-Pairs processed] [Time: 2017-01-27 03:49:12] 
..........[65000000 Read-Pairs processed] [Time: 2017-01-27 03:50:48] 
..........[66000000 Read-Pairs processed] [Time: 2017-01-27 03:52:33] 
..........[67000000 Read-Pairs processed] [Time: 2017-01-27 03:54:30] 
..........[68000000 Read-Pairs processed] [Time: 2017-01-27 03:56:31] 
..........[69000000 Read-Pairs processed] [Time: 2017-01-27 03:58:25] 
..........[70000000 Read-Pairs processed] [Time: 2017-01-27 04:00:22] 
..........[71000000 Read-Pairs processed] [Time: 2017-01-27 04:02:20] 
..........[72000000 Read-Pairs processed] [Time: 2017-01-27 04:04:22] 
..........[73000000 Read-Pairs processed] [Time: 2017-01-27 04:06:12] 
.........
Finished reading SAM. Read: 73966365 reads/read-pairs.
Finished reading SAM. Used: 62999489 reads/read-pairs.
[Time: 2017-01-27 04:07:01] [Mem usage: [13GB / 16GB]] [Elapsed Time: 02:13:27.0593]
> Read Stats:
>   READ_PAIR_OK                   62999489
>   TOTAL_READ_PAIRS               73966365
>   DROPPED_NOT_PROPER_PAIR        0
>   DROPPED_READ_FAILS_VENDOR_QC   0
>   DROPPED_MARKED_NOT_VALID       0
>   DROPPED_CHROMS_MISMATCH        0
>   DROPPED_PAIR_STRANDS_MISMATCH  0
>   DROPPED_IGNORED_CHROMOSOME     0
>   DROPPED_NOT_UNIQUE_ALIGNMENT   10966876
Writing Output...
QoRTs QC complete with no problems.
Done.
Time spent on setup:           00:03:58.0490
Time spent on SAM iteration:   02:09:29.0103
                               (1.7505704563599054 minutes per million read-pairs)
                               (2.055307676119934 minutes per million read-pairs used)
Time spent on file output:     00:02:45.0154
Total runtime:                 02:16:12.0747
Done. (Fri Jan 27 04:09:46 EST 2017)
