Starting QoRTs v1.1.8 (Compiled Wed Jul 13 13:35:56 EDT 2016)
Starting time: (Fri Jan 27 00:54:47 EST 2017)
INPUT_COMMAND(QC)
  INPUT_ARG(infile)=/mnt/mobydisk/pan/genomics/data/alee/nolan/projects/breast-mets/rna-seq/bone/17P/17P-star-2.4.2a-counts-ensemblv80/17P.star.sorted.bam
  INPUT_ARG(gtffile)=/mnt/mobydisk/pan/genomics/data/alee/nolan/apps/star/reference-files/Homo_sapiens.GRCh38.80.gtf
  INPUT_ARG(outdir)=/mnt/mobydisk/pan/genomics/data/alee/nolan/projects/breast-mets/rna-seq/bone/17P/17P-qorts-v1.1.8
  INPUT_ARG(stranded)=true
Created Log File: /mnt/mobydisk/pan/genomics/data/alee/nolan/projects/breast-mets/rna-seq/bone/17P/17P-qorts-v1.1.8/QC.DYtYhJNxWotu.log
Starting QC
[Time: 2017-01-27 00:54:47] [Mem usage: [75MB / 2058MB]] [Elapsed Time: 00:00:00.0000]
QoRTs is Running in paired-end mode.
QoRTs is Running in any-sorted mode.
Running functions: NVC, GCDistribution, GeneCalcs, QualityScoreDistribution, 
        writeJunctionSeqCounts, writeKnownSplices, 
        writeNovelSplices, writeClippedNVC, CigarOpDistribution, 
        InsertSize, chromCounts, writeSpliceExon, 
        writeGenewiseGeneBody, JunctionCalcs, writeGeneCounts, 
        writeBiotypeCounts, writeDESeq, writeDEXSeq, writeGeneBody, 
        StrandCheck
Pre-alignment read count unknown (Set --seqReadCt or --rawfastq)
Checking first 10000 reads. Checking SAM file for formatting errors...
   Sorting Note: Reads are not sorted by name (This is OK).
   Sorting Note: Reads are sorted by position (This is OK).
Done checking first 10000 reads. No major problems detected.
SAMRecord Reader Generated. Read length: 75.
[Time: 2017-01-27 00:54:49] [Mem usage: [130MB / 2058MB]] [Elapsed Time: 00:00:01.0973]
Compiling flat feature annotation, internally in memory...
Internal flat feature annotation compiled!
QC Utilities Generated!
[Time: 2017-01-27 00:58:48] [Mem usage: [3646MB / 6GB]] [Elapsed Time: 00:04:00.0760]
.........
NOTE: Unmatched Read Buffer Size > 100000 [Mem usage:[4109MB / 7GB]]
    (This is generally not a problem, but if this increases further then OutOfMemoryExceptions
    may occur.
    If memory errors do occur, either increase memory allocation or sort the bam-file by name
    and rerun with the '--nameSorted' option.
    This might also indicate that your dataset contains an unusually large number of
    chimeric read-pairs. Or it could occur simply due to the presence of genomic
    loci with extremly high coverage. It may also indicate a SAM/BAM file that 
    does not adhere to the standard SAM specification.)
NOTE: Unmatched Read Buffer Size > 200000 [Mem usage:[4309MB / 7GB]]
NOTE: Unmatched Read Buffer Size > 400000 [Mem usage:[5GB / 7GB]]
.[1000000 Read-Pairs processed] [Time: 2017-01-27 01:00:37] 
..........[2000000 Read-Pairs processed] [Time: 2017-01-27 01:02:34] 
..........[3000000 Read-Pairs processed] [Time: 2017-01-27 01:04:28] 
..........[4000000 Read-Pairs processed] [Time: 2017-01-27 01:05:27] 
..........[5000000 Read-Pairs processed] [Time: 2017-01-27 01:07:17] 
..........[6000000 Read-Pairs processed] [Time: 2017-01-27 01:09:11] 
..........[7000000 Read-Pairs processed] [Time: 2017-01-27 01:10:44] 
..........[8000000 Read-Pairs processed] [Time: 2017-01-27 01:12:22] 
..........[9000000 Read-Pairs processed] [Time: 2017-01-27 01:14:18] 
..........[10000000 Read-Pairs processed] [Time: 2017-01-27 01:15:52] 
..........[11000000 Read-Pairs processed] [Time: 2017-01-27 01:17:39] 
..........[12000000 Read-Pairs processed] [Time: 2017-01-27 01:19:24] 
..........[13000000 Read-Pairs processed] [Time: 2017-01-27 01:21:09] 
..........[14000000 Read-Pairs processed] [Time: 2017-01-27 01:22:53] 
..........[15000000 Read-Pairs processed] [Time: 2017-01-27 01:24:38] 
..........[16000000 Read-Pairs processed] [Time: 2017-01-27 01:26:32] 
..........[17000000 Read-Pairs processed] [Time: 2017-01-27 01:28:24] 
..........[18000000 Read-Pairs processed] [Time: 2017-01-27 01:30:14] 
..........[19000000 Read-Pairs processed] [Time: 2017-01-27 01:32:07] 
..........[20000000 Read-Pairs processed] [Time: 2017-01-27 01:33:57] 
..........[21000000 Read-Pairs processed] [Time: 2017-01-27 01:35:52] 
..........[22000000 Read-Pairs processed] [Time: 2017-01-27 01:37:45] 
..........[23000000 Read-Pairs processed] [Time: 2017-01-27 01:39:24] 
..........[24000000 Read-Pairs processed] [Time: 2017-01-27 01:41:17] 
..........[25000000 Read-Pairs processed] [Time: 2017-01-27 01:42:54] 
..........[26000000 Read-Pairs processed] [Time: 2017-01-27 01:43:42] 
..........[27000000 Read-Pairs processed] [Time: 2017-01-27 01:44:46] 
..........[28000000 Read-Pairs processed] [Time: 2017-01-27 01:46:36] 
..........[29000000 Read-Pairs processed] [Time: 2017-01-27 01:47:31] 
..........[30000000 Read-Pairs processed] [Time: 2017-01-27 01:49:18] 
..........[31000000 Read-Pairs processed] [Time: 2017-01-27 01:51:15] 
..........[32000000 Read-Pairs processed] [Time: 2017-01-27 01:53:05] 
..........[33000000 Read-Pairs processed] [Time: 2017-01-27 01:54:58] 
..........[34000000 Read-Pairs processed] [Time: 2017-01-27 01:56:48] 
..........[35000000 Read-Pairs processed] [Time: 2017-01-27 01:58:40] 
..........[36000000 Read-Pairs processed] [Time: 2017-01-27 02:00:23] 
..........[37000000 Read-Pairs processed] [Time: 2017-01-27 02:01:41] 
..........[38000000 Read-Pairs processed] [Time: 2017-01-27 02:03:31] 
..........[39000000 Read-Pairs processed] [Time: 2017-01-27 02:05:26] 
..........[40000000 Read-Pairs processed] [Time: 2017-01-27 02:07:28] 
..........[41000000 Read-Pairs processed] [Time: 2017-01-27 02:09:23] 
..........[42000000 Read-Pairs processed] [Time: 2017-01-27 02:11:19] 
..........[43000000 Read-Pairs processed] [Time: 2017-01-27 02:12:31] 
..........[44000000 Read-Pairs processed] [Time: 2017-01-27 02:14:04] 
..........[45000000 Read-Pairs processed] [Time: 2017-01-27 02:15:56] 
..........[46000000 Read-Pairs processed] [Time: 2017-01-27 02:17:51] 
..........[47000000 Read-Pairs processed] [Time: 2017-01-27 02:19:45] 
..........[48000000 Read-Pairs processed] [Time: 2017-01-27 02:21:40] 
..........[49000000 Read-Pairs processed] [Time: 2017-01-27 02:23:31] 
..........[50000000 Read-Pairs processed] [Time: 2017-01-27 02:25:07] 
..........[51000000 Read-Pairs processed] [Time: 2017-01-27 02:27:02] 
..........[52000000 Read-Pairs processed] [Time: 2017-01-27 02:28:52] 
..........[53000000 Read-Pairs processed] [Time: 2017-01-27 02:29:37] 
..........[54000000 Read-Pairs processed] [Time: 2017-01-27 02:31:08] 
..........[55000000 Read-Pairs processed] [Time: 2017-01-27 02:32:58] 
..........[56000000 Read-Pairs processed] [Time: 2017-01-27 02:34:42] 
..........[57000000 Read-Pairs processed] [Time: 2017-01-27 02:36:21] 
..........[58000000 Read-Pairs processed] [Time: 2017-01-27 02:38:25] 
..........[59000000 Read-Pairs processed] [Time: 2017-01-27 02:40:21] 
..........[60000000 Read-Pairs processed] [Time: 2017-01-27 02:42:14] 
..........[61000000 Read-Pairs processed] [Time: 2017-01-27 02:43:56] 
..........[62000000 Read-Pairs processed] [Time: 2017-01-27 02:45:51] 
..........[63000000 Read-Pairs processed] [Time: 2017-01-27 02:47:50] 
..........[64000000 Read-Pairs processed] [Time: 2017-01-27 02:49:35] 
..........[65000000 Read-Pairs processed] [Time: 2017-01-27 02:51:20] 
...
Finished reading SAM. Read: 65317624 reads/read-pairs.
Finished reading SAM. Used: 56914808 reads/read-pairs.
[Time: 2017-01-27 02:51:35] [Mem usage: [10GB / 16GB]] [Elapsed Time: 01:56:48.0345]
> Read Stats:
>   READ_PAIR_OK                   56914808
>   TOTAL_READ_PAIRS               65317624
>   DROPPED_NOT_PROPER_PAIR        0
>   DROPPED_READ_FAILS_VENDOR_QC   0
>   DROPPED_MARKED_NOT_VALID       0
>   DROPPED_CHROMS_MISMATCH        0
>   DROPPED_PAIR_STRANDS_MISMATCH  0
>   DROPPED_IGNORED_CHROMOSOME     0
>   DROPPED_NOT_UNIQUE_ALIGNMENT   8402816
Writing Output...
QoRTs QC complete with no problems.
Done.
Time spent on setup:           00:04:00.0760
Time spent on SAM iteration:   01:52:47.0585
                               (1.726690691218856 minutes per million read-pairs)
                               (1.981616688109241 minutes per million read-pairs used)
Time spent on file output:     00:02:35.0281
Total runtime:                 01:59:23.0626
Done. (Fri Jan 27 02:54:11 EST 2017)
