Starting QoRTs v1.1.8 (Compiled Wed Jul 13 13:35:56 EDT 2016)
Starting time: (Fri Jan 27 03:22:29 EST 2017)
INPUT_COMMAND(QC)
  INPUT_ARG(infile)=/mnt/mobydisk/pan/genomics/data/alee/nolan/projects/breast-mets/rna-seq/bone/A25P/A25P-star-2.4.2a-counts-ensemblv80/A25P.star.sorted.bam
  INPUT_ARG(gtffile)=/mnt/mobydisk/pan/genomics/data/alee/nolan/apps/star/reference-files/Homo_sapiens.GRCh38.80.gtf
  INPUT_ARG(outdir)=/mnt/mobydisk/pan/genomics/data/alee/nolan/projects/breast-mets/rna-seq/bone/A25P/A25P-qorts-v1.1.8
  INPUT_ARG(stranded)=true
Created Log File: /mnt/mobydisk/pan/genomics/data/alee/nolan/projects/breast-mets/rna-seq/bone/A25P/A25P-qorts-v1.1.8/QC.YQPrM7PaQDGF.log
Starting QC
[Time: 2017-01-27 03:22:29] [Mem usage: [75MB / 2058MB]] [Elapsed Time: 00:00:00.0000]
QoRTs is Running in paired-end mode.
QoRTs is Running in any-sorted mode.
Running functions: NVC, GCDistribution, GeneCalcs, QualityScoreDistribution, 
        writeJunctionSeqCounts, writeKnownSplices, 
        writeNovelSplices, writeClippedNVC, CigarOpDistribution, 
        InsertSize, chromCounts, writeSpliceExon, 
        writeGenewiseGeneBody, JunctionCalcs, writeGeneCounts, 
        writeBiotypeCounts, writeDESeq, writeDEXSeq, writeGeneBody, 
        StrandCheck
Pre-alignment read count unknown (Set --seqReadCt or --rawfastq)
Checking first 10000 reads. Checking SAM file for formatting errors...
   Sorting Note: Reads are not sorted by name (This is OK).
   Sorting Note: Reads are sorted by position (This is OK).
Done checking first 10000 reads. No major problems detected.
SAMRecord Reader Generated. Read length: 75.
[Time: 2017-01-27 03:22:31] [Mem usage: [125MB / 2058MB]] [Elapsed Time: 00:00:01.0985]
Compiling flat feature annotation, internally in memory...
Internal flat feature annotation compiled!
QC Utilities Generated!
[Time: 2017-01-27 03:26:27] [Mem usage: [3797MB / 6GB]] [Elapsed Time: 00:03:57.0757]
......
NOTE: Unmatched Read Buffer Size > 100000 [Mem usage:[5GB / 8GB]]
    (This is generally not a problem, but if this increases further then OutOfMemoryExceptions
    may occur.
    If memory errors do occur, either increase memory allocation or sort the bam-file by name
    and rerun with the '--nameSorted' option.
    This might also indicate that your dataset contains an unusually large number of
    chimeric read-pairs. Or it could occur simply due to the presence of genomic
    loci with extremly high coverage. It may also indicate a SAM/BAM file that 
    does not adhere to the standard SAM specification.)
....[1000000 Read-Pairs processed] [Time: 2017-01-27 03:28:21] 
..........[2000000 Read-Pairs processed] [Time: 2017-01-27 03:29:55] 
..........[3000000 Read-Pairs processed] [Time: 2017-01-27 03:31:38] 
..........[4000000 Read-Pairs processed] [Time: 2017-01-27 03:33:26] 
..........[5000000 Read-Pairs processed] [Time: 2017-01-27 03:35:15] 
..........[6000000 Read-Pairs processed] [Time: 2017-01-27 03:36:52] 
..........[7000000 Read-Pairs processed] [Time: 2017-01-27 03:38:37] 
..........[8000000 Read-Pairs processed] [Time: 2017-01-27 03:40:32] 
..........[9000000 Read-Pairs processed] [Time: 2017-01-27 03:42:24] 
..........[10000000 Read-Pairs processed] [Time: 2017-01-27 03:44:13] 
..........[11000000 Read-Pairs processed] [Time: 2017-01-27 03:46:10] 
..........[12000000 Read-Pairs processed] [Time: 2017-01-27 03:47:31] 
..........[13000000 Read-Pairs processed] [Time: 2017-01-27 03:49:08] 
..........[14000000 Read-Pairs processed] [Time: 2017-01-27 03:50:49] 
..........[15000000 Read-Pairs processed] [Time: 2017-01-27 03:51:41] 
..........[16000000 Read-Pairs processed] [Time: 2017-01-27 03:53:22] 
..........[17000000 Read-Pairs processed] [Time: 2017-01-27 03:54:42] 
..........[18000000 Read-Pairs processed] [Time: 2017-01-27 03:56:41] 
..........[19000000 Read-Pairs processed] [Time: 2017-01-27 03:58:36] 
..........[20000000 Read-Pairs processed] [Time: 2017-01-27 04:00:29] 
..........[21000000 Read-Pairs processed] [Time: 2017-01-27 04:02:21] 
..........[22000000 Read-Pairs processed] [Time: 2017-01-27 04:03:58] 
..........[23000000 Read-Pairs processed] [Time: 2017-01-27 04:05:56] 
..........[24000000 Read-Pairs processed] [Time: 2017-01-27 04:07:29] 
..........[25000000 Read-Pairs processed] [Time: 2017-01-27 04:08:32] 
..........[26000000 Read-Pairs processed] [Time: 2017-01-27 04:10:12] 
..........[27000000 Read-Pairs processed] [Time: 2017-01-27 04:12:08] 
..........[28000000 Read-Pairs processed] [Time: 2017-01-27 04:14:04] 
..........[29000000 Read-Pairs processed] [Time: 2017-01-27 04:15:50] 
..........[30000000 Read-Pairs processed] [Time: 2017-01-27 04:17:45] 
..........[31000000 Read-Pairs processed] [Time: 2017-01-27 04:19:13] 
..........[32000000 Read-Pairs processed] [Time: 2017-01-27 04:21:05] 
..........[33000000 Read-Pairs processed] [Time: 2017-01-27 04:22:50] 
..........[34000000 Read-Pairs processed] [Time: 2017-01-27 04:24:38] 
..........[35000000 Read-Pairs processed] [Time: 2017-01-27 04:26:31] 
..........[36000000 Read-Pairs processed] [Time: 2017-01-27 04:28:21] 
..........[37000000 Read-Pairs processed] [Time: 2017-01-27 04:30:14] 
..........[38000000 Read-Pairs processed] [Time: 2017-01-27 04:31:43] 
..
Finished reading SAM. Read: 38232482 reads/read-pairs.
Finished reading SAM. Used: 32661138 reads/read-pairs.
[Time: 2017-01-27 04:31:57] [Mem usage: [11GB / 15GB]] [Elapsed Time: 01:09:27.0898]
> Read Stats:
>   READ_PAIR_OK                   32661138
>   TOTAL_READ_PAIRS               38232482
>   DROPPED_NOT_PROPER_PAIR        0
>   DROPPED_READ_FAILS_VENDOR_QC   0
>   DROPPED_MARKED_NOT_VALID       0
>   DROPPED_CHROMS_MISMATCH        0
>   DROPPED_PAIR_STRANDS_MISMATCH  0
>   DROPPED_IGNORED_CHROMOSOME     0
>   DROPPED_NOT_UNIQUE_ALIGNMENT   5571344
Writing Output...
QoRTs QC complete with no problems.
Done.
Time spent on setup:           00:03:57.0758
Time spent on SAM iteration:   01:05:30.0140
                               (1.7132029251985263 minutes per million read-pairs)
                               (2.005441451550157 minutes per million read-pairs used)
Time spent on file output:     00:02:33.0754
Total runtime:                 01:12:01.0652
Done. (Fri Jan 27 04:34:31 EST 2017)
