Starting QoRTs v1.1.8 (Compiled Wed Jul 13 13:35:56 EDT 2016)
Starting time: (Fri Jan 27 02:09:19 EST 2017)
INPUT_COMMAND(QC)
  INPUT_ARG(infile)=/mnt/mobydisk/pan/genomics/data/alee/nolan/projects/breast-mets/rna-seq/bone/48P/48P-star-2.4.2a-counts-ensemblv80/48P.star.sorted.bam
  INPUT_ARG(gtffile)=/mnt/mobydisk/pan/genomics/data/alee/nolan/apps/star/reference-files/Homo_sapiens.GRCh38.80.gtf
  INPUT_ARG(outdir)=/mnt/mobydisk/pan/genomics/data/alee/nolan/projects/breast-mets/rna-seq/bone/48P/48P-qorts-v1.1.8
  INPUT_ARG(stranded)=true
Created Log File: /mnt/mobydisk/pan/genomics/data/alee/nolan/projects/breast-mets/rna-seq/bone/48P/48P-qorts-v1.1.8/QC.YT0YLcOQegIi.log
Starting QC
[Time: 2017-01-27 02:09:19] [Mem usage: [75MB / 2058MB]] [Elapsed Time: 00:00:00.0000]
QoRTs is Running in paired-end mode.
QoRTs is Running in any-sorted mode.
Running functions: NVC, GCDistribution, GeneCalcs, QualityScoreDistribution, 
        writeJunctionSeqCounts, writeKnownSplices, 
        writeNovelSplices, writeClippedNVC, CigarOpDistribution, 
        InsertSize, chromCounts, writeSpliceExon, 
        writeGenewiseGeneBody, JunctionCalcs, writeGeneCounts, 
        writeBiotypeCounts, writeDESeq, writeDEXSeq, writeGeneBody, 
        StrandCheck
Pre-alignment read count unknown (Set --seqReadCt or --rawfastq)
Checking first 10000 reads. Checking SAM file for formatting errors...
   Sorting Note: Reads are not sorted by name (This is OK).
   Sorting Note: Reads are sorted by position (This is OK).
Done checking first 10000 reads. No major problems detected.
SAMRecord Reader Generated. Read length: 75.
[Time: 2017-01-27 02:09:21] [Mem usage: [123MB / 2058MB]] [Elapsed Time: 00:00:02.0023]
Compiling flat feature annotation, internally in memory...
Internal flat feature annotation compiled!
QC Utilities Generated!
[Time: 2017-01-27 02:13:15] [Mem usage: [3415MB / 7GB]] [Elapsed Time: 00:03:55.0662]
..........[1000000 Read-Pairs processed] [Time: 2017-01-27 02:15:16] 
.
NOTE: Unmatched Read Buffer Size > 100000 [Mem usage:[3975MB / 8GB]]
    (This is generally not a problem, but if this increases further then OutOfMemoryExceptions
    may occur.
    If memory errors do occur, either increase memory allocation or sort the bam-file by name
    and rerun with the '--nameSorted' option.
    This might also indicate that your dataset contains an unusually large number of
    chimeric read-pairs. Or it could occur simply due to the presence of genomic
    loci with extremly high coverage. It may also indicate a SAM/BAM file that 
    does not adhere to the standard SAM specification.)
.
NOTE: Unmatched Read Buffer Size > 200000 [Mem usage:[3403MB / 8GB]]
........[2000000 Read-Pairs processed] [Time: 2017-01-27 02:17:21] 
..........[3000000 Read-Pairs processed] [Time: 2017-01-27 02:19:21] 
..........[4000000 Read-Pairs processed] [Time: 2017-01-27 02:21:01] 
..........[5000000 Read-Pairs processed] [Time: 2017-01-27 02:22:14] 
..........[6000000 Read-Pairs processed] [Time: 2017-01-27 02:24:14] 
..........[7000000 Read-Pairs processed] [Time: 2017-01-27 02:26:18] 
..........[8000000 Read-Pairs processed] [Time: 2017-01-27 02:28:19] 
..........[9000000 Read-Pairs processed] [Time: 2017-01-27 02:30:21] 
..........[10000000 Read-Pairs processed] [Time: 2017-01-27 02:31:58] 
..........[11000000 Read-Pairs processed] [Time: 2017-01-27 02:33:52] 
..........[12000000 Read-Pairs processed] [Time: 2017-01-27 02:35:55] 
..........[13000000 Read-Pairs processed] [Time: 2017-01-27 02:37:39] 
..........[14000000 Read-Pairs processed] [Time: 2017-01-27 02:39:42] 
..........[15000000 Read-Pairs processed] [Time: 2017-01-27 02:41:53] 
..........[16000000 Read-Pairs processed] [Time: 2017-01-27 02:43:27] 
..........[17000000 Read-Pairs processed] [Time: 2017-01-27 02:45:28] 
..........[18000000 Read-Pairs processed] [Time: 2017-01-27 02:47:21] 
..........[19000000 Read-Pairs processed] [Time: 2017-01-27 02:49:17] 
..........[20000000 Read-Pairs processed] [Time: 2017-01-27 02:51:09] 
..........[21000000 Read-Pairs processed] [Time: 2017-01-27 02:53:01] 
..........[22000000 Read-Pairs processed] [Time: 2017-01-27 02:56:58] 
..........[23000000 Read-Pairs processed] [Time: 2017-01-27 02:59:26] 
..........[24000000 Read-Pairs processed] [Time: 2017-01-27 03:01:31] 
..........[25000000 Read-Pairs processed] [Time: 2017-01-27 03:03:35] 
..........[26000000 Read-Pairs processed] [Time: 2017-01-27 03:05:36] 
..........[27000000 Read-Pairs processed] [Time: 2017-01-27 03:07:44] 
..........[28000000 Read-Pairs processed] [Time: 2017-01-27 03:09:43] 
..........[29000000 Read-Pairs processed] [Time: 2017-01-27 03:11:41] 
..........[30000000 Read-Pairs processed] [Time: 2017-01-27 03:13:44] 
..........[31000000 Read-Pairs processed] [Time: 2017-01-27 03:15:48] 
..........[32000000 Read-Pairs processed] [Time: 2017-01-27 03:17:39] 
..........[33000000 Read-Pairs processed] [Time: 2017-01-27 03:19:43] 
..........[34000000 Read-Pairs processed] [Time: 2017-01-27 03:21:50] 
..........[35000000 Read-Pairs processed] [Time: 2017-01-27 03:23:46] 
..........[36000000 Read-Pairs processed] [Time: 2017-01-27 03:25:08] 
..........[37000000 Read-Pairs processed] [Time: 2017-01-27 03:25:59] 
..........[38000000 Read-Pairs processed] [Time: 2017-01-27 03:27:38] 
..........[39000000 Read-Pairs processed] [Time: 2017-01-27 03:29:39] 
..........[40000000 Read-Pairs processed] [Time: 2017-01-27 03:31:05] 
..........[41000000 Read-Pairs processed] [Time: 2017-01-27 03:33:33] 
..........[42000000 Read-Pairs processed] [Time: 2017-01-27 03:36:15] 
..........[43000000 Read-Pairs processed] [Time: 2017-01-27 03:38:24] 
..........[44000000 Read-Pairs processed] [Time: 2017-01-27 03:40:27] 
..........[45000000 Read-Pairs processed] [Time: 2017-01-27 03:42:34] 
..........[46000000 Read-Pairs processed] [Time: 2017-01-27 03:44:50] 
..........[47000000 Read-Pairs processed] [Time: 2017-01-27 03:46:49] 
..........[48000000 Read-Pairs processed] [Time: 2017-01-27 03:49:19] 
..........[49000000 Read-Pairs processed] [Time: 2017-01-27 03:51:32] 
..........[50000000 Read-Pairs processed] [Time: 2017-01-27 03:53:12] 
..........[51000000 Read-Pairs processed] [Time: 2017-01-27 03:54:54] 
..........[52000000 Read-Pairs processed] [Time: 2017-01-27 03:57:41] 
..........[53000000 Read-Pairs processed] [Time: 2017-01-27 03:59:48] 
..........[54000000 Read-Pairs processed] [Time: 2017-01-27 04:01:55] 
..........[55000000 Read-Pairs processed] [Time: 2017-01-27 04:04:00] 
..........[56000000 Read-Pairs processed] [Time: 2017-01-27 04:06:15] 
..........[57000000 Read-Pairs processed] [Time: 2017-01-27 04:08:15] 
..........[58000000 Read-Pairs processed] [Time: 2017-01-27 04:08:33] 
..........[59000000 Read-Pairs processed] [Time: 2017-01-27 04:10:32] 
..........[60000000 Read-Pairs processed] [Time: 2017-01-27 04:12:17] 
..........[61000000 Read-Pairs processed] [Time: 2017-01-27 04:14:20] 
..........[62000000 Read-Pairs processed] [Time: 2017-01-27 04:16:33] 
..........[63000000 Read-Pairs processed] [Time: 2017-01-27 04:18:44] 
..........[64000000 Read-Pairs processed] [Time: 2017-01-27 04:20:55] 
..........[65000000 Read-Pairs processed] [Time: 2017-01-27 04:23:06] 
..........[66000000 Read-Pairs processed] [Time: 2017-01-27 04:25:17] 
..........[67000000 Read-Pairs processed] [Time: 2017-01-27 04:27:04] 
..........[68000000 Read-Pairs processed] [Time: 2017-01-27 04:29:06] 
..........[69000000 Read-Pairs processed] [Time: 2017-01-27 04:31:15] 
..........[70000000 Read-Pairs processed] [Time: 2017-01-27 04:33:29] 
..........[71000000 Read-Pairs processed] [Time: 2017-01-27 04:35:23] 
..........[72000000 Read-Pairs processed] [Time: 2017-01-27 04:36:20] 
..........[73000000 Read-Pairs processed] [Time: 2017-01-27 04:38:21] 
..........[74000000 Read-Pairs processed] [Time: 2017-01-27 04:40:20] 
..........[75000000 Read-Pairs processed] [Time: 2017-01-27 04:42:25] 
..........[76000000 Read-Pairs processed] [Time: 2017-01-27 04:44:18] 
..........[77000000 Read-Pairs processed] [Time: 2017-01-27 04:45:48] 
..........[78000000 Read-Pairs processed] [Time: 2017-01-27 04:48:05] 
..........[79000000 Read-Pairs processed] [Time: 2017-01-27 04:50:28] 
..........[80000000 Read-Pairs processed] [Time: 2017-01-27 04:52:13] 
..........[81000000 Read-Pairs processed] [Time: 2017-01-27 04:54:15] 
..........[82000000 Read-Pairs processed] [Time: 2017-01-27 04:56:16] 
..........[83000000 Read-Pairs processed] [Time: 2017-01-27 04:58:19] 
..........[84000000 Read-Pairs processed] [Time: 2017-01-27 05:00:10] 
..........[85000000 Read-Pairs processed] [Time: 2017-01-27 05:02:17] 
..........[86000000 Read-Pairs processed] [Time: 2017-01-27 05:04:11] 
..........[87000000 Read-Pairs processed] [Time: 2017-01-27 05:06:16] 
..........[88000000 Read-Pairs processed] [Time: 2017-01-27 05:08:10] 
..........[89000000 Read-Pairs processed] [Time: 2017-01-27 05:10:02] 
.........
Finished reading SAM. Read: 89935236 reads/read-pairs.
Finished reading SAM. Used: 79877269 reads/read-pairs.
[Time: 2017-01-27 05:11:08] [Mem usage: [4427MB / 15GB]] [Elapsed Time: 03:01:48.0413]
> Read Stats:
>   READ_PAIR_OK                   79877269
>   TOTAL_READ_PAIRS               89935236
>   DROPPED_NOT_PROPER_PAIR        0
>   DROPPED_READ_FAILS_VENDOR_QC   0
>   DROPPED_MARKED_NOT_VALID       0
>   DROPPED_CHROMS_MISMATCH        0
>   DROPPED_PAIR_STRANDS_MISMATCH  0
>   DROPPED_IGNORED_CHROMOSOME     0
>   DROPPED_NOT_UNIQUE_ALIGNMENT   10057967
Writing Output...
QoRTs QC complete with no problems.
Done.
Time spent on setup:           00:03:55.0663
Time spent on SAM iteration:   02:57:52.0751
                               (1.977719463222031 minutes per million read-pairs)
                               (2.22674947320328 minutes per million read-pairs used)
Time spent on file output:     00:02:33.0358
Total runtime:                 03:04:21.0772
Done. (Fri Jan 27 05:13:41 EST 2017)
