Starting QoRTs v1.1.8 (Compiled Wed Jul 13 13:35:56 EDT 2016)
Starting time: (Fri Jan 27 00:54:47 EST 2017)
INPUT_COMMAND(QC)
  INPUT_ARG(infile)=/mnt/mobydisk/pan/genomics/data/alee/nolan/projects/breast-mets/rna-seq/bone/19M/19M-star-2.4.2a-counts-ensemblv80/19M.star.sorted.bam
  INPUT_ARG(gtffile)=/mnt/mobydisk/pan/genomics/data/alee/nolan/apps/star/reference-files/Homo_sapiens.GRCh38.80.gtf
  INPUT_ARG(outdir)=/mnt/mobydisk/pan/genomics/data/alee/nolan/projects/breast-mets/rna-seq/bone/19M/19M-qorts-v1.1.8
  INPUT_ARG(stranded)=true
Created Log File: /mnt/mobydisk/pan/genomics/data/alee/nolan/projects/breast-mets/rna-seq/bone/19M/19M-qorts-v1.1.8/QC.khvCX1J7KIGO.log
Starting QC
[Time: 2017-01-27 00:54:47] [Mem usage: [75MB / 2058MB]] [Elapsed Time: 00:00:00.0000]
QoRTs is Running in paired-end mode.
QoRTs is Running in any-sorted mode.
Running functions: NVC, GCDistribution, GeneCalcs, QualityScoreDistribution, 
        writeJunctionSeqCounts, writeKnownSplices, 
        writeNovelSplices, writeClippedNVC, CigarOpDistribution, 
        InsertSize, chromCounts, writeSpliceExon, 
        writeGenewiseGeneBody, JunctionCalcs, writeGeneCounts, 
        writeBiotypeCounts, writeDESeq, writeDEXSeq, writeGeneBody, 
        StrandCheck
Pre-alignment read count unknown (Set --seqReadCt or --rawfastq)
Checking first 10000 reads. Checking SAM file for formatting errors...
   Stats on the first 10000 reads:
        Num Reads Primary Map:    3512
        Num Reads Paired-ended:   10000
        Num Reads mapped pair:    3512
        Num Pair names found:     1990
        Num Pairs matched:        1522
        Read Seq length:          75 to 75
        Unclipped Read length:    75 to 75
        Final maxReadLength:      75
        maxPhredScore:            36
        minPhredScore:            2
   Note: Data appears to be paired-ended.
   Sorting Note: Reads are not sorted by name (This is OK).
   Sorting Note: Reads are sorted by position (This is OK).
Done checking first 10000 reads. No major problems detected.
SAMRecord Reader Generated. Read length: 75.
[Time: 2017-01-27 00:54:49] [Mem usage: [125MB / 2058MB]] [Elapsed Time: 00:00:01.0808]
> Init GeneCalcs Utility
helper_calculateGeneAssignmentMap_strict. Found: 65217 genes in the supplied annotation.
helper_calculateGeneAssignmentMap_strict. Found: 7018 genes with ambiguous segments.
helper_calculateGeneAssignmentMap_strict. Found: 58199 genes after first-pass filtering
making makeGeneIntervalMap for geneBody calculations. Found: 58199 acceptable genes for gene-body analysis.
Compiling flat feature annotation, internally in memory...
FlatteningGtf: starting...(2017-01-27 00:56:46)
    FlatteningGtf: gtf file read complete.(2017-01-27 00:58:28)
    FlatteningGtf: Splice Junction Map read.(2017-01-27 00:58:32)
    FlatteningGtf: gene Sets generated.(2017-01-27 00:58:34)
    FlatteningGtf: Aggregate Sets built.
    FlatteningGtf: Compiling Aggregate Info . . . (2017-01-27 00:58:34)
    FlatteningGtf: Finished Compiling Aggregate Info. (2017-01-27 00:58:34)
    FlatteningGtf: Iterating through the step-vector...(2017-01-27 00:58:34)
    FlatteningGtf: Adding the aggregate genes themselves...(2017-01-27 00:58:35)
    FlatteningGtf: Iterating through the splice junctions...(2017-01-27 00:58:36)
    FlatteningGtf: Sorting the aggregate genes...(2017-01-27 00:58:37)
    FlatteningGtf: Folding the FlatGtfLine iterator...(2017-01-27 00:58:38)
    FlatteningGtf: Features Built.(2017-01-27 00:58:38)
Internal flat feature annotation compiled!
> Init InsertSize Utility
> Init NVC utility
> Init CigarOpDistribution Utility
> Init QualityScoreDistribution Utility
> Init GC counts Utility
> Init JunctionCalcs utility
length of knownSpliceMap after instantiation: 374703
length of knownCountMap after instantiation: 374703
> Init StrandCheck Utility
> Init chromCount Utility
QC Utilities Generated!
[Time: 2017-01-27 00:58:45] [Mem usage: [2603MB / 8GB]] [Elapsed Time: 00:03:58.0209]
..........[1000000 Read-Pairs processed] [Time: 2017-01-27 01:00:33] 
....
NOTE: Unmatched Read Buffer Size > 100000 [Mem usage:[4009MB / 10GB]]
    (This is generally not a problem, but if this increases further then OutOfMemoryExceptions
    may occur.
    If memory errors do occur, either increase memory allocation or sort the bam-file by name
    and rerun with the '--nameSorted' option.
    This might also indicate that your dataset contains an unusually large number of
    chimeric read-pairs. Or it could occur simply due to the presence of genomic
    loci with extremly high coverage. It may also indicate a SAM/BAM file that 
    does not adhere to the standard SAM specification.)
NOTE: Unmatched Read Buffer Size > 200000 [Mem usage:[4147MB / 10GB]]
......[2000000 Read-Pairs processed] [Time: 2017-01-27 01:02:38] 
..........[3000000 Read-Pairs processed] [Time: 2017-01-27 01:04:45] 
..........[4000000 Read-Pairs processed] [Time: 2017-01-27 01:06:38] 
..........[5000000 Read-Pairs processed] [Time: 2017-01-27 01:07:58] 
..........[6000000 Read-Pairs processed] [Time: 2017-01-27 01:09:40] 
..........[7000000 Read-Pairs processed] [Time: 2017-01-27 01:11:45] 
..........[8000000 Read-Pairs processed] [Time: 2017-01-27 01:13:49] 
..........[9000000 Read-Pairs processed] [Time: 2017-01-27 01:15:51] 
..........[10000000 Read-Pairs processed] [Time: 2017-01-27 01:17:57] 
..........[11000000 Read-Pairs processed] [Time: 2017-01-27 01:19:17] 
..........[12000000 Read-Pairs processed] [Time: 2017-01-27 01:20:56] 
..........[13000000 Read-Pairs processed] [Time: 2017-01-27 01:23:01] 
..........[14000000 Read-Pairs processed] [Time: 2017-01-27 01:25:02] 
..........[15000000 Read-Pairs processed] [Time: 2017-01-27 01:27:06] 
..........[16000000 Read-Pairs processed] [Time: 2017-01-27 01:29:11] 
..........[17000000 Read-Pairs processed] [Time: 2017-01-27 01:30:48] 
..........[18000000 Read-Pairs processed] [Time: 2017-01-27 01:32:41] 
..........[19000000 Read-Pairs processed] [Time: 2017-01-27 01:34:38] 
..
NOTE: Unmatched Read Buffer Size > 400000 [Mem usage:[7GB / 15GB]]
........[20000000 Read-Pairs processed] [Time: 2017-01-27 01:36:32] 
..........[21000000 Read-Pairs processed] [Time: 2017-01-27 01:38:25] 
..........[22000000 Read-Pairs processed] [Time: 2017-01-27 01:40:20] 
..........[23000000 Read-Pairs processed] [Time: 2017-01-27 01:42:19] 
..........[24000000 Read-Pairs processed] [Time: 2017-01-27 01:44:27] 
..........[25000000 Read-Pairs processed] [Time: 2017-01-27 01:46:30] 
..........[26000000 Read-Pairs processed] [Time: 2017-01-27 01:48:34] 
..........[27000000 Read-Pairs processed] [Time: 2017-01-27 01:50:31] 
..........[28000000 Read-Pairs processed] [Time: 2017-01-27 01:52:37] 
..........[29000000 Read-Pairs processed] [Time: 2017-01-27 01:54:44] 
..........[30000000 Read-Pairs processed] [Time: 2017-01-27 01:56:49] 
..........[31000000 Read-Pairs processed] [Time: 2017-01-27 01:58:36] 
..........[32000000 Read-Pairs processed] [Time: 2017-01-27 02:00:42] 
..........[33000000 Read-Pairs processed] [Time: 2017-01-27 02:02:47] 
..........[34000000 Read-Pairs processed] [Time: 2017-01-27 02:04:55] 
..........[35000000 Read-Pairs processed] [Time: 2017-01-27 02:06:49] 
..........[36000000 Read-Pairs processed] [Time: 2017-01-27 02:08:33] 
..........[37000000 Read-Pairs processed] [Time: 2017-01-27 02:10:28] 
..........[38000000 Read-Pairs processed] [Time: 2017-01-27 02:12:34] 
..........[39000000 Read-Pairs processed] [Time: 2017-01-27 02:14:30] 
..........[40000000 Read-Pairs processed] [Time: 2017-01-27 02:16:30] 
..........[41000000 Read-Pairs processed] [Time: 2017-01-27 02:17:16] 
..........[42000000 Read-Pairs processed] [Time: 2017-01-27 02:18:14] 
..........[43000000 Read-Pairs processed] [Time: 2017-01-27 02:19:06] 
..........[44000000 Read-Pairs processed] [Time: 2017-01-27 02:20:52] 
..........[45000000 Read-Pairs processed] [Time: 2017-01-27 02:22:53] 
..........[46000000 Read-Pairs processed] [Time: 2017-01-27 02:24:45] 
..........[47000000 Read-Pairs processed] [Time: 2017-01-27 02:26:13] 
..........[48000000 Read-Pairs processed] [Time: 2017-01-27 02:28:01] 
..........[49000000 Read-Pairs processed] [Time: 2017-01-27 02:29:50] 
..........[50000000 Read-Pairs processed] [Time: 2017-01-27 02:31:54] 
..........[51000000 Read-Pairs processed] [Time: 2017-01-27 02:33:53] 
..........[52000000 Read-Pairs processed] [Time: 2017-01-27 02:35:52] 
..........[53000000 Read-Pairs processed] [Time: 2017-01-27 02:37:58] 
..........[54000000 Read-Pairs processed] [Time: 2017-01-27 02:40:02] 
..........[55000000 Read-Pairs processed] [Time: 2017-01-27 02:42:03] 
..........[56000000 Read-Pairs processed] [Time: 2017-01-27 02:44:10] 
..........[57000000 Read-Pairs processed] [Time: 2017-01-27 02:46:04] 
..........[58000000 Read-Pairs processed] [Time: 2017-01-27 02:48:05] 
..........[59000000 Read-Pairs processed] [Time: 2017-01-27 02:50:12] 
..........[60000000 Read-Pairs processed] [Time: 2017-01-27 02:51:51] 
..........[61000000 Read-Pairs processed] [Time: 2017-01-27 02:53:23] 
..........[62000000 Read-Pairs processed] [Time: 2017-01-27 02:55:24] 
..........[63000000 Read-Pairs processed] [Time: 2017-01-27 02:57:27] 
..........[64000000 Read-Pairs processed] [Time: 2017-01-27 02:59:34] 
..........[65000000 Read-Pairs processed] [Time: 2017-01-27 03:01:38] 
..........[66000000 Read-Pairs processed] [Time: 2017-01-27 03:03:45] 
..........[67000000 Read-Pairs processed] [Time: 2017-01-27 03:04:50] 
..........[68000000 Read-Pairs processed] [Time: 2017-01-27 03:05:30] 
..........[69000000 Read-Pairs processed] [Time: 2017-01-27 03:07:21] 
..........[70000000 Read-Pairs processed] [Time: 2017-01-27 03:09:23] 
..........[71000000 Read-Pairs processed] [Time: 2017-01-27 03:11:24] 
..........[72000000 Read-Pairs processed] [Time: 2017-01-27 03:13:29] 
..........[73000000 Read-Pairs processed] [Time: 2017-01-27 03:15:35] 
..........[74000000 Read-Pairs processed] [Time: 2017-01-27 03:17:40] 
..........[75000000 Read-Pairs processed] [Time: 2017-01-27 03:19:43] 
..........[76000000 Read-Pairs processed] [Time: 2017-01-27 03:21:47] 
..........[77000000 Read-Pairs processed] [Time: 2017-01-27 03:23:52] 
..........[78000000 Read-Pairs processed] [Time: 2017-01-27 03:25:56] 
..........[79000000 Read-Pairs processed] [Time: 2017-01-27 03:27:46] 
..........[80000000 Read-Pairs processed] [Time: 2017-01-27 03:29:38] 
..........[81000000 Read-Pairs processed] [Time: 2017-01-27 03:31:45] 
..........[82000000 Read-Pairs processed] [Time: 2017-01-27 03:33:45] 
..........[83000000 Read-Pairs processed] [Time: 2017-01-27 03:35:53] 
..........[84000000 Read-Pairs processed] [Time: 2017-01-27 03:37:45] 
..........[85000000 Read-Pairs processed] [Time: 2017-01-27 03:38:52] 
..........[86000000 Read-Pairs processed] [Time: 2017-01-27 03:40:54] 
..........[87000000 Read-Pairs processed] [Time: 2017-01-27 03:42:55] 
..........[88000000 Read-Pairs processed] [Time: 2017-01-27 03:44:54] 
..........[89000000 Read-Pairs processed] [Time: 2017-01-27 03:46:50] 
..........[90000000 Read-Pairs processed] [Time: 2017-01-27 03:48:21] 
..........[91000000 Read-Pairs processed] [Time: 2017-01-27 03:50:22] 
..........[92000000 Read-Pairs processed] [Time: 2017-01-27 03:52:12] 
..........[93000000 Read-Pairs processed] [Time: 2017-01-27 03:54:11] 
..........[94000000 Read-Pairs processed] [Time: 2017-01-27 03:56:13] 
..........[95000000 Read-Pairs processed] [Time: 2017-01-27 03:58:17] 
..........[96000000 Read-Pairs processed] [Time: 2017-01-27 04:00:16] 
..........[97000000 Read-Pairs processed] [Time: 2017-01-27 04:02:08] 
..........[98000000 Read-Pairs processed] [Time: 2017-01-27 04:04:10] 
..........[99000000 Read-Pairs processed] [Time: 2017-01-27 04:06:09] 
..........[100000000 Read-Pairs processed] [Time: 2017-01-27 04:08:12] 
..........[101000000 Read-Pairs processed] [Time: 2017-01-27 04:10:16] 
..........[102000000 Read-Pairs processed] [Time: 2017-01-27 04:12:10] 
.........
Finished reading SAM. Read: 102906972 reads/read-pairs.
Finished reading SAM. Used: 91047447 reads/read-pairs.
[Time: 2017-01-27 04:13:03] [Mem usage: [6GB / 16GB]] [Elapsed Time: 03:18:15.0882]
> Read Stats:
>   READ_PAIR_OK                   91047447
>   TOTAL_READ_PAIRS               102906972
>   DROPPED_NOT_PROPER_PAIR        0
>   DROPPED_READ_FAILS_VENDOR_QC   0
>   DROPPED_MARKED_NOT_VALID       0
>   DROPPED_CHROMS_MISMATCH        0
>   DROPPED_PAIR_STRANDS_MISMATCH  0
>   DROPPED_IGNORED_CHROMOSOME     0
>   DROPPED_NOT_UNIQUE_ALIGNMENT   11859525
Writing Output...
DEBUG NOTE: IncludeGenesSet.size: 58199
DEBUG NOTE: sortedReadCountSeq.size: 24775
DEBUG NOTE: coverageThresholds: 12387;18581;22297;24775
DEBUG NOTE: coverageSpans: [(0,12387);(12387,18581);(18581,22297);(22297,24775)]
DEBUG NOTE:	[1.bottomHalf][0.5] = [0,12387]
DEBUG NOTE:	[2.upperMidQuartile][0.75] = [12387,18581]
DEBUG NOTE:	[3.75to90][0.9] = [18581,22297]
DEBUG NOTE:	[4.high][1.0] = [22297,24775]
      (DEBUG) Generating Biotype Map [2017-01-27 04:13:13]
      (DEBUG) Extracted gene BioType using key "gene_biotype".
              Found 44 types: [TR_V_gene,unprocessed_pseudogene,protein_coding,IG_V_gene,TR_J_gene,Mt_tRNA,rRNA,TR_C_gene,TEC,vaultRNA,translated_processed_pseudogene,miRNA,scaRNA,TR_D_gene,snRNA,TR_V_pseudogene,snoRNA,transcribed_processed_pseudogene,IG_J_pseudogene,processed_transcript,TR_J_pseudogene,IG_V_pseudogene,3prime_overlapping_ncrna,IG_J_gene,processed_pseudogene,transcribed_unitary_pseudogene,IG_C_pseudogene,sense_overlapping,transcribed_unprocessed_pseudogene,lincRNA,translated_unprocessed_pseudogene,IG_C_gene,misc_RNA,ribozyme,IG_D_gene,polymorphic_pseudogene,antisense,Mt_rRNA,unitary_pseudogene,pseudogene,sRNA,non_coding,macro_lncRNA,sense_intronic]
      (DEBUG) Finished Biotype Map [2017-01-27 04:15:29]
length of knownCountMap after run: 374703
QoRTs QC complete with no problems.
Done.
Time spent on setup:           00:03:58.0209
Time spent on SAM iteration:   03:14:17.0673
                               (1.887951122819291 minutes per million read-pairs)
                               (2.1338690950151884 minutes per million read-pairs used)
Time spent on file output:     00:02:35.0302
Total runtime:                 03:20:51.0184
Done. (Fri Jan 27 04:15:38 EST 2017)
