Starting QoRTs v1.1.8 (Compiled Wed Jul 13 13:35:56 EDT 2016)
Starting time: (Wed Oct 12 04:36:04 EDT 2016)
INPUT_COMMAND(QC)
  INPUT_ARG(infile)=/mnt/mobydisk/pan/genomics/data/alee/nolan/projects/breast-mets/rna-seq/brain/BP51/BP51-star-2.4.2a-counts-ensemblv80/BP51.star.sorted.bam
  INPUT_ARG(gtffile)=/mnt/mobydisk/pan/genomics/data/alee/nolan/apps/star/reference-files/Homo_sapiens.GRCh38.80.gtf
  INPUT_ARG(outdir)=/mnt/mobydisk/pan/genomics/data/alee/nolan/projects/breast-mets/rna-seq/brain/BP51/BP51-qorts-v1.1.8
  INPUT_ARG(stranded)=true
Created Log File: /mnt/mobydisk/pan/genomics/data/alee/nolan/projects/breast-mets/rna-seq/brain/BP51/BP51-qorts-v1.1.8/QC.UEZlzq880gFQ.log
Starting QC
[Time: 2016-10-12 04:36:04] [Mem usage: [75MB / 2058MB]] [Elapsed Time: 00:00:00.0000]
QoRTs is Running in paired-end mode.
QoRTs is Running in any-sorted mode.
Running functions: NVC, GCDistribution, GeneCalcs, QualityScoreDistribution, 
        writeJunctionSeqCounts, writeKnownSplices, 
        writeNovelSplices, writeClippedNVC, CigarOpDistribution, 
        InsertSize, chromCounts, writeSpliceExon, 
        writeGenewiseGeneBody, JunctionCalcs, writeGeneCounts, 
        writeBiotypeCounts, writeDESeq, writeDEXSeq, writeGeneBody, 
        StrandCheck
Pre-alignment read count unknown (Set --seqReadCt or --rawfastq)
Checking first 10000 reads. Checking SAM file for formatting errors...
   Sorting Note: Reads are not sorted by name (This is OK).
   Sorting Note: Reads are sorted by position (This is OK).
Done checking first 10000 reads. No major problems detected.
SAMRecord Reader Generated. Read length: 75.
[Time: 2016-10-12 04:36:06] [Mem usage: [124MB / 2058MB]] [Elapsed Time: 00:00:01.0762]
Compiling flat feature annotation, internally in memory...
Internal flat feature annotation compiled!
QC Utilities Generated!
[Time: 2016-10-12 04:40:00] [Mem usage: [4571MB / 7GB]] [Elapsed Time: 00:03:56.0275]
......
NOTE: Unmatched Read Buffer Size > 100000 [Mem usage:[3785MB / 9GB]]
    (This is generally not a problem, but if this increases further then OutOfMemoryExceptions
    may occur.
    If memory errors do occur, either increase memory allocation or sort the bam-file by name
    and rerun with the '--nameSorted' option.
    This might also indicate that your dataset contains an unusually large number of
    chimeric read-pairs. Or it could occur simply due to the presence of genomic
    loci with extremly high coverage. It may also indicate a SAM/BAM file that 
    does not adhere to the standard SAM specification.)
....[1000000 Read-Pairs processed] [Time: 2016-10-12 04:41:58] 
..........[2000000 Read-Pairs processed] [Time: 2016-10-12 04:43:42] 
..........[3000000 Read-Pairs processed] [Time: 2016-10-12 04:45:12] 
..........[4000000 Read-Pairs processed] [Time: 2016-10-12 04:47:07] 
..........[5000000 Read-Pairs processed] [Time: 2016-10-12 04:49:04] 
..........[6000000 Read-Pairs processed] [Time: 2016-10-12 04:51:00] 
..........[7000000 Read-Pairs processed] [Time: 2016-10-12 04:52:40] 
..........[8000000 Read-Pairs processed] [Time: 2016-10-12 04:54:39] 
..........[9000000 Read-Pairs processed] [Time: 2016-10-12 04:56:29] 
..........[10000000 Read-Pairs processed] [Time: 2016-10-12 04:58:26] 
..........[11000000 Read-Pairs processed] [Time: 2016-10-12 05:00:18] 
..........[12000000 Read-Pairs processed] [Time: 2016-10-12 05:02:02] 
..........[13000000 Read-Pairs processed] [Time: 2016-10-12 05:03:58] 
..........[14000000 Read-Pairs processed] [Time: 2016-10-12 05:05:14] 
..........[15000000 Read-Pairs processed] [Time: 2016-10-12 05:06:35] 
..........[16000000 Read-Pairs processed] [Time: 2016-10-12 05:07:53] 
...
NOTE: Unmatched Read Buffer Size > 200000 [Mem usage:[12GB / 13GB]]
.......[17000000 Read-Pairs processed] [Time: 2016-10-12 05:08:40] 
..........[18000000 Read-Pairs processed] [Time: 2016-10-12 05:10:35] 
..........[19000000 Read-Pairs processed] [Time: 2016-10-12 05:12:30] 
..........[20000000 Read-Pairs processed] [Time: 2016-10-12 05:14:28] 
..........[21000000 Read-Pairs processed] [Time: 2016-10-12 05:16:26] 
..........[22000000 Read-Pairs processed] [Time: 2016-10-12 05:18:14] 
..........[23000000 Read-Pairs processed] [Time: 2016-10-12 05:20:06] 
..........[24000000 Read-Pairs processed] [Time: 2016-10-12 05:22:11] 
..........[25000000 Read-Pairs processed] [Time: 2016-10-12 05:24:14] 
..........[26000000 Read-Pairs processed] [Time: 2016-10-12 05:25:05] 
..........[27000000 Read-Pairs processed] [Time: 2016-10-12 05:27:02] 
..........[28000000 Read-Pairs processed] [Time: 2016-10-12 05:29:00] 
..........[29000000 Read-Pairs processed] [Time: 2016-10-12 05:31:01] 
..........[30000000 Read-Pairs processed] [Time: 2016-10-12 05:32:44] 
..........[31000000 Read-Pairs processed] [Time: 2016-10-12 05:34:45] 
..........[32000000 Read-Pairs processed] [Time: 2016-10-12 05:35:52] 
..........[33000000 Read-Pairs processed] [Time: 2016-10-12 05:37:43] 
..........[34000000 Read-Pairs processed] [Time: 2016-10-12 05:39:36] 
..........[35000000 Read-Pairs processed] [Time: 2016-10-12 05:41:23] 
..........[36000000 Read-Pairs processed] [Time: 2016-10-12 05:43:14] 
..........[37000000 Read-Pairs processed] [Time: 2016-10-12 05:45:13] 
..........[38000000 Read-Pairs processed] [Time: 2016-10-12 05:47:01] 
..........[39000000 Read-Pairs processed] [Time: 2016-10-12 05:48:56] 
..........[40000000 Read-Pairs processed] [Time: 2016-10-12 05:50:50] 
.........
Finished reading SAM. Read: 40979363 reads/read-pairs.
Finished reading SAM. Used: 34124818 reads/read-pairs.
[Time: 2016-10-12 05:51:58] [Mem usage: [5GB / 15GB]] [Elapsed Time: 01:15:54.0069]
> Read Stats:
>   READ_PAIR_OK                   34124818
>   TOTAL_READ_PAIRS               40979363
>   DROPPED_NOT_PROPER_PAIR        0
>   DROPPED_READ_FAILS_VENDOR_QC   0
>   DROPPED_MARKED_NOT_VALID       0
>   DROPPED_CHROMS_MISMATCH        0
>   DROPPED_PAIR_STRANDS_MISMATCH  0
>   DROPPED_IGNORED_CHROMOSOME     0
>   DROPPED_NOT_UNIQUE_ALIGNMENT   6854545
Writing Output...
QoRTs QC complete with no problems.
Done.
Time spent on setup:           00:03:56.0276
Time spent on SAM iteration:   01:11:57.0793
                               (1.755761796492542 minutes per million read-pairs)
                               (2.1084361534177267 minutes per million read-pairs used)
Time spent on file output:     00:02:36.0305
Total runtime:                 01:18:30.0374
Done. (Wed Oct 12 05:54:34 EDT 2016)
