Starting QoRTs v1.1.8 (Compiled Wed Jul 13 13:35:56 EDT 2016)
Starting time: (Fri Jan 27 01:50:45 EST 2017)
INPUT_COMMAND(QC)
  INPUT_ARG(infile)=/mnt/mobydisk/pan/genomics/data/alee/nolan/projects/breast-mets/rna-seq/bone/44P/44P-star-2.4.2a-counts-ensemblv80/44P.star.sorted.bam
  INPUT_ARG(gtffile)=/mnt/mobydisk/pan/genomics/data/alee/nolan/apps/star/reference-files/Homo_sapiens.GRCh38.80.gtf
  INPUT_ARG(outdir)=/mnt/mobydisk/pan/genomics/data/alee/nolan/projects/breast-mets/rna-seq/bone/44P/44P-qorts-v1.1.8
  INPUT_ARG(stranded)=true
Created Log File: /mnt/mobydisk/pan/genomics/data/alee/nolan/projects/breast-mets/rna-seq/bone/44P/44P-qorts-v1.1.8/QC.g24ChgThnWPy.log
Starting QC
[Time: 2017-01-27 01:50:46] [Mem usage: [75MB / 2058MB]] [Elapsed Time: 00:00:00.0000]
QoRTs is Running in paired-end mode.
QoRTs is Running in any-sorted mode.
Running functions: NVC, GCDistribution, GeneCalcs, QualityScoreDistribution, 
        writeJunctionSeqCounts, writeKnownSplices, 
        writeNovelSplices, writeClippedNVC, CigarOpDistribution, 
        InsertSize, chromCounts, writeSpliceExon, 
        writeGenewiseGeneBody, JunctionCalcs, writeGeneCounts, 
        writeBiotypeCounts, writeDESeq, writeDEXSeq, writeGeneBody, 
        StrandCheck
Pre-alignment read count unknown (Set --seqReadCt or --rawfastq)
Checking first 10000 reads. Checking SAM file for formatting errors...
   Sorting Note: Reads are not sorted by name (This is OK).
   Sorting Note: Reads are sorted by position (This is OK).
Done checking first 10000 reads. No major problems detected.
SAMRecord Reader Generated. Read length: 75.
[Time: 2017-01-27 01:50:47] [Mem usage: [130MB / 2058MB]] [Elapsed Time: 00:00:01.0749]
Compiling flat feature annotation, internally in memory...
Internal flat feature annotation compiled!
QC Utilities Generated!
[Time: 2017-01-27 01:54:39] [Mem usage: [3487MB / 6GB]] [Elapsed Time: 00:03:53.0582]
.....
NOTE: Unmatched Read Buffer Size > 100000 [Mem usage:[3191MB / 8GB]]
    (This is generally not a problem, but if this increases further then OutOfMemoryExceptions
    may occur.
    If memory errors do occur, either increase memory allocation or sort the bam-file by name
    and rerun with the '--nameSorted' option.
    This might also indicate that your dataset contains an unusually large number of
    chimeric read-pairs. Or it could occur simply due to the presence of genomic
    loci with extremly high coverage. It may also indicate a SAM/BAM file that 
    does not adhere to the standard SAM specification.)
.....[1000000 Read-Pairs processed] [Time: 2017-01-27 01:56:34] 
..........[2000000 Read-Pairs processed] [Time: 2017-01-27 01:58:02] 
..........[3000000 Read-Pairs processed] [Time: 2017-01-27 01:59:54] 
..........[4000000 Read-Pairs processed] [Time: 2017-01-27 02:01:28] 
..........[5000000 Read-Pairs processed] [Time: 2017-01-27 02:03:14] 
..........[6000000 Read-Pairs processed] [Time: 2017-01-27 02:04:59] 
..........[7000000 Read-Pairs processed] [Time: 2017-01-27 02:06:43] 
..........[8000000 Read-Pairs processed] [Time: 2017-01-27 02:08:34] 
..........[9000000 Read-Pairs processed] [Time: 2017-01-27 02:10:26] 
..........[10000000 Read-Pairs processed] [Time: 2017-01-27 02:12:19] 
..........[11000000 Read-Pairs processed] [Time: 2017-01-27 02:14:07] 
..........[12000000 Read-Pairs processed] [Time: 2017-01-27 02:15:54] 
..........[13000000 Read-Pairs processed] [Time: 2017-01-27 02:17:23] 
..........[14000000 Read-Pairs processed] [Time: 2017-01-27 02:19:13] 
..........[15000000 Read-Pairs processed] [Time: 2017-01-27 02:20:14] 
..........[16000000 Read-Pairs processed] [Time: 2017-01-27 02:22:05] 
..........[17000000 Read-Pairs processed] [Time: 2017-01-27 02:23:21] 
..........[18000000 Read-Pairs processed] [Time: 2017-01-27 02:25:05] 
..........[19000000 Read-Pairs processed] [Time: 2017-01-27 02:26:55] 
..........[20000000 Read-Pairs processed] [Time: 2017-01-27 02:28:48] 
..........[21000000 Read-Pairs processed] [Time: 2017-01-27 02:30:37] 
..........[22000000 Read-Pairs processed] [Time: 2017-01-27 02:32:00] 
..........[23000000 Read-Pairs processed] [Time: 2017-01-27 02:33:55] 
..........[24000000 Read-Pairs processed] [Time: 2017-01-27 02:35:51] 
..........[25000000 Read-Pairs processed] [Time: 2017-01-27 02:37:32] 
..........[26000000 Read-Pairs processed] [Time: 2017-01-27 02:39:11] 
..........[27000000 Read-Pairs processed] [Time: 2017-01-27 02:41:04] 
..........[28000000 Read-Pairs processed] [Time: 2017-01-27 02:42:59] 
..........[29000000 Read-Pairs processed] [Time: 2017-01-27 02:44:45] 
..........[30000000 Read-Pairs processed] [Time: 2017-01-27 02:46:40] 
..........[31000000 Read-Pairs processed] [Time: 2017-01-27 02:48:20] 
..........[32000000 Read-Pairs processed] [Time: 2017-01-27 02:50:07] 
..........[33000000 Read-Pairs processed] [Time: 2017-01-27 02:51:46] 
..........[34000000 Read-Pairs processed] [Time: 2017-01-27 02:53:37] 
..........[35000000 Read-Pairs processed] [Time: 2017-01-27 02:55:26] 
..........[36000000 Read-Pairs processed] [Time: 2017-01-27 02:57:16] 
..........[37000000 Read-Pairs processed] [Time: 2017-01-27 02:59:03] 
....
Finished reading SAM. Read: 37405087 reads/read-pairs.
Finished reading SAM. Used: 33166543 reads/read-pairs.
[Time: 2017-01-27 02:59:38] [Mem usage: [7GB / 15GB]] [Elapsed Time: 01:08:52.0867]
> Read Stats:
>   READ_PAIR_OK                   33166543
>   TOTAL_READ_PAIRS               37405087
>   DROPPED_NOT_PROPER_PAIR        0
>   DROPPED_READ_FAILS_VENDOR_QC   0
>   DROPPED_MARKED_NOT_VALID       0
>   DROPPED_CHROMS_MISMATCH        0
>   DROPPED_PAIR_STRANDS_MISMATCH  0
>   DROPPED_IGNORED_CHROMOSOME     0
>   DROPPED_NOT_UNIQUE_ALIGNMENT   4238544
Writing Output...
QoRTs QC complete with no problems.
Done.
Time spent on setup:           00:03:53.0582
Time spent on SAM iteration:   01:04:59.0285
                               (1.7372859828753595 minutes per million read-pairs)
                               (1.9593037879568378 minutes per million read-pairs used)
Time spent on file output:     00:02:34.0128
Total runtime:                 01:11:26.0995
Done. (Fri Jan 27 03:02:13 EST 2017)
