Starting QoRTs v1.1.8 (Compiled Wed Jul 13 13:35:56 EDT 2016)
Starting time: (Fri Jan 27 01:50:45 EST 2017)
INPUT_COMMAND(QC)
  INPUT_ARG(infile)=/mnt/mobydisk/pan/genomics/data/alee/nolan/projects/breast-mets/rna-seq/bone/44P/44P-star-2.4.2a-counts-ensemblv80/44P.star.sorted.bam
  INPUT_ARG(gtffile)=/mnt/mobydisk/pan/genomics/data/alee/nolan/apps/star/reference-files/Homo_sapiens.GRCh38.80.gtf
  INPUT_ARG(outdir)=/mnt/mobydisk/pan/genomics/data/alee/nolan/projects/breast-mets/rna-seq/bone/44P/44P-qorts-v1.1.8
  INPUT_ARG(stranded)=true
Created Log File: /mnt/mobydisk/pan/genomics/data/alee/nolan/projects/breast-mets/rna-seq/bone/44P/44P-qorts-v1.1.8/QC.g24ChgThnWPy.log
Starting QC
[Time: 2017-01-27 01:50:46] [Mem usage: [75MB / 2058MB]] [Elapsed Time: 00:00:00.0000]
QoRTs is Running in paired-end mode.
QoRTs is Running in any-sorted mode.
Running functions: NVC, GCDistribution, GeneCalcs, QualityScoreDistribution, 
        writeJunctionSeqCounts, writeKnownSplices, 
        writeNovelSplices, writeClippedNVC, CigarOpDistribution, 
        InsertSize, chromCounts, writeSpliceExon, 
        writeGenewiseGeneBody, JunctionCalcs, writeGeneCounts, 
        writeBiotypeCounts, writeDESeq, writeDEXSeq, writeGeneBody, 
        StrandCheck
Pre-alignment read count unknown (Set --seqReadCt or --rawfastq)
Checking first 10000 reads. Checking SAM file for formatting errors...
   Stats on the first 10000 reads:
        Num Reads Primary Map:    3369
        Num Reads Paired-ended:   10000
        Num Reads mapped pair:    3369
        Num Pair names found:     1757
        Num Pairs matched:        1612
        Read Seq length:          75 to 75
        Unclipped Read length:    75 to 75
        Final maxReadLength:      75
        maxPhredScore:            36
        minPhredScore:            2
   Note: Data appears to be paired-ended.
   Sorting Note: Reads are not sorted by name (This is OK).
   Sorting Note: Reads are sorted by position (This is OK).
Done checking first 10000 reads. No major problems detected.
SAMRecord Reader Generated. Read length: 75.
[Time: 2017-01-27 01:50:47] [Mem usage: [130MB / 2058MB]] [Elapsed Time: 00:00:01.0749]
> Init GeneCalcs Utility
helper_calculateGeneAssignmentMap_strict. Found: 65217 genes in the supplied annotation.
helper_calculateGeneAssignmentMap_strict. Found: 7018 genes with ambiguous segments.
helper_calculateGeneAssignmentMap_strict. Found: 58199 genes after first-pass filtering
making makeGeneIntervalMap for geneBody calculations. Found: 58199 acceptable genes for gene-body analysis.
Compiling flat feature annotation, internally in memory...
FlatteningGtf: starting...(2017-01-27 01:52:41)
    FlatteningGtf: gtf file read complete.(2017-01-27 01:54:22)
    FlatteningGtf: Splice Junction Map read.(2017-01-27 01:54:26)
    FlatteningGtf: gene Sets generated.(2017-01-27 01:54:27)
    FlatteningGtf: Aggregate Sets built.
    FlatteningGtf: Compiling Aggregate Info . . . (2017-01-27 01:54:27)
    FlatteningGtf: Finished Compiling Aggregate Info. (2017-01-27 01:54:28)
    FlatteningGtf: Iterating through the step-vector...(2017-01-27 01:54:28)
    FlatteningGtf: Adding the aggregate genes themselves...(2017-01-27 01:54:29)
    FlatteningGtf: Iterating through the splice junctions...(2017-01-27 01:54:30)
    FlatteningGtf: Sorting the aggregate genes...(2017-01-27 01:54:32)
    FlatteningGtf: Folding the FlatGtfLine iterator...(2017-01-27 01:54:33)
    FlatteningGtf: Features Built.(2017-01-27 01:54:33)
Internal flat feature annotation compiled!
> Init InsertSize Utility
> Init NVC utility
> Init CigarOpDistribution Utility
> Init QualityScoreDistribution Utility
> Init GC counts Utility
> Init JunctionCalcs utility
length of knownSpliceMap after instantiation: 374703
length of knownCountMap after instantiation: 374703
> Init StrandCheck Utility
> Init chromCount Utility
QC Utilities Generated!
[Time: 2017-01-27 01:54:39] [Mem usage: [3487MB / 6GB]] [Elapsed Time: 00:03:53.0582]
.....
NOTE: Unmatched Read Buffer Size > 100000 [Mem usage:[3191MB / 8GB]]
    (This is generally not a problem, but if this increases further then OutOfMemoryExceptions
    may occur.
    If memory errors do occur, either increase memory allocation or sort the bam-file by name
    and rerun with the '--nameSorted' option.
    This might also indicate that your dataset contains an unusually large number of
    chimeric read-pairs. Or it could occur simply due to the presence of genomic
    loci with extremly high coverage. It may also indicate a SAM/BAM file that 
    does not adhere to the standard SAM specification.)
.....[1000000 Read-Pairs processed] [Time: 2017-01-27 01:56:34] 
..........[2000000 Read-Pairs processed] [Time: 2017-01-27 01:58:02] 
..........[3000000 Read-Pairs processed] [Time: 2017-01-27 01:59:54] 
..........[4000000 Read-Pairs processed] [Time: 2017-01-27 02:01:28] 
..........[5000000 Read-Pairs processed] [Time: 2017-01-27 02:03:14] 
..........[6000000 Read-Pairs processed] [Time: 2017-01-27 02:04:59] 
..........[7000000 Read-Pairs processed] [Time: 2017-01-27 02:06:43] 
..........[8000000 Read-Pairs processed] [Time: 2017-01-27 02:08:34] 
..........[9000000 Read-Pairs processed] [Time: 2017-01-27 02:10:26] 
..........[10000000 Read-Pairs processed] [Time: 2017-01-27 02:12:19] 
..........[11000000 Read-Pairs processed] [Time: 2017-01-27 02:14:07] 
..........[12000000 Read-Pairs processed] [Time: 2017-01-27 02:15:54] 
..........[13000000 Read-Pairs processed] [Time: 2017-01-27 02:17:23] 
..........[14000000 Read-Pairs processed] [Time: 2017-01-27 02:19:13] 
..........[15000000 Read-Pairs processed] [Time: 2017-01-27 02:20:14] 
..........[16000000 Read-Pairs processed] [Time: 2017-01-27 02:22:05] 
..........[17000000 Read-Pairs processed] [Time: 2017-01-27 02:23:21] 
..........[18000000 Read-Pairs processed] [Time: 2017-01-27 02:25:05] 
..........[19000000 Read-Pairs processed] [Time: 2017-01-27 02:26:55] 
..........[20000000 Read-Pairs processed] [Time: 2017-01-27 02:28:48] 
..........[21000000 Read-Pairs processed] [Time: 2017-01-27 02:30:37] 
..........[22000000 Read-Pairs processed] [Time: 2017-01-27 02:32:00] 
..........[23000000 Read-Pairs processed] [Time: 2017-01-27 02:33:55] 
..........[24000000 Read-Pairs processed] [Time: 2017-01-27 02:35:51] 
..........[25000000 Read-Pairs processed] [Time: 2017-01-27 02:37:32] 
..........[26000000 Read-Pairs processed] [Time: 2017-01-27 02:39:11] 
..........[27000000 Read-Pairs processed] [Time: 2017-01-27 02:41:04] 
..........[28000000 Read-Pairs processed] [Time: 2017-01-27 02:42:59] 
..........[29000000 Read-Pairs processed] [Time: 2017-01-27 02:44:45] 
..........[30000000 Read-Pairs processed] [Time: 2017-01-27 02:46:40] 
..........[31000000 Read-Pairs processed] [Time: 2017-01-27 02:48:20] 
..........[32000000 Read-Pairs processed] [Time: 2017-01-27 02:50:07] 
..........[33000000 Read-Pairs processed] [Time: 2017-01-27 02:51:46] 
..........[34000000 Read-Pairs processed] [Time: 2017-01-27 02:53:37] 
..........[35000000 Read-Pairs processed] [Time: 2017-01-27 02:55:26] 
..........[36000000 Read-Pairs processed] [Time: 2017-01-27 02:57:16] 
..........[37000000 Read-Pairs processed] [Time: 2017-01-27 02:59:03] 
....
Finished reading SAM. Read: 37405087 reads/read-pairs.
Finished reading SAM. Used: 33166543 reads/read-pairs.
[Time: 2017-01-27 02:59:38] [Mem usage: [7GB / 15GB]] [Elapsed Time: 01:08:52.0867]
> Read Stats:
>   READ_PAIR_OK                   33166543
>   TOTAL_READ_PAIRS               37405087
>   DROPPED_NOT_PROPER_PAIR        0
>   DROPPED_READ_FAILS_VENDOR_QC   0
>   DROPPED_MARKED_NOT_VALID       0
>   DROPPED_CHROMS_MISMATCH        0
>   DROPPED_PAIR_STRANDS_MISMATCH  0
>   DROPPED_IGNORED_CHROMOSOME     0
>   DROPPED_NOT_UNIQUE_ALIGNMENT   4238544
Writing Output...
DEBUG NOTE: IncludeGenesSet.size: 58199
DEBUG NOTE: sortedReadCountSeq.size: 20179
DEBUG NOTE: coverageThresholds: 10089;15134;18161;20179
DEBUG NOTE: coverageSpans: [(0,10089);(10089,15134);(15134,18161);(18161,20179)]
DEBUG NOTE:	[1.bottomHalf][0.5] = [0,10089]
DEBUG NOTE:	[2.upperMidQuartile][0.75] = [10089,15134]
DEBUG NOTE:	[3.75to90][0.9] = [15134,18161]
DEBUG NOTE:	[4.high][1.0] = [18161,20179]
      (DEBUG) Generating Biotype Map [2017-01-27 02:59:48]
      (DEBUG) Extracted gene BioType using key "gene_biotype".
              Found 44 types: [TR_V_gene,unprocessed_pseudogene,protein_coding,IG_V_gene,TR_J_gene,Mt_tRNA,rRNA,TR_C_gene,TEC,vaultRNA,translated_processed_pseudogene,miRNA,scaRNA,TR_D_gene,snRNA,TR_V_pseudogene,snoRNA,transcribed_processed_pseudogene,IG_J_pseudogene,processed_transcript,TR_J_pseudogene,IG_V_pseudogene,3prime_overlapping_ncrna,IG_J_gene,processed_pseudogene,transcribed_unitary_pseudogene,IG_C_pseudogene,sense_overlapping,transcribed_unprocessed_pseudogene,lincRNA,translated_unprocessed_pseudogene,IG_C_gene,misc_RNA,ribozyme,IG_D_gene,polymorphic_pseudogene,antisense,Mt_rRNA,unitary_pseudogene,pseudogene,sRNA,non_coding,macro_lncRNA,sense_intronic]
      (DEBUG) Finished Biotype Map [2017-01-27 03:02:04]
length of knownCountMap after run: 374703
QoRTs QC complete with no problems.
Done.
Time spent on setup:           00:03:53.0582
Time spent on SAM iteration:   01:04:59.0285
                               (1.7372859828753595 minutes per million read-pairs)
                               (1.9593037879568378 minutes per million read-pairs used)
Time spent on file output:     00:02:34.0128
Total runtime:                 01:11:26.0995
Done. (Fri Jan 27 03:02:13 EST 2017)
