Starting QoRTs v1.1.8 (Compiled Wed Jul 13 13:35:56 EDT 2016)
Starting time: (Fri Jan 27 10:38:05 EST 2017)
INPUT_COMMAND(QC)
  INPUT_ARG(infile)=/mnt/mobydisk/pan/genomics/data/alee/nolan/projects/breast-mets/rna-seq/bone/BM08-DECAL/BM08-DECAL-star-2.4.2a-counts-ensemblv80/BM08-DECAL.star.sorted.bam
  INPUT_ARG(gtffile)=/mnt/mobydisk/pan/genomics/data/alee/nolan/apps/star/reference-files/Homo_sapiens.GRCh38.80.gtf
  INPUT_ARG(outdir)=/mnt/mobydisk/pan/genomics/data/alee/nolan/projects/breast-mets/rna-seq/bone/BM08-DECAL/BM08-DECAL-qorts-v1.1.8
  INPUT_ARG(stranded)=true
Created Log File: /mnt/mobydisk/pan/genomics/data/alee/nolan/projects/breast-mets/rna-seq/bone/BM08-DECAL/BM08-DECAL-qorts-v1.1.8/QC.fostgFBLKjzV.log
Starting QC
[Time: 2017-01-27 10:38:05] [Mem usage: [75MB / 2058MB]] [Elapsed Time: 00:00:00.0000]
QoRTs is Running in paired-end mode.
QoRTs is Running in any-sorted mode.
Running functions: NVC, GCDistribution, GeneCalcs, QualityScoreDistribution, 
        writeJunctionSeqCounts, writeKnownSplices, 
        writeNovelSplices, writeClippedNVC, CigarOpDistribution, 
        InsertSize, chromCounts, writeSpliceExon, 
        writeGenewiseGeneBody, JunctionCalcs, writeGeneCounts, 
        writeBiotypeCounts, writeDESeq, writeDEXSeq, writeGeneBody, 
        StrandCheck
Pre-alignment read count unknown (Set --seqReadCt or --rawfastq)
Checking first 10000 reads. Checking SAM file for formatting errors...
   Sorting Note: Reads are not sorted by name (This is OK).
   Sorting Note: Reads are sorted by position (This is OK).
Done checking first 10000 reads. No major problems detected.
SAMRecord Reader Generated. Read length: 75.
[Time: 2017-01-27 10:38:06] [Mem usage: [131MB / 2058MB]] [Elapsed Time: 00:00:01.0835]
Compiling flat feature annotation, internally in memory...
Internal flat feature annotation compiled!
QC Utilities Generated!
[Time: 2017-01-27 10:42:06] [Mem usage: [3495MB / 6GB]] [Elapsed Time: 00:04:00.0908]
..........[1000000 Read-Pairs processed] [Time: 2017-01-27 10:43:50] 
.....
NOTE: Unmatched Read Buffer Size > 100000 [Mem usage:[3647MB / 7GB]]
    (This is generally not a problem, but if this increases further then OutOfMemoryExceptions
    may occur.
    If memory errors do occur, either increase memory allocation or sort the bam-file by name
    and rerun with the '--nameSorted' option.
    This might also indicate that your dataset contains an unusually large number of
    chimeric read-pairs. Or it could occur simply due to the presence of genomic
    loci with extremly high coverage. It may also indicate a SAM/BAM file that 
    does not adhere to the standard SAM specification.)
NOTE: Unmatched Read Buffer Size > 200000 [Mem usage:[3898MB / 7GB]]
NOTE: Unmatched Read Buffer Size > 400000 [Mem usage:[4317MB / 7GB]]
NOTE: Unmatched Read Buffer Size > 800000 [Mem usage:[5GB / 7GB]]
.....[2000000 Read-Pairs processed] [Time: 2017-01-27 10:45:56] 
..........[3000000 Read-Pairs processed] [Time: 2017-01-27 10:47:46] 
..........[4000000 Read-Pairs processed] [Time: 2017-01-27 10:49:44] 
..........[5000000 Read-Pairs processed] [Time: 2017-01-27 10:51:46] 
..........[6000000 Read-Pairs processed] [Time: 2017-01-27 10:53:45] 
..........[7000000 Read-Pairs processed] [Time: 2017-01-27 10:55:36] 
..........[8000000 Read-Pairs processed] [Time: 2017-01-27 10:57:32] 
..........[9000000 Read-Pairs processed] [Time: 2017-01-27 10:58:39] 
..........[10000000 Read-Pairs processed] [Time: 2017-01-27 11:00:10] 
..........[11000000 Read-Pairs processed] [Time: 2017-01-27 11:02:04] 
..........[12000000 Read-Pairs processed] [Time: 2017-01-27 11:04:05] 
..........[13000000 Read-Pairs processed] [Time: 2017-01-27 11:06:01] 
..........[14000000 Read-Pairs processed] [Time: 2017-01-27 11:07:54] 
..........[15000000 Read-Pairs processed] [Time: 2017-01-27 11:09:54] 
..........[16000000 Read-Pairs processed] [Time: 2017-01-27 11:11:31] 
..........[17000000 Read-Pairs processed] [Time: 2017-01-27 11:13:29] 
..........[18000000 Read-Pairs processed] [Time: 2017-01-27 11:15:28] 
..........[19000000 Read-Pairs processed] [Time: 2017-01-27 11:17:22] 
..........[20000000 Read-Pairs processed] [Time: 2017-01-27 11:19:22] 
..........[21000000 Read-Pairs processed] [Time: 2017-01-27 11:21:21] 
..........[22000000 Read-Pairs processed] [Time: 2017-01-27 11:22:39] 
..........[23000000 Read-Pairs processed] [Time: 2017-01-27 11:24:22] 
..........[24000000 Read-Pairs processed] [Time: 2017-01-27 11:26:09] 
..........[25000000 Read-Pairs processed] [Time: 2017-01-27 11:27:58] 
..........[26000000 Read-Pairs processed] [Time: 2017-01-27 11:29:52] 
..........[27000000 Read-Pairs processed] [Time: 2017-01-27 11:31:50] 
..........[28000000 Read-Pairs processed] [Time: 2017-01-27 11:33:50] 
..........[29000000 Read-Pairs processed] [Time: 2017-01-27 11:35:46] 
..........[30000000 Read-Pairs processed] [Time: 2017-01-27 11:37:45] 
..........[31000000 Read-Pairs processed] [Time: 2017-01-27 11:39:39] 
..........[32000000 Read-Pairs processed] [Time: 2017-01-27 11:41:49] 
..........[33000000 Read-Pairs processed] [Time: 2017-01-27 11:43:46] 
..........[34000000 Read-Pairs processed] [Time: 2017-01-27 11:45:40] 
..........[35000000 Read-Pairs processed] [Time: 2017-01-27 11:47:28] 
..........[36000000 Read-Pairs processed] [Time: 2017-01-27 11:49:22] 
..........[37000000 Read-Pairs processed] [Time: 2017-01-27 11:51:23] 
..........[38000000 Read-Pairs processed] [Time: 2017-01-27 11:53:22] 
..........[39000000 Read-Pairs processed] [Time: 2017-01-27 11:55:23] 
..........[40000000 Read-Pairs processed] [Time: 2017-01-27 11:57:23] 
..........[41000000 Read-Pairs processed] [Time: 2017-01-27 11:58:53] 
..........[42000000 Read-Pairs processed] [Time: 2017-01-27 12:00:52] 
..........[43000000 Read-Pairs processed] [Time: 2017-01-27 12:02:52] 
..........[44000000 Read-Pairs processed] [Time: 2017-01-27 12:04:40] 
..........[45000000 Read-Pairs processed] [Time: 2017-01-27 12:06:28] 
..........[46000000 Read-Pairs processed] [Time: 2017-01-27 12:07:29] 
..........[47000000 Read-Pairs processed] [Time: 2017-01-27 12:08:23] 
..........[48000000 Read-Pairs processed] [Time: 2017-01-27 12:09:25] 
..........[49000000 Read-Pairs processed] [Time: 2017-01-27 12:11:09] 
..........[50000000 Read-Pairs processed] [Time: 2017-01-27 12:13:02] 
..........[51000000 Read-Pairs processed] [Time: 2017-01-27 12:13:42] 
..........[52000000 Read-Pairs processed] [Time: 2017-01-27 12:14:12] 
..........[53000000 Read-Pairs processed] [Time: 2017-01-27 12:15:54] 
..........[54000000 Read-Pairs processed] [Time: 2017-01-27 12:17:43] 
..........[55000000 Read-Pairs processed] [Time: 2017-01-27 12:19:41] 
..........[56000000 Read-Pairs processed] [Time: 2017-01-27 12:21:35] 
..........[57000000 Read-Pairs processed] [Time: 2017-01-27 12:23:31] 
..........[58000000 Read-Pairs processed] [Time: 2017-01-27 12:25:27] 
..........[59000000 Read-Pairs processed] [Time: 2017-01-27 12:27:24] 
..........[60000000 Read-Pairs processed] [Time: 2017-01-27 12:29:21] 
..........[61000000 Read-Pairs processed] [Time: 2017-01-27 12:31:18] 
..........[62000000 Read-Pairs processed] [Time: 2017-01-27 12:33:15] 
..........[63000000 Read-Pairs processed] [Time: 2017-01-27 12:35:10] 
..........[64000000 Read-Pairs processed] [Time: 2017-01-27 12:36:58] 
..........[65000000 Read-Pairs processed] [Time: 2017-01-27 12:39:00] 
..........[66000000 Read-Pairs processed] [Time: 2017-01-27 12:41:03] 
..........[67000000 Read-Pairs processed] [Time: 2017-01-27 12:42:39] 
..........[68000000 Read-Pairs processed] [Time: 2017-01-27 12:44:18] 
..........[69000000 Read-Pairs processed] [Time: 2017-01-27 12:45:53] 
..........[70000000 Read-Pairs processed] [Time: 2017-01-27 12:47:50] 
..........[71000000 Read-Pairs processed] [Time: 2017-01-27 12:49:49] 
..........[72000000 Read-Pairs processed] [Time: 2017-01-27 12:51:54] 
..........[73000000 Read-Pairs processed] [Time: 2017-01-27 12:53:56] 
..........[74000000 Read-Pairs processed] [Time: 2017-01-27 12:55:54] 
..........[75000000 Read-Pairs processed] [Time: 2017-01-27 12:57:53] 
..........[76000000 Read-Pairs processed] [Time: 2017-01-27 12:59:56] 
..........[77000000 Read-Pairs processed] [Time: 2017-01-27 13:00:53] 
..........[78000000 Read-Pairs processed] [Time: 2017-01-27 13:02:50] 
..........[79000000 Read-Pairs processed] [Time: 2017-01-27 13:04:33] 
..........[80000000 Read-Pairs processed] [Time: 2017-01-27 13:06:29] 
..........[81000000 Read-Pairs processed] [Time: 2017-01-27 13:08:24] 
..........[82000000 Read-Pairs processed] [Time: 2017-01-27 13:10:24] 
..........[83000000 Read-Pairs processed] [Time: 2017-01-27 13:12:25] 
..........[84000000 Read-Pairs processed] [Time: 2017-01-27 13:14:24] 
..........[85000000 Read-Pairs processed] [Time: 2017-01-27 13:16:22] 
..........[86000000 Read-Pairs processed] [Time: 2017-01-27 13:18:20] 
..........[87000000 Read-Pairs processed] [Time: 2017-01-27 13:20:18] 
..........[88000000 Read-Pairs processed] [Time: 2017-01-27 13:22:18] 
..........[89000000 Read-Pairs processed] [Time: 2017-01-27 13:24:14] 
..........[90000000 Read-Pairs processed] [Time: 2017-01-27 13:26:07] 
..........[91000000 Read-Pairs processed] [Time: 2017-01-27 13:27:34] 
..........[92000000 Read-Pairs processed] [Time: 2017-01-27 13:29:32] 
..........[93000000 Read-Pairs processed] [Time: 2017-01-27 13:31:30] 
..........[94000000 Read-Pairs processed] [Time: 2017-01-27 13:33:23] 
..........[95000000 Read-Pairs processed] [Time: 2017-01-27 13:35:25] 
..........[96000000 Read-Pairs processed] [Time: 2017-01-27 13:36:57] 
..........[97000000 Read-Pairs processed] [Time: 2017-01-27 13:38:05] 
..........[98000000 Read-Pairs processed] [Time: 2017-01-27 13:39:57] 
..........[99000000 Read-Pairs processed] [Time: 2017-01-27 13:41:49] 
..........[100000000 Read-Pairs processed] [Time: 2017-01-27 13:43:48] 
..........[101000000 Read-Pairs processed] [Time: 2017-01-27 13:45:46] 
..........[102000000 Read-Pairs processed] [Time: 2017-01-27 13:47:25] 
..........[103000000 Read-Pairs processed] [Time: 2017-01-27 13:49:07] 
..........[104000000 Read-Pairs processed] [Time: 2017-01-27 13:50:16] 
..........[105000000 Read-Pairs processed] [Time: 2017-01-27 13:52:13] 
..........[106000000 Read-Pairs processed] [Time: 2017-01-27 13:53:47] 
..........[107000000 Read-Pairs processed] [Time: 2017-01-27 13:55:38] 
..........[108000000 Read-Pairs processed] [Time: 2017-01-27 13:57:34] 
..........[109000000 Read-Pairs processed] [Time: 2017-01-27 13:59:36] 
..........[110000000 Read-Pairs processed] [Time: 2017-01-27 14:01:32] 
..........[111000000 Read-Pairs processed] [Time: 2017-01-27 14:03:31] 
..........[112000000 Read-Pairs processed] [Time: 2017-01-27 14:05:21] 
..........[113000000 Read-Pairs processed] [Time: 2017-01-27 14:06:58] 
..........[114000000 Read-Pairs processed] [Time: 2017-01-27 14:08:57] 
..........[115000000 Read-Pairs processed] [Time: 2017-01-27 14:10:25] 
..........[116000000 Read-Pairs processed] [Time: 2017-01-27 14:12:18] 
..........[117000000 Read-Pairs processed] [Time: 2017-01-27 14:14:06] 
..........[118000000 Read-Pairs processed] [Time: 2017-01-27 14:15:59] 
..........[119000000 Read-Pairs processed] [Time: 2017-01-27 14:17:58] 
..........[120000000 Read-Pairs processed] [Time: 2017-01-27 14:19:50] 
..........[121000000 Read-Pairs processed] [Time: 2017-01-27 14:21:33] 
..........[122000000 Read-Pairs processed] [Time: 2017-01-27 14:23:18] 
..........[123000000 Read-Pairs processed] [Time: 2017-01-27 14:24:56] 
....
Finished reading SAM. Read: 123441084 reads/read-pairs.
Finished reading SAM. Used: 108477302 reads/read-pairs.
[Time: 2017-01-27 14:25:15] [Mem usage: [7GB / 18GB]] [Elapsed Time: 03:47:10.0109]
> Read Stats:
>   READ_PAIR_OK                   108477302
>   TOTAL_READ_PAIRS               123441084
>   DROPPED_NOT_PROPER_PAIR        0
>   DROPPED_READ_FAILS_VENDOR_QC   0
>   DROPPED_MARKED_NOT_VALID       0
>   DROPPED_CHROMS_MISMATCH        0
>   DROPPED_PAIR_STRANDS_MISMATCH  0
>   DROPPED_IGNORED_CHROMOSOME     0
>   DROPPED_NOT_UNIQUE_ALIGNMENT   14963782
Writing Output...
QoRTs QC complete with no problems.
Done.
Time spent on setup:           00:04:00.0908
Time spent on SAM iteration:   03:43:09.0201
                               (1.807744980593333 minutes per million read-pairs)
                               (2.057112371766031 minutes per million read-pairs used)
Time spent on file output:     00:02:51.0980
Total runtime:                 03:50:02.0089
Done. (Fri Jan 27 14:28:07 EST 2017)
